2022-06-04 18:42:49,983 - INFO - preprocess.py - <module> - 180 - {'output_dir': 'output/checkpoint/', 'bert_dir': 'model/biobert/', 'data_dir': 'input/data/', 'log_dir': 'output/logs/', 'num_tags': 4, 'seed': 123, 'gpu_ids': '0', 'max_seq_len': 128, 'eval_batch_size': 2, 'swa_start': 3, 'train_epochs': 100, 'dropout_prob': 0.8, 'lr': 1e-05, 'other_lr': 0.0001, 'max_grad_norm': 1, 'warmup_proportion': 0.1, 'weight_decay': 0.01, 'adam_epsilon': 1e-12, 'train_batch_size': 2, 'eval_model': True}
2022-06-04 18:42:49,988 - INFO - preprocess.py - get_out - 151 - ==========================
2022-06-04 18:42:49,988 - INFO - preprocess.py - get_out - 152 - example_text : Halothane is known to oppose <e1start> digitalis <e1end>-induced <e2start> ventricular arrhythmias <e2end>. 
2022-06-04 18:42:49,988 - INFO - preprocess.py - get_out - 153 - example_id_label : 0
2022-06-04 18:42:49,988 - INFO - preprocess.py - get_out - 154 - example_id_tags : [29, 56, 65, 106]
2022-06-04 18:42:49,988 - INFO - preprocess.py - get_out - 155 - ==========================
2022-06-04 18:42:49,988 - INFO - preprocess.py - get_out - 151 - ==========================
2022-06-04 18:42:49,989 - INFO - preprocess.py - get_out - 152 - example_text : Both cases proved to be <e1start> cotton <e1end>-material-induced <e2start> granulomas <e2end>. 
2022-06-04 18:42:49,989 - INFO - preprocess.py - get_out - 153 - example_id_label : 0
2022-06-04 18:42:49,989 - INFO - preprocess.py - get_out - 154 - example_id_tags : [24, 48, 66, 94]
2022-06-04 18:42:49,989 - INFO - preprocess.py - get_out - 155 - ==========================
2022-06-04 18:42:49,989 - INFO - preprocess.py - get_out - 151 - ==========================
2022-06-04 18:42:49,989 - INFO - preprocess.py - get_out - 152 - example_text : The evidence for <e1start> soybean <e1end> products as <e2start> cancer <e2end> preventive agents.  
2022-06-04 18:42:49,989 - INFO - preprocess.py - get_out - 153 - example_id_label : 1
2022-06-04 18:42:49,989 - INFO - preprocess.py - get_out - 154 - example_id_tags : [17, 42, 55, 79]
2022-06-04 18:42:49,990 - INFO - preprocess.py - get_out - 155 - ==========================
2022-06-04 18:42:49,990 - INFO - preprocess.py - get_out - 151 - ==========================
2022-06-04 18:42:49,990 - INFO - preprocess.py - get_out - 152 - example_text : [Mortality trends in <e2start> cancer <e2end> attributable to <e1start> tobacco <e1end> in Mexico].  
2022-06-04 18:42:49,990 - INFO - preprocess.py - get_out - 153 - example_id_label : 0
2022-06-04 18:42:49,990 - INFO - preprocess.py - get_out - 154 - example_id_tags : [62, 87, 21, 45]
2022-06-04 18:42:49,990 - INFO - preprocess.py - get_out - 155 - ==========================
2022-06-04 18:42:50,019 - INFO - preprocess.py - convert_examples_to_features - 120 - Convert 46 examples to features
2022-06-04 18:42:50,019 - INFO - preprocess.py - convert_bert_example - 95 - *** train_example-0 ***
2022-06-04 18:42:50,020 - INFO - preprocess.py - convert_bert_example - 96 - text: [CLS] H a l o t h a n e [UNK] i s [UNK] k n o w n [UNK] t o [UNK] o p p o s e [UNK] < e 1 s t a r t > [UNK] d i g i t a l i s [UNK] < e 1 e n d > - i n d u c e d [UNK] < e 2 s t a r t > [UNK] v e n t r i c u l a r [UNK] a r r h y t h m i a s [UNK] < e 2 e n d >. [UNK] [SEP]
2022-06-04 18:42:50,020 - INFO - preprocess.py - convert_bert_example - 97 - token_ids: [101, 145, 170, 181, 184, 189, 177, 170, 183, 174, 100, 178, 188, 100, 180, 183, 184, 192, 183, 100, 189, 184, 100, 184, 185, 185, 184, 188, 174, 100, 133, 174, 122, 188, 189, 170, 187, 189, 135, 100, 173, 178, 176, 178, 189, 170, 181, 178, 188, 100, 133, 174, 122, 174, 183, 173, 135, 118, 178, 183, 173, 190, 172, 174, 173, 100, 133, 174, 123, 188, 189, 170, 187, 189, 135, 100, 191, 174, 183, 189, 187, 178, 172, 190, 181, 170, 187, 100, 170, 187, 187, 177, 194, 189, 177, 182, 178, 170, 188, 100, 133, 174, 123, 174, 183, 173, 135, 119, 100, 102, 0, 0, 0, 0, 0, 0, 0, 0, 0, 0, 0, 0, 0, 0, 0, 0, 0, 0]
2022-06-04 18:42:50,020 - INFO - preprocess.py - convert_bert_example - 98 - attention_masks: [1, 1, 1, 1, 1, 1, 1, 1, 1, 1, 1, 1, 1, 1, 1, 1, 1, 1, 1, 1, 1, 1, 1, 1, 1, 1, 1, 1, 1, 1, 1, 1, 1, 1, 1, 1, 1, 1, 1, 1, 1, 1, 1, 1, 1, 1, 1, 1, 1, 1, 1, 1, 1, 1, 1, 1, 1, 1, 1, 1, 1, 1, 1, 1, 1, 1, 1, 1, 1, 1, 1, 1, 1, 1, 1, 1, 1, 1, 1, 1, 1, 1, 1, 1, 1, 1, 1, 1, 1, 1, 1, 1, 1, 1, 1, 1, 1, 1, 1, 1, 1, 1, 1, 1, 1, 1, 1, 1, 1, 1, 0, 0, 0, 0, 0, 0, 0, 0, 0, 0, 0, 0, 0, 0, 0, 0, 0, 0]
2022-06-04 18:42:50,020 - INFO - preprocess.py - convert_bert_example - 99 - token_type_ids: [0, 0, 0, 0, 0, 0, 0, 0, 0, 0, 0, 0, 0, 0, 0, 0, 0, 0, 0, 0, 0, 0, 0, 0, 0, 0, 0, 0, 0, 0, 0, 0, 0, 0, 0, 0, 0, 0, 0, 0, 0, 0, 0, 0, 0, 0, 0, 0, 0, 0, 0, 0, 0, 0, 0, 0, 0, 0, 0, 0, 0, 0, 0, 0, 0, 0, 0, 0, 0, 0, 0, 0, 0, 0, 0, 0, 0, 0, 0, 0, 0, 0, 0, 0, 0, 0, 0, 0, 0, 0, 0, 0, 0, 0, 0, 0, 0, 0, 0, 0, 0, 0, 0, 0, 0, 0, 0, 0, 0, 0, 0, 0, 0, 0, 0, 0, 0, 0, 0, 0, 0, 0, 0, 0, 0, 0, 0, 0]
2022-06-04 18:42:50,020 - INFO - preprocess.py - convert_bert_example - 100 - labels: 0
2022-06-04 18:42:50,021 - INFO - preprocess.py - convert_bert_example - 101 - ids: [30, 57, 66, 107]
2022-06-04 18:42:50,021 - INFO - preprocess.py - convert_bert_example - 95 - *** train_example-1 ***
2022-06-04 18:42:50,021 - INFO - preprocess.py - convert_bert_example - 96 - text: [CLS] B o t h [UNK] c a s e s [UNK] p r o v e d [UNK] t o [UNK] b e [UNK] < e 1 s t a r t > [UNK] c o t t o n [UNK] < e 1 e n d > - m a t e r i a l - i n d u c e d [UNK] < e 2 s t a r t > [UNK] g r a n u l o m a s [UNK] < e 2 e n d >. [UNK] [SEP]
2022-06-04 18:42:50,022 - INFO - preprocess.py - convert_bert_example - 97 - token_ids: [101, 139, 184, 189, 177, 100, 172, 170, 188, 174, 188, 100, 185, 187, 184, 191, 174, 173, 100, 189, 184, 100, 171, 174, 100, 133, 174, 122, 188, 189, 170, 187, 189, 135, 100, 172, 184, 189, 189, 184, 183, 100, 133, 174, 122, 174, 183, 173, 135, 118, 182, 170, 189, 174, 187, 178, 170, 181, 118, 178, 183, 173, 190, 172, 174, 173, 100, 133, 174, 123, 188, 189, 170, 187, 189, 135, 100, 176, 187, 170, 183, 190, 181, 184, 182, 170, 188, 100, 133, 174, 123, 174, 183, 173, 135, 119, 100, 102, 0, 0, 0, 0, 0, 0, 0, 0, 0, 0, 0, 0, 0, 0, 0, 0, 0, 0, 0, 0, 0, 0, 0, 0, 0, 0, 0, 0, 0, 0]
2022-06-04 18:42:50,022 - INFO - preprocess.py - convert_bert_example - 98 - attention_masks: [1, 1, 1, 1, 1, 1, 1, 1, 1, 1, 1, 1, 1, 1, 1, 1, 1, 1, 1, 1, 1, 1, 1, 1, 1, 1, 1, 1, 1, 1, 1, 1, 1, 1, 1, 1, 1, 1, 1, 1, 1, 1, 1, 1, 1, 1, 1, 1, 1, 1, 1, 1, 1, 1, 1, 1, 1, 1, 1, 1, 1, 1, 1, 1, 1, 1, 1, 1, 1, 1, 1, 1, 1, 1, 1, 1, 1, 1, 1, 1, 1, 1, 1, 1, 1, 1, 1, 1, 1, 1, 1, 1, 1, 1, 1, 1, 1, 1, 0, 0, 0, 0, 0, 0, 0, 0, 0, 0, 0, 0, 0, 0, 0, 0, 0, 0, 0, 0, 0, 0, 0, 0, 0, 0, 0, 0, 0, 0]
2022-06-04 18:42:50,022 - INFO - preprocess.py - convert_bert_example - 99 - token_type_ids: [0, 0, 0, 0, 0, 0, 0, 0, 0, 0, 0, 0, 0, 0, 0, 0, 0, 0, 0, 0, 0, 0, 0, 0, 0, 0, 0, 0, 0, 0, 0, 0, 0, 0, 0, 0, 0, 0, 0, 0, 0, 0, 0, 0, 0, 0, 0, 0, 0, 0, 0, 0, 0, 0, 0, 0, 0, 0, 0, 0, 0, 0, 0, 0, 0, 0, 0, 0, 0, 0, 0, 0, 0, 0, 0, 0, 0, 0, 0, 0, 0, 0, 0, 0, 0, 0, 0, 0, 0, 0, 0, 0, 0, 0, 0, 0, 0, 0, 0, 0, 0, 0, 0, 0, 0, 0, 0, 0, 0, 0, 0, 0, 0, 0, 0, 0, 0, 0, 0, 0, 0, 0, 0, 0, 0, 0, 0, 0]
2022-06-04 18:42:50,022 - INFO - preprocess.py - convert_bert_example - 100 - labels: 0
2022-06-04 18:42:50,022 - INFO - preprocess.py - convert_bert_example - 101 - ids: [25, 49, 67, 95]
2022-06-04 18:42:50,023 - INFO - preprocess.py - convert_bert_example - 95 - *** train_example-2 ***
2022-06-04 18:42:50,023 - INFO - preprocess.py - convert_bert_example - 96 - text: [CLS] T h e [UNK] e v i d e n c e [UNK] f o r [UNK] < e 1 s t a r t > [UNK] s o y b e a n [UNK] < e 1 e n d > [UNK] p r o d u c t s [UNK] a s [UNK] < e 2 s t a r t > [UNK] c a n c e r [UNK] < e 2 e n d > [UNK] p r e v e n t i v e [UNK] a g e n t s. [UNK] [UNK] [SEP]
2022-06-04 18:42:50,023 - INFO - preprocess.py - convert_bert_example - 97 - token_ids: [101, 157, 177, 174, 100, 174, 191, 178, 173, 174, 183, 172, 174, 100, 175, 184, 187, 100, 133, 174, 122, 188, 189, 170, 187, 189, 135, 100, 188, 184, 194, 171, 174, 170, 183, 100, 133, 174, 122, 174, 183, 173, 135, 100, 185, 187, 184, 173, 190, 172, 189, 188, 100, 170, 188, 100, 133, 174, 123, 188, 189, 170, 187, 189, 135, 100, 172, 170, 183, 172, 174, 187, 100, 133, 174, 123, 174, 183, 173, 135, 100, 185, 187, 174, 191, 174, 183, 189, 178, 191, 174, 100, 170, 176, 174, 183, 189, 188, 119, 100, 100, 102, 0, 0, 0, 0, 0, 0, 0, 0, 0, 0, 0, 0, 0, 0, 0, 0, 0, 0, 0, 0, 0, 0, 0, 0, 0, 0]
2022-06-04 18:42:50,024 - INFO - preprocess.py - convert_bert_example - 98 - attention_masks: [1, 1, 1, 1, 1, 1, 1, 1, 1, 1, 1, 1, 1, 1, 1, 1, 1, 1, 1, 1, 1, 1, 1, 1, 1, 1, 1, 1, 1, 1, 1, 1, 1, 1, 1, 1, 1, 1, 1, 1, 1, 1, 1, 1, 1, 1, 1, 1, 1, 1, 1, 1, 1, 1, 1, 1, 1, 1, 1, 1, 1, 1, 1, 1, 1, 1, 1, 1, 1, 1, 1, 1, 1, 1, 1, 1, 1, 1, 1, 1, 1, 1, 1, 1, 1, 1, 1, 1, 1, 1, 1, 1, 1, 1, 1, 1, 1, 1, 1, 1, 1, 1, 0, 0, 0, 0, 0, 0, 0, 0, 0, 0, 0, 0, 0, 0, 0, 0, 0, 0, 0, 0, 0, 0, 0, 0, 0, 0]
2022-06-04 18:42:50,024 - INFO - preprocess.py - convert_bert_example - 99 - token_type_ids: [0, 0, 0, 0, 0, 0, 0, 0, 0, 0, 0, 0, 0, 0, 0, 0, 0, 0, 0, 0, 0, 0, 0, 0, 0, 0, 0, 0, 0, 0, 0, 0, 0, 0, 0, 0, 0, 0, 0, 0, 0, 0, 0, 0, 0, 0, 0, 0, 0, 0, 0, 0, 0, 0, 0, 0, 0, 0, 0, 0, 0, 0, 0, 0, 0, 0, 0, 0, 0, 0, 0, 0, 0, 0, 0, 0, 0, 0, 0, 0, 0, 0, 0, 0, 0, 0, 0, 0, 0, 0, 0, 0, 0, 0, 0, 0, 0, 0, 0, 0, 0, 0, 0, 0, 0, 0, 0, 0, 0, 0, 0, 0, 0, 0, 0, 0, 0, 0, 0, 0, 0, 0, 0, 0, 0, 0, 0, 0]
2022-06-04 18:42:50,024 - INFO - preprocess.py - convert_bert_example - 100 - labels: 1
2022-06-04 18:42:50,024 - INFO - preprocess.py - convert_bert_example - 101 - ids: [18, 43, 56, 80]
2022-06-04 18:42:50,025 - INFO - preprocess.py - convert_bert_example - 95 - *** train_example-3 ***
2022-06-04 18:42:50,025 - INFO - preprocess.py - convert_bert_example - 96 - text: [CLS] [ M o r t a l i t y [UNK] t r e n d s [UNK] i n [UNK] < e 2 s t a r t > [UNK] c a n c e r [UNK] < e 2 e n d > [UNK] a t t r i b u t a b l e [UNK] t o [UNK] < e 1 s t a r t > [UNK] t o b a c c o [UNK] < e 1 e n d > [UNK] i n [UNK] M e x i c o ]. [UNK] [UNK] [SEP]
2022-06-04 18:42:50,025 - INFO - preprocess.py - convert_bert_example - 97 - token_ids: [101, 164, 150, 184, 187, 189, 170, 181, 178, 189, 194, 100, 189, 187, 174, 183, 173, 188, 100, 178, 183, 100, 133, 174, 123, 188, 189, 170, 187, 189, 135, 100, 172, 170, 183, 172, 174, 187, 100, 133, 174, 123, 174, 183, 173, 135, 100, 170, 189, 189, 187, 178, 171, 190, 189, 170, 171, 181, 174, 100, 189, 184, 100, 133, 174, 122, 188, 189, 170, 187, 189, 135, 100, 189, 184, 171, 170, 172, 172, 184, 100, 133, 174, 122, 174, 183, 173, 135, 100, 178, 183, 100, 150, 174, 193, 178, 172, 184, 166, 119, 100, 100, 102, 0, 0, 0, 0, 0, 0, 0, 0, 0, 0, 0, 0, 0, 0, 0, 0, 0, 0, 0, 0, 0, 0, 0, 0, 0]
2022-06-04 18:42:50,025 - INFO - preprocess.py - convert_bert_example - 98 - attention_masks: [1, 1, 1, 1, 1, 1, 1, 1, 1, 1, 1, 1, 1, 1, 1, 1, 1, 1, 1, 1, 1, 1, 1, 1, 1, 1, 1, 1, 1, 1, 1, 1, 1, 1, 1, 1, 1, 1, 1, 1, 1, 1, 1, 1, 1, 1, 1, 1, 1, 1, 1, 1, 1, 1, 1, 1, 1, 1, 1, 1, 1, 1, 1, 1, 1, 1, 1, 1, 1, 1, 1, 1, 1, 1, 1, 1, 1, 1, 1, 1, 1, 1, 1, 1, 1, 1, 1, 1, 1, 1, 1, 1, 1, 1, 1, 1, 1, 1, 1, 1, 1, 1, 1, 0, 0, 0, 0, 0, 0, 0, 0, 0, 0, 0, 0, 0, 0, 0, 0, 0, 0, 0, 0, 0, 0, 0, 0, 0]
2022-06-04 18:42:50,026 - INFO - preprocess.py - convert_bert_example - 99 - token_type_ids: [0, 0, 0, 0, 0, 0, 0, 0, 0, 0, 0, 0, 0, 0, 0, 0, 0, 0, 0, 0, 0, 0, 0, 0, 0, 0, 0, 0, 0, 0, 0, 0, 0, 0, 0, 0, 0, 0, 0, 0, 0, 0, 0, 0, 0, 0, 0, 0, 0, 0, 0, 0, 0, 0, 0, 0, 0, 0, 0, 0, 0, 0, 0, 0, 0, 0, 0, 0, 0, 0, 0, 0, 0, 0, 0, 0, 0, 0, 0, 0, 0, 0, 0, 0, 0, 0, 0, 0, 0, 0, 0, 0, 0, 0, 0, 0, 0, 0, 0, 0, 0, 0, 0, 0, 0, 0, 0, 0, 0, 0, 0, 0, 0, 0, 0, 0, 0, 0, 0, 0, 0, 0, 0, 0, 0, 0, 0, 0]
2022-06-04 18:42:50,026 - INFO - preprocess.py - convert_bert_example - 100 - labels: 0
2022-06-04 18:42:50,026 - INFO - preprocess.py - convert_bert_example - 101 - ids: [63, 88, 22, 46]
2022-06-04 18:42:50,032 - INFO - preprocess.py - convert_examples_to_features - 134 - Build 46 features
2022-06-04 18:42:50,039 - INFO - preprocess.py - get_out - 151 - ==========================
2022-06-04 18:42:50,040 - INFO - preprocess.py - get_out - 152 - example_text : Its effect on <e1start> digitalis <e1end>-caused <e2start> atrial arrhythmias <e2end> is unknown. 
2022-06-04 18:42:50,040 - INFO - preprocess.py - get_out - 153 - example_id_label : 0
2022-06-04 18:42:50,040 - INFO - preprocess.py - get_out - 154 - example_id_tags : [14, 41, 49, 85]
2022-06-04 18:42:50,040 - INFO - preprocess.py - get_out - 155 - ==========================
2022-06-04 18:42:50,040 - INFO - preprocess.py - get_out - 151 - ==========================
2022-06-04 18:42:50,040 - INFO - preprocess.py - get_out - 152 - example_text : However, the growth rate of <e2start> tumors <e2end> was not markedly inhibited by <e1start> garlic <e1end>. 
2022-06-04 18:42:50,041 - INFO - preprocess.py - get_out - 153 - example_id_label : 2
2022-06-04 18:42:50,041 - INFO - preprocess.py - get_out - 154 - example_id_tags : [83, 107, 28, 52]
2022-06-04 18:42:50,041 - INFO - preprocess.py - get_out - 155 - ==========================
2022-06-04 18:42:50,041 - INFO - preprocess.py - get_out - 151 - ==========================
2022-06-04 18:42:50,041 - INFO - preprocess.py - get_out - 152 - example_text : <e1start> Tobacco <e1end>-related <e2start> cancers <e2end> in Madras, India.  
2022-06-04 18:42:50,041 - INFO - preprocess.py - get_out - 153 - example_id_label : 0
2022-06-04 18:42:50,041 - INFO - preprocess.py - get_out - 154 - example_id_tags : [0, 25, 34, 59]
2022-06-04 18:42:50,041 - INFO - preprocess.py - get_out - 155 - ==========================
2022-06-04 18:42:50,042 - INFO - preprocess.py - get_out - 151 - ==========================
2022-06-04 18:42:50,042 - INFO - preprocess.py - get_out - 152 - example_text : The importance of the <e1start> pecan <e1end> tree pollen in <e2start> allergic <e2end> manifestations.  
2022-06-04 18:42:50,042 - INFO - preprocess.py - get_out - 153 - example_id_label : 0
2022-06-04 18:42:50,042 - INFO - preprocess.py - get_out - 154 - example_id_tags : [22, 45, 61, 87]
2022-06-04 18:42:50,042 - INFO - preprocess.py - get_out - 155 - ==========================
2022-06-04 18:42:50,067 - INFO - preprocess.py - convert_examples_to_features - 120 - Convert 11 examples to features
2022-06-04 18:42:50,067 - INFO - preprocess.py - convert_bert_example - 95 - *** dev_example-0 ***
2022-06-04 18:42:50,068 - INFO - preprocess.py - convert_bert_example - 96 - text: [CLS] I t s [UNK] e f f e c t [UNK] o n [UNK] < e 1 s t a r t > [UNK] d i g i t a l i s [UNK] < e 1 e n d > - c a u s e d [UNK] < e 2 s t a r t > [UNK] a t r i a l [UNK] a r r h y t h m i a s [UNK] < e 2 e n d > [UNK] i s [UNK] u n k n o w n. [UNK] [SEP]
2022-06-04 18:42:50,068 - INFO - preprocess.py - convert_bert_example - 97 - token_ids: [101, 146, 189, 188, 100, 174, 175, 175, 174, 172, 189, 100, 184, 183, 100, 133, 174, 122, 188, 189, 170, 187, 189, 135, 100, 173, 178, 176, 178, 189, 170, 181, 178, 188, 100, 133, 174, 122, 174, 183, 173, 135, 118, 172, 170, 190, 188, 174, 173, 100, 133, 174, 123, 188, 189, 170, 187, 189, 135, 100, 170, 189, 187, 178, 170, 181, 100, 170, 187, 187, 177, 194, 189, 177, 182, 178, 170, 188, 100, 133, 174, 123, 174, 183, 173, 135, 100, 178, 188, 100, 190, 183, 180, 183, 184, 192, 183, 119, 100, 102, 0, 0, 0, 0, 0, 0, 0, 0, 0, 0, 0, 0, 0, 0, 0, 0, 0, 0, 0, 0, 0, 0, 0, 0, 0, 0, 0, 0]
2022-06-04 18:42:50,068 - INFO - preprocess.py - convert_bert_example - 98 - attention_masks: [1, 1, 1, 1, 1, 1, 1, 1, 1, 1, 1, 1, 1, 1, 1, 1, 1, 1, 1, 1, 1, 1, 1, 1, 1, 1, 1, 1, 1, 1, 1, 1, 1, 1, 1, 1, 1, 1, 1, 1, 1, 1, 1, 1, 1, 1, 1, 1, 1, 1, 1, 1, 1, 1, 1, 1, 1, 1, 1, 1, 1, 1, 1, 1, 1, 1, 1, 1, 1, 1, 1, 1, 1, 1, 1, 1, 1, 1, 1, 1, 1, 1, 1, 1, 1, 1, 1, 1, 1, 1, 1, 1, 1, 1, 1, 1, 1, 1, 1, 1, 0, 0, 0, 0, 0, 0, 0, 0, 0, 0, 0, 0, 0, 0, 0, 0, 0, 0, 0, 0, 0, 0, 0, 0, 0, 0, 0, 0]
2022-06-04 18:42:50,068 - INFO - preprocess.py - convert_bert_example - 99 - token_type_ids: [0, 0, 0, 0, 0, 0, 0, 0, 0, 0, 0, 0, 0, 0, 0, 0, 0, 0, 0, 0, 0, 0, 0, 0, 0, 0, 0, 0, 0, 0, 0, 0, 0, 0, 0, 0, 0, 0, 0, 0, 0, 0, 0, 0, 0, 0, 0, 0, 0, 0, 0, 0, 0, 0, 0, 0, 0, 0, 0, 0, 0, 0, 0, 0, 0, 0, 0, 0, 0, 0, 0, 0, 0, 0, 0, 0, 0, 0, 0, 0, 0, 0, 0, 0, 0, 0, 0, 0, 0, 0, 0, 0, 0, 0, 0, 0, 0, 0, 0, 0, 0, 0, 0, 0, 0, 0, 0, 0, 0, 0, 0, 0, 0, 0, 0, 0, 0, 0, 0, 0, 0, 0, 0, 0, 0, 0, 0, 0]
2022-06-04 18:42:50,068 - INFO - preprocess.py - convert_bert_example - 100 - labels: 0
2022-06-04 18:42:50,068 - INFO - preprocess.py - convert_bert_example - 101 - ids: [15, 42, 50, 86]
2022-06-04 18:42:50,069 - INFO - preprocess.py - convert_bert_example - 95 - *** dev_example-1 ***
2022-06-04 18:42:50,069 - INFO - preprocess.py - convert_bert_example - 96 - text: [CLS] H o w e v e r, [UNK] t h e [UNK] g r o w t h [UNK] r a t e [UNK] o f [UNK] < e 2 s t a r t > [UNK] t u m o r s [UNK] < e 2 e n d > [UNK] w a s [UNK] n o t [UNK] m a r k e d l y [UNK] i n h i b i t e d [UNK] b y [UNK] < e 1 s t a r t > [UNK] g a r l i c [UNK] < e 1 e n d >. [UNK] [SEP]
2022-06-04 18:42:50,069 - INFO - preprocess.py - convert_bert_example - 97 - token_ids: [101, 145, 184, 192, 174, 191, 174, 187, 117, 100, 189, 177, 174, 100, 176, 187, 184, 192, 189, 177, 100, 187, 170, 189, 174, 100, 184, 175, 100, 133, 174, 123, 188, 189, 170, 187, 189, 135, 100, 189, 190, 182, 184, 187, 188, 100, 133, 174, 123, 174, 183, 173, 135, 100, 192, 170, 188, 100, 183, 184, 189, 100, 182, 170, 187, 180, 174, 173, 181, 194, 100, 178, 183, 177, 178, 171, 178, 189, 174, 173, 100, 171, 194, 100, 133, 174, 122, 188, 189, 170, 187, 189, 135, 100, 176, 170, 187, 181, 178, 172, 100, 133, 174, 122, 174, 183, 173, 135, 119, 100, 102, 0, 0, 0, 0, 0, 0, 0, 0, 0, 0, 0, 0, 0, 0, 0, 0, 0]
2022-06-04 18:42:50,070 - INFO - preprocess.py - convert_bert_example - 98 - attention_masks: [1, 1, 1, 1, 1, 1, 1, 1, 1, 1, 1, 1, 1, 1, 1, 1, 1, 1, 1, 1, 1, 1, 1, 1, 1, 1, 1, 1, 1, 1, 1, 1, 1, 1, 1, 1, 1, 1, 1, 1, 1, 1, 1, 1, 1, 1, 1, 1, 1, 1, 1, 1, 1, 1, 1, 1, 1, 1, 1, 1, 1, 1, 1, 1, 1, 1, 1, 1, 1, 1, 1, 1, 1, 1, 1, 1, 1, 1, 1, 1, 1, 1, 1, 1, 1, 1, 1, 1, 1, 1, 1, 1, 1, 1, 1, 1, 1, 1, 1, 1, 1, 1, 1, 1, 1, 1, 1, 1, 1, 1, 1, 0, 0, 0, 0, 0, 0, 0, 0, 0, 0, 0, 0, 0, 0, 0, 0, 0]
2022-06-04 18:42:50,070 - INFO - preprocess.py - convert_bert_example - 99 - token_type_ids: [0, 0, 0, 0, 0, 0, 0, 0, 0, 0, 0, 0, 0, 0, 0, 0, 0, 0, 0, 0, 0, 0, 0, 0, 0, 0, 0, 0, 0, 0, 0, 0, 0, 0, 0, 0, 0, 0, 0, 0, 0, 0, 0, 0, 0, 0, 0, 0, 0, 0, 0, 0, 0, 0, 0, 0, 0, 0, 0, 0, 0, 0, 0, 0, 0, 0, 0, 0, 0, 0, 0, 0, 0, 0, 0, 0, 0, 0, 0, 0, 0, 0, 0, 0, 0, 0, 0, 0, 0, 0, 0, 0, 0, 0, 0, 0, 0, 0, 0, 0, 0, 0, 0, 0, 0, 0, 0, 0, 0, 0, 0, 0, 0, 0, 0, 0, 0, 0, 0, 0, 0, 0, 0, 0, 0, 0, 0, 0]
2022-06-04 18:42:50,070 - INFO - preprocess.py - convert_bert_example - 100 - labels: 2
2022-06-04 18:42:50,070 - INFO - preprocess.py - convert_bert_example - 101 - ids: [84, 108, 29, 53]
2022-06-04 18:42:50,071 - INFO - preprocess.py - convert_bert_example - 95 - *** dev_example-2 ***
2022-06-04 18:42:50,071 - INFO - preprocess.py - convert_bert_example - 96 - text: [CLS] < e 1 s t a r t > [UNK] T o b a c c o [UNK] < e 1 e n d > - r e l a t e d [UNK] < e 2 s t a r t > [UNK] c a n c e r s [UNK] < e 2 e n d > [UNK] i n [UNK] M a d r a s, [UNK] I n d i a. [UNK] [UNK] [SEP]
2022-06-04 18:42:50,071 - INFO - preprocess.py - convert_bert_example - 97 - token_ids: [101, 133, 174, 122, 188, 189, 170, 187, 189, 135, 100, 157, 184, 171, 170, 172, 172, 184, 100, 133, 174, 122, 174, 183, 173, 135, 118, 187, 174, 181, 170, 189, 174, 173, 100, 133, 174, 123, 188, 189, 170, 187, 189, 135, 100, 172, 170, 183, 172, 174, 187, 188, 100, 133, 174, 123, 174, 183, 173, 135, 100, 178, 183, 100, 150, 170, 173, 187, 170, 188, 117, 100, 146, 183, 173, 178, 170, 119, 100, 100, 102, 0, 0, 0, 0, 0, 0, 0, 0, 0, 0, 0, 0, 0, 0, 0, 0, 0, 0, 0, 0, 0, 0, 0, 0, 0, 0, 0, 0, 0, 0, 0, 0, 0, 0, 0, 0, 0, 0, 0, 0, 0, 0, 0, 0, 0, 0, 0]
2022-06-04 18:42:50,071 - INFO - preprocess.py - convert_bert_example - 98 - attention_masks: [1, 1, 1, 1, 1, 1, 1, 1, 1, 1, 1, 1, 1, 1, 1, 1, 1, 1, 1, 1, 1, 1, 1, 1, 1, 1, 1, 1, 1, 1, 1, 1, 1, 1, 1, 1, 1, 1, 1, 1, 1, 1, 1, 1, 1, 1, 1, 1, 1, 1, 1, 1, 1, 1, 1, 1, 1, 1, 1, 1, 1, 1, 1, 1, 1, 1, 1, 1, 1, 1, 1, 1, 1, 1, 1, 1, 1, 1, 1, 1, 1, 0, 0, 0, 0, 0, 0, 0, 0, 0, 0, 0, 0, 0, 0, 0, 0, 0, 0, 0, 0, 0, 0, 0, 0, 0, 0, 0, 0, 0, 0, 0, 0, 0, 0, 0, 0, 0, 0, 0, 0, 0, 0, 0, 0, 0, 0, 0]
2022-06-04 18:42:50,071 - INFO - preprocess.py - convert_bert_example - 99 - token_type_ids: [0, 0, 0, 0, 0, 0, 0, 0, 0, 0, 0, 0, 0, 0, 0, 0, 0, 0, 0, 0, 0, 0, 0, 0, 0, 0, 0, 0, 0, 0, 0, 0, 0, 0, 0, 0, 0, 0, 0, 0, 0, 0, 0, 0, 0, 0, 0, 0, 0, 0, 0, 0, 0, 0, 0, 0, 0, 0, 0, 0, 0, 0, 0, 0, 0, 0, 0, 0, 0, 0, 0, 0, 0, 0, 0, 0, 0, 0, 0, 0, 0, 0, 0, 0, 0, 0, 0, 0, 0, 0, 0, 0, 0, 0, 0, 0, 0, 0, 0, 0, 0, 0, 0, 0, 0, 0, 0, 0, 0, 0, 0, 0, 0, 0, 0, 0, 0, 0, 0, 0, 0, 0, 0, 0, 0, 0, 0, 0]
2022-06-04 18:42:50,071 - INFO - preprocess.py - convert_bert_example - 100 - labels: 0
2022-06-04 18:42:50,072 - INFO - preprocess.py - convert_bert_example - 101 - ids: [1, 26, 35, 60]
2022-06-04 18:42:50,072 - INFO - preprocess.py - convert_bert_example - 95 - *** dev_example-3 ***
2022-06-04 18:42:50,072 - INFO - preprocess.py - convert_bert_example - 96 - text: [CLS] T h e [UNK] i m p o r t a n c e [UNK] o f [UNK] t h e [UNK] < e 1 s t a r t > [UNK] p e c a n [UNK] < e 1 e n d > [UNK] t r e e [UNK] p o l l e n [UNK] i n [UNK] < e 2 s t a r t > [UNK] a l l e r g i c [UNK] < e 2 e n d > [UNK] m a n i f e s t a t i o n s. [UNK] [UNK] [SEP]
2022-06-04 18:42:50,072 - INFO - preprocess.py - convert_bert_example - 97 - token_ids: [101, 157, 177, 174, 100, 178, 182, 185, 184, 187, 189, 170, 183, 172, 174, 100, 184, 175, 100, 189, 177, 174, 100, 133, 174, 122, 188, 189, 170, 187, 189, 135, 100, 185, 174, 172, 170, 183, 100, 133, 174, 122, 174, 183, 173, 135, 100, 189, 187, 174, 174, 100, 185, 184, 181, 181, 174, 183, 100, 178, 183, 100, 133, 174, 123, 188, 189, 170, 187, 189, 135, 100, 170, 181, 181, 174, 187, 176, 178, 172, 100, 133, 174, 123, 174, 183, 173, 135, 100, 182, 170, 183, 178, 175, 174, 188, 189, 170, 189, 178, 184, 183, 188, 119, 100, 100, 102, 0, 0, 0, 0, 0, 0, 0, 0, 0, 0, 0, 0, 0, 0, 0, 0, 0, 0, 0, 0, 0]
2022-06-04 18:42:50,073 - INFO - preprocess.py - convert_bert_example - 98 - attention_masks: [1, 1, 1, 1, 1, 1, 1, 1, 1, 1, 1, 1, 1, 1, 1, 1, 1, 1, 1, 1, 1, 1, 1, 1, 1, 1, 1, 1, 1, 1, 1, 1, 1, 1, 1, 1, 1, 1, 1, 1, 1, 1, 1, 1, 1, 1, 1, 1, 1, 1, 1, 1, 1, 1, 1, 1, 1, 1, 1, 1, 1, 1, 1, 1, 1, 1, 1, 1, 1, 1, 1, 1, 1, 1, 1, 1, 1, 1, 1, 1, 1, 1, 1, 1, 1, 1, 1, 1, 1, 1, 1, 1, 1, 1, 1, 1, 1, 1, 1, 1, 1, 1, 1, 1, 1, 1, 1, 0, 0, 0, 0, 0, 0, 0, 0, 0, 0, 0, 0, 0, 0, 0, 0, 0, 0, 0, 0, 0]
2022-06-04 18:42:50,073 - INFO - preprocess.py - convert_bert_example - 99 - token_type_ids: [0, 0, 0, 0, 0, 0, 0, 0, 0, 0, 0, 0, 0, 0, 0, 0, 0, 0, 0, 0, 0, 0, 0, 0, 0, 0, 0, 0, 0, 0, 0, 0, 0, 0, 0, 0, 0, 0, 0, 0, 0, 0, 0, 0, 0, 0, 0, 0, 0, 0, 0, 0, 0, 0, 0, 0, 0, 0, 0, 0, 0, 0, 0, 0, 0, 0, 0, 0, 0, 0, 0, 0, 0, 0, 0, 0, 0, 0, 0, 0, 0, 0, 0, 0, 0, 0, 0, 0, 0, 0, 0, 0, 0, 0, 0, 0, 0, 0, 0, 0, 0, 0, 0, 0, 0, 0, 0, 0, 0, 0, 0, 0, 0, 0, 0, 0, 0, 0, 0, 0, 0, 0, 0, 0, 0, 0, 0, 0]
2022-06-04 18:42:50,073 - INFO - preprocess.py - convert_bert_example - 100 - labels: 0
2022-06-04 18:42:50,073 - INFO - preprocess.py - convert_bert_example - 101 - ids: [23, 46, 62, 88]
2022-06-04 18:42:50,074 - INFO - preprocess.py - convert_examples_to_features - 134 - Build 11 features
2022-06-04 18:42:50,081 - INFO - preprocess.py - get_out - 151 - ==========================
2022-06-04 18:42:50,082 - INFO - preprocess.py - get_out - 152 - example_text : Its effect on <e1start> digitalis <e1end>-caused <e2start> atrial arrhythmias <e2end> is unknown. 
2022-06-04 18:42:50,082 - INFO - preprocess.py - get_out - 153 - example_id_label : 0
2022-06-04 18:42:50,082 - INFO - preprocess.py - get_out - 154 - example_id_tags : [14, 41, 49, 85]
2022-06-04 18:42:50,082 - INFO - preprocess.py - get_out - 155 - ==========================
2022-06-04 18:42:50,082 - INFO - preprocess.py - get_out - 151 - ==========================
2022-06-04 18:42:50,082 - INFO - preprocess.py - get_out - 152 - example_text : However, the growth rate of <e2start> tumors <e2end> was not markedly inhibited by <e1start> garlic <e1end>. 
2022-06-04 18:42:50,082 - INFO - preprocess.py - get_out - 153 - example_id_label : 2
2022-06-04 18:42:50,083 - INFO - preprocess.py - get_out - 154 - example_id_tags : [83, 107, 28, 52]
2022-06-04 18:42:50,083 - INFO - preprocess.py - get_out - 155 - ==========================
2022-06-04 18:42:50,083 - INFO - preprocess.py - get_out - 151 - ==========================
2022-06-04 18:42:50,083 - INFO - preprocess.py - get_out - 152 - example_text : <e1start> Tobacco <e1end>-related <e2start> cancers <e2end> in Madras, India.  
2022-06-04 18:42:50,083 - INFO - preprocess.py - get_out - 153 - example_id_label : 0
2022-06-04 18:42:50,083 - INFO - preprocess.py - get_out - 154 - example_id_tags : [0, 25, 34, 59]
2022-06-04 18:42:50,083 - INFO - preprocess.py - get_out - 155 - ==========================
2022-06-04 18:42:50,083 - INFO - preprocess.py - get_out - 151 - ==========================
2022-06-04 18:42:50,084 - INFO - preprocess.py - get_out - 152 - example_text : The importance of the <e1start> pecan <e1end> tree pollen in <e2start> allergic <e2end> manifestations.  
2022-06-04 18:42:50,084 - INFO - preprocess.py - get_out - 153 - example_id_label : 0
2022-06-04 18:42:50,084 - INFO - preprocess.py - get_out - 154 - example_id_tags : [22, 45, 61, 87]
2022-06-04 18:42:50,084 - INFO - preprocess.py - get_out - 155 - ==========================
2022-06-04 18:42:50,110 - INFO - preprocess.py - convert_examples_to_features - 120 - Convert 11 examples to features
2022-06-04 18:42:50,110 - INFO - preprocess.py - convert_bert_example - 95 - *** test_example-0 ***
2022-06-04 18:42:50,111 - INFO - preprocess.py - convert_bert_example - 96 - text: [CLS] I t s [UNK] e f f e c t [UNK] o n [UNK] < e 1 s t a r t > [UNK] d i g i t a l i s [UNK] < e 1 e n d > - c a u s e d [UNK] < e 2 s t a r t > [UNK] a t r i a l [UNK] a r r h y t h m i a s [UNK] < e 2 e n d > [UNK] i s [UNK] u n k n o w n. [UNK] [SEP]
2022-06-04 18:42:50,111 - INFO - preprocess.py - convert_bert_example - 97 - token_ids: [101, 146, 189, 188, 100, 174, 175, 175, 174, 172, 189, 100, 184, 183, 100, 133, 174, 122, 188, 189, 170, 187, 189, 135, 100, 173, 178, 176, 178, 189, 170, 181, 178, 188, 100, 133, 174, 122, 174, 183, 173, 135, 118, 172, 170, 190, 188, 174, 173, 100, 133, 174, 123, 188, 189, 170, 187, 189, 135, 100, 170, 189, 187, 178, 170, 181, 100, 170, 187, 187, 177, 194, 189, 177, 182, 178, 170, 188, 100, 133, 174, 123, 174, 183, 173, 135, 100, 178, 188, 100, 190, 183, 180, 183, 184, 192, 183, 119, 100, 102, 0, 0, 0, 0, 0, 0, 0, 0, 0, 0, 0, 0, 0, 0, 0, 0, 0, 0, 0, 0, 0, 0, 0, 0, 0, 0, 0, 0]
2022-06-04 18:42:50,111 - INFO - preprocess.py - convert_bert_example - 98 - attention_masks: [1, 1, 1, 1, 1, 1, 1, 1, 1, 1, 1, 1, 1, 1, 1, 1, 1, 1, 1, 1, 1, 1, 1, 1, 1, 1, 1, 1, 1, 1, 1, 1, 1, 1, 1, 1, 1, 1, 1, 1, 1, 1, 1, 1, 1, 1, 1, 1, 1, 1, 1, 1, 1, 1, 1, 1, 1, 1, 1, 1, 1, 1, 1, 1, 1, 1, 1, 1, 1, 1, 1, 1, 1, 1, 1, 1, 1, 1, 1, 1, 1, 1, 1, 1, 1, 1, 1, 1, 1, 1, 1, 1, 1, 1, 1, 1, 1, 1, 1, 1, 0, 0, 0, 0, 0, 0, 0, 0, 0, 0, 0, 0, 0, 0, 0, 0, 0, 0, 0, 0, 0, 0, 0, 0, 0, 0, 0, 0]
2022-06-04 18:42:50,111 - INFO - preprocess.py - convert_bert_example - 99 - token_type_ids: [0, 0, 0, 0, 0, 0, 0, 0, 0, 0, 0, 0, 0, 0, 0, 0, 0, 0, 0, 0, 0, 0, 0, 0, 0, 0, 0, 0, 0, 0, 0, 0, 0, 0, 0, 0, 0, 0, 0, 0, 0, 0, 0, 0, 0, 0, 0, 0, 0, 0, 0, 0, 0, 0, 0, 0, 0, 0, 0, 0, 0, 0, 0, 0, 0, 0, 0, 0, 0, 0, 0, 0, 0, 0, 0, 0, 0, 0, 0, 0, 0, 0, 0, 0, 0, 0, 0, 0, 0, 0, 0, 0, 0, 0, 0, 0, 0, 0, 0, 0, 0, 0, 0, 0, 0, 0, 0, 0, 0, 0, 0, 0, 0, 0, 0, 0, 0, 0, 0, 0, 0, 0, 0, 0, 0, 0, 0, 0]
2022-06-04 18:42:50,111 - INFO - preprocess.py - convert_bert_example - 100 - labels: 0
2022-06-04 18:42:50,111 - INFO - preprocess.py - convert_bert_example - 101 - ids: [15, 42, 50, 86]
2022-06-04 18:42:50,112 - INFO - preprocess.py - convert_bert_example - 95 - *** test_example-1 ***
2022-06-04 18:42:50,112 - INFO - preprocess.py - convert_bert_example - 96 - text: [CLS] H o w e v e r, [UNK] t h e [UNK] g r o w t h [UNK] r a t e [UNK] o f [UNK] < e 2 s t a r t > [UNK] t u m o r s [UNK] < e 2 e n d > [UNK] w a s [UNK] n o t [UNK] m a r k e d l y [UNK] i n h i b i t e d [UNK] b y [UNK] < e 1 s t a r t > [UNK] g a r l i c [UNK] < e 1 e n d >. [UNK] [SEP]
2022-06-04 18:42:50,112 - INFO - preprocess.py - convert_bert_example - 97 - token_ids: [101, 145, 184, 192, 174, 191, 174, 187, 117, 100, 189, 177, 174, 100, 176, 187, 184, 192, 189, 177, 100, 187, 170, 189, 174, 100, 184, 175, 100, 133, 174, 123, 188, 189, 170, 187, 189, 135, 100, 189, 190, 182, 184, 187, 188, 100, 133, 174, 123, 174, 183, 173, 135, 100, 192, 170, 188, 100, 183, 184, 189, 100, 182, 170, 187, 180, 174, 173, 181, 194, 100, 178, 183, 177, 178, 171, 178, 189, 174, 173, 100, 171, 194, 100, 133, 174, 122, 188, 189, 170, 187, 189, 135, 100, 176, 170, 187, 181, 178, 172, 100, 133, 174, 122, 174, 183, 173, 135, 119, 100, 102, 0, 0, 0, 0, 0, 0, 0, 0, 0, 0, 0, 0, 0, 0, 0, 0, 0]
2022-06-04 18:42:50,113 - INFO - preprocess.py - convert_bert_example - 98 - attention_masks: [1, 1, 1, 1, 1, 1, 1, 1, 1, 1, 1, 1, 1, 1, 1, 1, 1, 1, 1, 1, 1, 1, 1, 1, 1, 1, 1, 1, 1, 1, 1, 1, 1, 1, 1, 1, 1, 1, 1, 1, 1, 1, 1, 1, 1, 1, 1, 1, 1, 1, 1, 1, 1, 1, 1, 1, 1, 1, 1, 1, 1, 1, 1, 1, 1, 1, 1, 1, 1, 1, 1, 1, 1, 1, 1, 1, 1, 1, 1, 1, 1, 1, 1, 1, 1, 1, 1, 1, 1, 1, 1, 1, 1, 1, 1, 1, 1, 1, 1, 1, 1, 1, 1, 1, 1, 1, 1, 1, 1, 1, 1, 0, 0, 0, 0, 0, 0, 0, 0, 0, 0, 0, 0, 0, 0, 0, 0, 0]
2022-06-04 18:42:50,113 - INFO - preprocess.py - convert_bert_example - 99 - token_type_ids: [0, 0, 0, 0, 0, 0, 0, 0, 0, 0, 0, 0, 0, 0, 0, 0, 0, 0, 0, 0, 0, 0, 0, 0, 0, 0, 0, 0, 0, 0, 0, 0, 0, 0, 0, 0, 0, 0, 0, 0, 0, 0, 0, 0, 0, 0, 0, 0, 0, 0, 0, 0, 0, 0, 0, 0, 0, 0, 0, 0, 0, 0, 0, 0, 0, 0, 0, 0, 0, 0, 0, 0, 0, 0, 0, 0, 0, 0, 0, 0, 0, 0, 0, 0, 0, 0, 0, 0, 0, 0, 0, 0, 0, 0, 0, 0, 0, 0, 0, 0, 0, 0, 0, 0, 0, 0, 0, 0, 0, 0, 0, 0, 0, 0, 0, 0, 0, 0, 0, 0, 0, 0, 0, 0, 0, 0, 0, 0]
2022-06-04 18:42:50,113 - INFO - preprocess.py - convert_bert_example - 100 - labels: 2
2022-06-04 18:42:50,113 - INFO - preprocess.py - convert_bert_example - 101 - ids: [84, 108, 29, 53]
2022-06-04 18:42:50,114 - INFO - preprocess.py - convert_bert_example - 95 - *** test_example-2 ***
2022-06-04 18:42:50,114 - INFO - preprocess.py - convert_bert_example - 96 - text: [CLS] < e 1 s t a r t > [UNK] T o b a c c o [UNK] < e 1 e n d > - r e l a t e d [UNK] < e 2 s t a r t > [UNK] c a n c e r s [UNK] < e 2 e n d > [UNK] i n [UNK] M a d r a s, [UNK] I n d i a. [UNK] [UNK] [SEP]
2022-06-04 18:42:50,114 - INFO - preprocess.py - convert_bert_example - 97 - token_ids: [101, 133, 174, 122, 188, 189, 170, 187, 189, 135, 100, 157, 184, 171, 170, 172, 172, 184, 100, 133, 174, 122, 174, 183, 173, 135, 118, 187, 174, 181, 170, 189, 174, 173, 100, 133, 174, 123, 188, 189, 170, 187, 189, 135, 100, 172, 170, 183, 172, 174, 187, 188, 100, 133, 174, 123, 174, 183, 173, 135, 100, 178, 183, 100, 150, 170, 173, 187, 170, 188, 117, 100, 146, 183, 173, 178, 170, 119, 100, 100, 102, 0, 0, 0, 0, 0, 0, 0, 0, 0, 0, 0, 0, 0, 0, 0, 0, 0, 0, 0, 0, 0, 0, 0, 0, 0, 0, 0, 0, 0, 0, 0, 0, 0, 0, 0, 0, 0, 0, 0, 0, 0, 0, 0, 0, 0, 0, 0]
2022-06-04 18:42:50,114 - INFO - preprocess.py - convert_bert_example - 98 - attention_masks: [1, 1, 1, 1, 1, 1, 1, 1, 1, 1, 1, 1, 1, 1, 1, 1, 1, 1, 1, 1, 1, 1, 1, 1, 1, 1, 1, 1, 1, 1, 1, 1, 1, 1, 1, 1, 1, 1, 1, 1, 1, 1, 1, 1, 1, 1, 1, 1, 1, 1, 1, 1, 1, 1, 1, 1, 1, 1, 1, 1, 1, 1, 1, 1, 1, 1, 1, 1, 1, 1, 1, 1, 1, 1, 1, 1, 1, 1, 1, 1, 1, 0, 0, 0, 0, 0, 0, 0, 0, 0, 0, 0, 0, 0, 0, 0, 0, 0, 0, 0, 0, 0, 0, 0, 0, 0, 0, 0, 0, 0, 0, 0, 0, 0, 0, 0, 0, 0, 0, 0, 0, 0, 0, 0, 0, 0, 0, 0]
2022-06-04 18:42:50,114 - INFO - preprocess.py - convert_bert_example - 99 - token_type_ids: [0, 0, 0, 0, 0, 0, 0, 0, 0, 0, 0, 0, 0, 0, 0, 0, 0, 0, 0, 0, 0, 0, 0, 0, 0, 0, 0, 0, 0, 0, 0, 0, 0, 0, 0, 0, 0, 0, 0, 0, 0, 0, 0, 0, 0, 0, 0, 0, 0, 0, 0, 0, 0, 0, 0, 0, 0, 0, 0, 0, 0, 0, 0, 0, 0, 0, 0, 0, 0, 0, 0, 0, 0, 0, 0, 0, 0, 0, 0, 0, 0, 0, 0, 0, 0, 0, 0, 0, 0, 0, 0, 0, 0, 0, 0, 0, 0, 0, 0, 0, 0, 0, 0, 0, 0, 0, 0, 0, 0, 0, 0, 0, 0, 0, 0, 0, 0, 0, 0, 0, 0, 0, 0, 0, 0, 0, 0, 0]
2022-06-04 18:42:50,114 - INFO - preprocess.py - convert_bert_example - 100 - labels: 0
2022-06-04 18:42:50,115 - INFO - preprocess.py - convert_bert_example - 101 - ids: [1, 26, 35, 60]
2022-06-04 18:42:50,115 - INFO - preprocess.py - convert_bert_example - 95 - *** test_example-3 ***
2022-06-04 18:42:50,115 - INFO - preprocess.py - convert_bert_example - 96 - text: [CLS] T h e [UNK] i m p o r t a n c e [UNK] o f [UNK] t h e [UNK] < e 1 s t a r t > [UNK] p e c a n [UNK] < e 1 e n d > [UNK] t r e e [UNK] p o l l e n [UNK] i n [UNK] < e 2 s t a r t > [UNK] a l l e r g i c [UNK] < e 2 e n d > [UNK] m a n i f e s t a t i o n s. [UNK] [UNK] [SEP]
2022-06-04 18:42:50,116 - INFO - preprocess.py - convert_bert_example - 97 - token_ids: [101, 157, 177, 174, 100, 178, 182, 185, 184, 187, 189, 170, 183, 172, 174, 100, 184, 175, 100, 189, 177, 174, 100, 133, 174, 122, 188, 189, 170, 187, 189, 135, 100, 185, 174, 172, 170, 183, 100, 133, 174, 122, 174, 183, 173, 135, 100, 189, 187, 174, 174, 100, 185, 184, 181, 181, 174, 183, 100, 178, 183, 100, 133, 174, 123, 188, 189, 170, 187, 189, 135, 100, 170, 181, 181, 174, 187, 176, 178, 172, 100, 133, 174, 123, 174, 183, 173, 135, 100, 182, 170, 183, 178, 175, 174, 188, 189, 170, 189, 178, 184, 183, 188, 119, 100, 100, 102, 0, 0, 0, 0, 0, 0, 0, 0, 0, 0, 0, 0, 0, 0, 0, 0, 0, 0, 0, 0, 0]
2022-06-04 18:42:50,116 - INFO - preprocess.py - convert_bert_example - 98 - attention_masks: [1, 1, 1, 1, 1, 1, 1, 1, 1, 1, 1, 1, 1, 1, 1, 1, 1, 1, 1, 1, 1, 1, 1, 1, 1, 1, 1, 1, 1, 1, 1, 1, 1, 1, 1, 1, 1, 1, 1, 1, 1, 1, 1, 1, 1, 1, 1, 1, 1, 1, 1, 1, 1, 1, 1, 1, 1, 1, 1, 1, 1, 1, 1, 1, 1, 1, 1, 1, 1, 1, 1, 1, 1, 1, 1, 1, 1, 1, 1, 1, 1, 1, 1, 1, 1, 1, 1, 1, 1, 1, 1, 1, 1, 1, 1, 1, 1, 1, 1, 1, 1, 1, 1, 1, 1, 1, 1, 0, 0, 0, 0, 0, 0, 0, 0, 0, 0, 0, 0, 0, 0, 0, 0, 0, 0, 0, 0, 0]
2022-06-04 18:42:50,116 - INFO - preprocess.py - convert_bert_example - 99 - token_type_ids: [0, 0, 0, 0, 0, 0, 0, 0, 0, 0, 0, 0, 0, 0, 0, 0, 0, 0, 0, 0, 0, 0, 0, 0, 0, 0, 0, 0, 0, 0, 0, 0, 0, 0, 0, 0, 0, 0, 0, 0, 0, 0, 0, 0, 0, 0, 0, 0, 0, 0, 0, 0, 0, 0, 0, 0, 0, 0, 0, 0, 0, 0, 0, 0, 0, 0, 0, 0, 0, 0, 0, 0, 0, 0, 0, 0, 0, 0, 0, 0, 0, 0, 0, 0, 0, 0, 0, 0, 0, 0, 0, 0, 0, 0, 0, 0, 0, 0, 0, 0, 0, 0, 0, 0, 0, 0, 0, 0, 0, 0, 0, 0, 0, 0, 0, 0, 0, 0, 0, 0, 0, 0, 0, 0, 0, 0, 0, 0]
2022-06-04 18:42:50,116 - INFO - preprocess.py - convert_bert_example - 100 - labels: 0
2022-06-04 18:42:50,116 - INFO - preprocess.py - convert_bert_example - 101 - ids: [23, 46, 62, 88]
2022-06-04 18:42:50,117 - INFO - preprocess.py - convert_examples_to_features - 134 - Build 11 features
2022-06-06 18:00:52,905 - INFO - preprocess.py - <module> - 180 - {'output_dir': 'output/checkpoint/', 'bert_dir': 'model/Biobert/', 'data_dir': 'input/data/', 'log_dir': 'output/logs/', 'num_tags': 4, 'seed': 123, 'gpu_ids': '0', 'max_seq_len': 128, 'eval_batch_size': 2, 'swa_start': 3, 'train_epochs': 75, 'dropout_prob': 0.8, 'lr': 1e-05, 'other_lr': 0.0001, 'max_grad_norm': 1, 'warmup_proportion': 0.1, 'weight_decay': 0.01, 'adam_epsilon': 1e-12, 'train_batch_size': 2, 'eval_model': True}
2022-06-06 18:00:55,432 - INFO - preprocess.py - get_out - 151 - ==========================
2022-06-06 18:00:55,433 - INFO - preprocess.py - get_out - 152 - example_text : Halothane is known to oppose <e1start> digitalis <e1end>-induced <e2start> ventricular arrhythmias <e2end>. 
2022-06-06 18:00:55,433 - INFO - preprocess.py - get_out - 153 - example_id_label : 0
2022-06-06 18:00:55,433 - INFO - preprocess.py - get_out - 154 - example_id_tags : [29, 56, 65, 106]
2022-06-06 18:00:55,433 - INFO - preprocess.py - get_out - 155 - ==========================
2022-06-06 18:00:55,433 - INFO - preprocess.py - get_out - 151 - ==========================
2022-06-06 18:00:55,433 - INFO - preprocess.py - get_out - 152 - example_text : Both cases proved to be <e1start> cotton <e1end>-material-induced <e2start> granulomas <e2end>. 
2022-06-06 18:00:55,433 - INFO - preprocess.py - get_out - 153 - example_id_label : 0
2022-06-06 18:00:55,434 - INFO - preprocess.py - get_out - 154 - example_id_tags : [24, 48, 66, 94]
2022-06-06 18:00:55,434 - INFO - preprocess.py - get_out - 155 - ==========================
2022-06-06 18:00:55,434 - INFO - preprocess.py - get_out - 151 - ==========================
2022-06-06 18:00:55,434 - INFO - preprocess.py - get_out - 152 - example_text : The evidence for <e1start> soybean <e1end> products as <e2start> cancer <e2end> preventive agents.  
2022-06-06 18:00:55,434 - INFO - preprocess.py - get_out - 153 - example_id_label : 1
2022-06-06 18:00:55,434 - INFO - preprocess.py - get_out - 154 - example_id_tags : [17, 42, 55, 79]
2022-06-06 18:00:55,434 - INFO - preprocess.py - get_out - 155 - ==========================
2022-06-06 18:00:55,434 - INFO - preprocess.py - get_out - 151 - ==========================
2022-06-06 18:00:55,434 - INFO - preprocess.py - get_out - 152 - example_text : [Mortality trends in <e2start> cancer <e2end> attributable to <e1start> tobacco <e1end> in Mexico].  
2022-06-06 18:00:55,435 - INFO - preprocess.py - get_out - 153 - example_id_label : 0
2022-06-06 18:00:55,435 - INFO - preprocess.py - get_out - 154 - example_id_tags : [62, 87, 21, 45]
2022-06-06 18:00:55,435 - INFO - preprocess.py - get_out - 155 - ==========================
2022-06-06 18:00:57,208 - INFO - preprocess.py - convert_examples_to_features - 120 - Convert 46 examples to features
2022-06-06 18:00:57,212 - INFO - preprocess.py - convert_bert_example - 95 - *** train_example-0 ***
2022-06-06 18:00:57,212 - INFO - preprocess.py - convert_bert_example - 96 - text: [CLS] H a l o t h a n e [UNK] i s [UNK] k n o w n [UNK] t o [UNK] o p p o s e [UNK] < e 1 s t a r t > [UNK] d i g i t a l i s [UNK] < e 1 e n d > - i n d u c e d [UNK] < e 2 s t a r t > [UNK] v e n t r i c u l a r [UNK] a r r h y t h m i a s [UNK] < e 2 e n d >. [UNK] [SEP]
2022-06-06 18:00:57,212 - INFO - preprocess.py - convert_bert_example - 97 - token_ids: [101, 145, 170, 181, 184, 189, 177, 170, 183, 174, 100, 178, 188, 100, 180, 183, 184, 192, 183, 100, 189, 184, 100, 184, 185, 185, 184, 188, 174, 100, 133, 174, 122, 188, 189, 170, 187, 189, 135, 100, 173, 178, 176, 178, 189, 170, 181, 178, 188, 100, 133, 174, 122, 174, 183, 173, 135, 118, 178, 183, 173, 190, 172, 174, 173, 100, 133, 174, 123, 188, 189, 170, 187, 189, 135, 100, 191, 174, 183, 189, 187, 178, 172, 190, 181, 170, 187, 100, 170, 187, 187, 177, 194, 189, 177, 182, 178, 170, 188, 100, 133, 174, 123, 174, 183, 173, 135, 119, 100, 102, 0, 0, 0, 0, 0, 0, 0, 0, 0, 0, 0, 0, 0, 0, 0, 0, 0, 0]
2022-06-06 18:00:57,213 - INFO - preprocess.py - convert_bert_example - 98 - attention_masks: [1, 1, 1, 1, 1, 1, 1, 1, 1, 1, 1, 1, 1, 1, 1, 1, 1, 1, 1, 1, 1, 1, 1, 1, 1, 1, 1, 1, 1, 1, 1, 1, 1, 1, 1, 1, 1, 1, 1, 1, 1, 1, 1, 1, 1, 1, 1, 1, 1, 1, 1, 1, 1, 1, 1, 1, 1, 1, 1, 1, 1, 1, 1, 1, 1, 1, 1, 1, 1, 1, 1, 1, 1, 1, 1, 1, 1, 1, 1, 1, 1, 1, 1, 1, 1, 1, 1, 1, 1, 1, 1, 1, 1, 1, 1, 1, 1, 1, 1, 1, 1, 1, 1, 1, 1, 1, 1, 1, 1, 1, 0, 0, 0, 0, 0, 0, 0, 0, 0, 0, 0, 0, 0, 0, 0, 0, 0, 0]
2022-06-06 18:00:57,213 - INFO - preprocess.py - convert_bert_example - 99 - token_type_ids: [0, 0, 0, 0, 0, 0, 0, 0, 0, 0, 0, 0, 0, 0, 0, 0, 0, 0, 0, 0, 0, 0, 0, 0, 0, 0, 0, 0, 0, 0, 0, 0, 0, 0, 0, 0, 0, 0, 0, 0, 0, 0, 0, 0, 0, 0, 0, 0, 0, 0, 0, 0, 0, 0, 0, 0, 0, 0, 0, 0, 0, 0, 0, 0, 0, 0, 0, 0, 0, 0, 0, 0, 0, 0, 0, 0, 0, 0, 0, 0, 0, 0, 0, 0, 0, 0, 0, 0, 0, 0, 0, 0, 0, 0, 0, 0, 0, 0, 0, 0, 0, 0, 0, 0, 0, 0, 0, 0, 0, 0, 0, 0, 0, 0, 0, 0, 0, 0, 0, 0, 0, 0, 0, 0, 0, 0, 0, 0]
2022-06-06 18:00:57,213 - INFO - preprocess.py - convert_bert_example - 100 - labels: 0
2022-06-06 18:00:57,213 - INFO - preprocess.py - convert_bert_example - 101 - ids: [30, 57, 66, 107]
2022-06-06 18:00:57,214 - INFO - preprocess.py - convert_bert_example - 95 - *** train_example-1 ***
2022-06-06 18:00:57,214 - INFO - preprocess.py - convert_bert_example - 96 - text: [CLS] B o t h [UNK] c a s e s [UNK] p r o v e d [UNK] t o [UNK] b e [UNK] < e 1 s t a r t > [UNK] c o t t o n [UNK] < e 1 e n d > - m a t e r i a l - i n d u c e d [UNK] < e 2 s t a r t > [UNK] g r a n u l o m a s [UNK] < e 2 e n d >. [UNK] [SEP]
2022-06-06 18:00:57,214 - INFO - preprocess.py - convert_bert_example - 97 - token_ids: [101, 139, 184, 189, 177, 100, 172, 170, 188, 174, 188, 100, 185, 187, 184, 191, 174, 173, 100, 189, 184, 100, 171, 174, 100, 133, 174, 122, 188, 189, 170, 187, 189, 135, 100, 172, 184, 189, 189, 184, 183, 100, 133, 174, 122, 174, 183, 173, 135, 118, 182, 170, 189, 174, 187, 178, 170, 181, 118, 178, 183, 173, 190, 172, 174, 173, 100, 133, 174, 123, 188, 189, 170, 187, 189, 135, 100, 176, 187, 170, 183, 190, 181, 184, 182, 170, 188, 100, 133, 174, 123, 174, 183, 173, 135, 119, 100, 102, 0, 0, 0, 0, 0, 0, 0, 0, 0, 0, 0, 0, 0, 0, 0, 0, 0, 0, 0, 0, 0, 0, 0, 0, 0, 0, 0, 0, 0, 0]
2022-06-06 18:00:57,214 - INFO - preprocess.py - convert_bert_example - 98 - attention_masks: [1, 1, 1, 1, 1, 1, 1, 1, 1, 1, 1, 1, 1, 1, 1, 1, 1, 1, 1, 1, 1, 1, 1, 1, 1, 1, 1, 1, 1, 1, 1, 1, 1, 1, 1, 1, 1, 1, 1, 1, 1, 1, 1, 1, 1, 1, 1, 1, 1, 1, 1, 1, 1, 1, 1, 1, 1, 1, 1, 1, 1, 1, 1, 1, 1, 1, 1, 1, 1, 1, 1, 1, 1, 1, 1, 1, 1, 1, 1, 1, 1, 1, 1, 1, 1, 1, 1, 1, 1, 1, 1, 1, 1, 1, 1, 1, 1, 1, 0, 0, 0, 0, 0, 0, 0, 0, 0, 0, 0, 0, 0, 0, 0, 0, 0, 0, 0, 0, 0, 0, 0, 0, 0, 0, 0, 0, 0, 0]
2022-06-06 18:00:57,214 - INFO - preprocess.py - convert_bert_example - 99 - token_type_ids: [0, 0, 0, 0, 0, 0, 0, 0, 0, 0, 0, 0, 0, 0, 0, 0, 0, 0, 0, 0, 0, 0, 0, 0, 0, 0, 0, 0, 0, 0, 0, 0, 0, 0, 0, 0, 0, 0, 0, 0, 0, 0, 0, 0, 0, 0, 0, 0, 0, 0, 0, 0, 0, 0, 0, 0, 0, 0, 0, 0, 0, 0, 0, 0, 0, 0, 0, 0, 0, 0, 0, 0, 0, 0, 0, 0, 0, 0, 0, 0, 0, 0, 0, 0, 0, 0, 0, 0, 0, 0, 0, 0, 0, 0, 0, 0, 0, 0, 0, 0, 0, 0, 0, 0, 0, 0, 0, 0, 0, 0, 0, 0, 0, 0, 0, 0, 0, 0, 0, 0, 0, 0, 0, 0, 0, 0, 0, 0]
2022-06-06 18:00:57,215 - INFO - preprocess.py - convert_bert_example - 100 - labels: 0
2022-06-06 18:00:57,215 - INFO - preprocess.py - convert_bert_example - 101 - ids: [25, 49, 67, 95]
2022-06-06 18:00:57,215 - INFO - preprocess.py - convert_bert_example - 95 - *** train_example-2 ***
2022-06-06 18:00:57,215 - INFO - preprocess.py - convert_bert_example - 96 - text: [CLS] T h e [UNK] e v i d e n c e [UNK] f o r [UNK] < e 1 s t a r t > [UNK] s o y b e a n [UNK] < e 1 e n d > [UNK] p r o d u c t s [UNK] a s [UNK] < e 2 s t a r t > [UNK] c a n c e r [UNK] < e 2 e n d > [UNK] p r e v e n t i v e [UNK] a g e n t s. [UNK] [UNK] [SEP]
2022-06-06 18:00:57,216 - INFO - preprocess.py - convert_bert_example - 97 - token_ids: [101, 157, 177, 174, 100, 174, 191, 178, 173, 174, 183, 172, 174, 100, 175, 184, 187, 100, 133, 174, 122, 188, 189, 170, 187, 189, 135, 100, 188, 184, 194, 171, 174, 170, 183, 100, 133, 174, 122, 174, 183, 173, 135, 100, 185, 187, 184, 173, 190, 172, 189, 188, 100, 170, 188, 100, 133, 174, 123, 188, 189, 170, 187, 189, 135, 100, 172, 170, 183, 172, 174, 187, 100, 133, 174, 123, 174, 183, 173, 135, 100, 185, 187, 174, 191, 174, 183, 189, 178, 191, 174, 100, 170, 176, 174, 183, 189, 188, 119, 100, 100, 102, 0, 0, 0, 0, 0, 0, 0, 0, 0, 0, 0, 0, 0, 0, 0, 0, 0, 0, 0, 0, 0, 0, 0, 0, 0, 0]
2022-06-06 18:00:57,216 - INFO - preprocess.py - convert_bert_example - 98 - attention_masks: [1, 1, 1, 1, 1, 1, 1, 1, 1, 1, 1, 1, 1, 1, 1, 1, 1, 1, 1, 1, 1, 1, 1, 1, 1, 1, 1, 1, 1, 1, 1, 1, 1, 1, 1, 1, 1, 1, 1, 1, 1, 1, 1, 1, 1, 1, 1, 1, 1, 1, 1, 1, 1, 1, 1, 1, 1, 1, 1, 1, 1, 1, 1, 1, 1, 1, 1, 1, 1, 1, 1, 1, 1, 1, 1, 1, 1, 1, 1, 1, 1, 1, 1, 1, 1, 1, 1, 1, 1, 1, 1, 1, 1, 1, 1, 1, 1, 1, 1, 1, 1, 1, 0, 0, 0, 0, 0, 0, 0, 0, 0, 0, 0, 0, 0, 0, 0, 0, 0, 0, 0, 0, 0, 0, 0, 0, 0, 0]
2022-06-06 18:00:57,216 - INFO - preprocess.py - convert_bert_example - 99 - token_type_ids: [0, 0, 0, 0, 0, 0, 0, 0, 0, 0, 0, 0, 0, 0, 0, 0, 0, 0, 0, 0, 0, 0, 0, 0, 0, 0, 0, 0, 0, 0, 0, 0, 0, 0, 0, 0, 0, 0, 0, 0, 0, 0, 0, 0, 0, 0, 0, 0, 0, 0, 0, 0, 0, 0, 0, 0, 0, 0, 0, 0, 0, 0, 0, 0, 0, 0, 0, 0, 0, 0, 0, 0, 0, 0, 0, 0, 0, 0, 0, 0, 0, 0, 0, 0, 0, 0, 0, 0, 0, 0, 0, 0, 0, 0, 0, 0, 0, 0, 0, 0, 0, 0, 0, 0, 0, 0, 0, 0, 0, 0, 0, 0, 0, 0, 0, 0, 0, 0, 0, 0, 0, 0, 0, 0, 0, 0, 0, 0]
2022-06-06 18:00:57,216 - INFO - preprocess.py - convert_bert_example - 100 - labels: 1
2022-06-06 18:00:57,216 - INFO - preprocess.py - convert_bert_example - 101 - ids: [18, 43, 56, 80]
2022-06-06 18:00:57,217 - INFO - preprocess.py - convert_bert_example - 95 - *** train_example-3 ***
2022-06-06 18:00:57,217 - INFO - preprocess.py - convert_bert_example - 96 - text: [CLS] [ M o r t a l i t y [UNK] t r e n d s [UNK] i n [UNK] < e 2 s t a r t > [UNK] c a n c e r [UNK] < e 2 e n d > [UNK] a t t r i b u t a b l e [UNK] t o [UNK] < e 1 s t a r t > [UNK] t o b a c c o [UNK] < e 1 e n d > [UNK] i n [UNK] M e x i c o ]. [UNK] [UNK] [SEP]
2022-06-06 18:00:57,217 - INFO - preprocess.py - convert_bert_example - 97 - token_ids: [101, 164, 150, 184, 187, 189, 170, 181, 178, 189, 194, 100, 189, 187, 174, 183, 173, 188, 100, 178, 183, 100, 133, 174, 123, 188, 189, 170, 187, 189, 135, 100, 172, 170, 183, 172, 174, 187, 100, 133, 174, 123, 174, 183, 173, 135, 100, 170, 189, 189, 187, 178, 171, 190, 189, 170, 171, 181, 174, 100, 189, 184, 100, 133, 174, 122, 188, 189, 170, 187, 189, 135, 100, 189, 184, 171, 170, 172, 172, 184, 100, 133, 174, 122, 174, 183, 173, 135, 100, 178, 183, 100, 150, 174, 193, 178, 172, 184, 166, 119, 100, 100, 102, 0, 0, 0, 0, 0, 0, 0, 0, 0, 0, 0, 0, 0, 0, 0, 0, 0, 0, 0, 0, 0, 0, 0, 0, 0]
2022-06-06 18:00:57,217 - INFO - preprocess.py - convert_bert_example - 98 - attention_masks: [1, 1, 1, 1, 1, 1, 1, 1, 1, 1, 1, 1, 1, 1, 1, 1, 1, 1, 1, 1, 1, 1, 1, 1, 1, 1, 1, 1, 1, 1, 1, 1, 1, 1, 1, 1, 1, 1, 1, 1, 1, 1, 1, 1, 1, 1, 1, 1, 1, 1, 1, 1, 1, 1, 1, 1, 1, 1, 1, 1, 1, 1, 1, 1, 1, 1, 1, 1, 1, 1, 1, 1, 1, 1, 1, 1, 1, 1, 1, 1, 1, 1, 1, 1, 1, 1, 1, 1, 1, 1, 1, 1, 1, 1, 1, 1, 1, 1, 1, 1, 1, 1, 1, 0, 0, 0, 0, 0, 0, 0, 0, 0, 0, 0, 0, 0, 0, 0, 0, 0, 0, 0, 0, 0, 0, 0, 0, 0]
2022-06-06 18:00:57,217 - INFO - preprocess.py - convert_bert_example - 99 - token_type_ids: [0, 0, 0, 0, 0, 0, 0, 0, 0, 0, 0, 0, 0, 0, 0, 0, 0, 0, 0, 0, 0, 0, 0, 0, 0, 0, 0, 0, 0, 0, 0, 0, 0, 0, 0, 0, 0, 0, 0, 0, 0, 0, 0, 0, 0, 0, 0, 0, 0, 0, 0, 0, 0, 0, 0, 0, 0, 0, 0, 0, 0, 0, 0, 0, 0, 0, 0, 0, 0, 0, 0, 0, 0, 0, 0, 0, 0, 0, 0, 0, 0, 0, 0, 0, 0, 0, 0, 0, 0, 0, 0, 0, 0, 0, 0, 0, 0, 0, 0, 0, 0, 0, 0, 0, 0, 0, 0, 0, 0, 0, 0, 0, 0, 0, 0, 0, 0, 0, 0, 0, 0, 0, 0, 0, 0, 0, 0, 0]
2022-06-06 18:00:57,218 - INFO - preprocess.py - convert_bert_example - 100 - labels: 0
2022-06-06 18:00:57,218 - INFO - preprocess.py - convert_bert_example - 101 - ids: [63, 88, 22, 46]
2022-06-06 18:00:57,223 - INFO - preprocess.py - convert_examples_to_features - 134 - Build 46 features
2022-06-06 18:00:58,598 - INFO - preprocess.py - get_out - 151 - ==========================
2022-06-06 18:00:58,598 - INFO - preprocess.py - get_out - 152 - example_text : Its effect on <e1start> digitalis <e1end>-caused <e2start> atrial arrhythmias <e2end> is unknown. 
2022-06-06 18:00:58,598 - INFO - preprocess.py - get_out - 153 - example_id_label : 0
2022-06-06 18:00:58,598 - INFO - preprocess.py - get_out - 154 - example_id_tags : [14, 41, 49, 85]
2022-06-06 18:00:58,599 - INFO - preprocess.py - get_out - 155 - ==========================
2022-06-06 18:00:58,599 - INFO - preprocess.py - get_out - 151 - ==========================
2022-06-06 18:00:58,599 - INFO - preprocess.py - get_out - 152 - example_text : However, the growth rate of <e2start> tumors <e2end> was not markedly inhibited by <e1start> garlic <e1end>. 
2022-06-06 18:00:58,599 - INFO - preprocess.py - get_out - 153 - example_id_label : 2
2022-06-06 18:00:58,599 - INFO - preprocess.py - get_out - 154 - example_id_tags : [83, 107, 28, 52]
2022-06-06 18:00:58,599 - INFO - preprocess.py - get_out - 155 - ==========================
2022-06-06 18:00:58,599 - INFO - preprocess.py - get_out - 151 - ==========================
2022-06-06 18:00:58,599 - INFO - preprocess.py - get_out - 152 - example_text : <e1start> Tobacco <e1end>-related <e2start> cancers <e2end> in Madras, India.  
2022-06-06 18:00:58,599 - INFO - preprocess.py - get_out - 153 - example_id_label : 0
2022-06-06 18:00:58,600 - INFO - preprocess.py - get_out - 154 - example_id_tags : [0, 25, 34, 59]
2022-06-06 18:00:58,600 - INFO - preprocess.py - get_out - 155 - ==========================
2022-06-06 18:00:58,600 - INFO - preprocess.py - get_out - 151 - ==========================
2022-06-06 18:00:58,600 - INFO - preprocess.py - get_out - 152 - example_text : The importance of the <e1start> pecan <e1end> tree pollen in <e2start> allergic <e2end> manifestations.  
2022-06-06 18:00:58,600 - INFO - preprocess.py - get_out - 153 - example_id_label : 0
2022-06-06 18:00:58,600 - INFO - preprocess.py - get_out - 154 - example_id_tags : [22, 45, 61, 87]
2022-06-06 18:00:58,600 - INFO - preprocess.py - get_out - 155 - ==========================
2022-06-06 18:00:58,627 - INFO - preprocess.py - convert_examples_to_features - 120 - Convert 11 examples to features
2022-06-06 18:00:58,627 - INFO - preprocess.py - convert_bert_example - 95 - *** dev_example-0 ***
2022-06-06 18:00:58,628 - INFO - preprocess.py - convert_bert_example - 96 - text: [CLS] I t s [UNK] e f f e c t [UNK] o n [UNK] < e 1 s t a r t > [UNK] d i g i t a l i s [UNK] < e 1 e n d > - c a u s e d [UNK] < e 2 s t a r t > [UNK] a t r i a l [UNK] a r r h y t h m i a s [UNK] < e 2 e n d > [UNK] i s [UNK] u n k n o w n. [UNK] [SEP]
2022-06-06 18:00:58,628 - INFO - preprocess.py - convert_bert_example - 97 - token_ids: [101, 146, 189, 188, 100, 174, 175, 175, 174, 172, 189, 100, 184, 183, 100, 133, 174, 122, 188, 189, 170, 187, 189, 135, 100, 173, 178, 176, 178, 189, 170, 181, 178, 188, 100, 133, 174, 122, 174, 183, 173, 135, 118, 172, 170, 190, 188, 174, 173, 100, 133, 174, 123, 188, 189, 170, 187, 189, 135, 100, 170, 189, 187, 178, 170, 181, 100, 170, 187, 187, 177, 194, 189, 177, 182, 178, 170, 188, 100, 133, 174, 123, 174, 183, 173, 135, 100, 178, 188, 100, 190, 183, 180, 183, 184, 192, 183, 119, 100, 102, 0, 0, 0, 0, 0, 0, 0, 0, 0, 0, 0, 0, 0, 0, 0, 0, 0, 0, 0, 0, 0, 0, 0, 0, 0, 0, 0, 0]
2022-06-06 18:00:58,628 - INFO - preprocess.py - convert_bert_example - 98 - attention_masks: [1, 1, 1, 1, 1, 1, 1, 1, 1, 1, 1, 1, 1, 1, 1, 1, 1, 1, 1, 1, 1, 1, 1, 1, 1, 1, 1, 1, 1, 1, 1, 1, 1, 1, 1, 1, 1, 1, 1, 1, 1, 1, 1, 1, 1, 1, 1, 1, 1, 1, 1, 1, 1, 1, 1, 1, 1, 1, 1, 1, 1, 1, 1, 1, 1, 1, 1, 1, 1, 1, 1, 1, 1, 1, 1, 1, 1, 1, 1, 1, 1, 1, 1, 1, 1, 1, 1, 1, 1, 1, 1, 1, 1, 1, 1, 1, 1, 1, 1, 1, 0, 0, 0, 0, 0, 0, 0, 0, 0, 0, 0, 0, 0, 0, 0, 0, 0, 0, 0, 0, 0, 0, 0, 0, 0, 0, 0, 0]
2022-06-06 18:00:58,628 - INFO - preprocess.py - convert_bert_example - 99 - token_type_ids: [0, 0, 0, 0, 0, 0, 0, 0, 0, 0, 0, 0, 0, 0, 0, 0, 0, 0, 0, 0, 0, 0, 0, 0, 0, 0, 0, 0, 0, 0, 0, 0, 0, 0, 0, 0, 0, 0, 0, 0, 0, 0, 0, 0, 0, 0, 0, 0, 0, 0, 0, 0, 0, 0, 0, 0, 0, 0, 0, 0, 0, 0, 0, 0, 0, 0, 0, 0, 0, 0, 0, 0, 0, 0, 0, 0, 0, 0, 0, 0, 0, 0, 0, 0, 0, 0, 0, 0, 0, 0, 0, 0, 0, 0, 0, 0, 0, 0, 0, 0, 0, 0, 0, 0, 0, 0, 0, 0, 0, 0, 0, 0, 0, 0, 0, 0, 0, 0, 0, 0, 0, 0, 0, 0, 0, 0, 0, 0]
2022-06-06 18:00:58,628 - INFO - preprocess.py - convert_bert_example - 100 - labels: 0
2022-06-06 18:00:58,628 - INFO - preprocess.py - convert_bert_example - 101 - ids: [15, 42, 50, 86]
2022-06-06 18:00:58,629 - INFO - preprocess.py - convert_bert_example - 95 - *** dev_example-1 ***
2022-06-06 18:00:58,629 - INFO - preprocess.py - convert_bert_example - 96 - text: [CLS] H o w e v e r, [UNK] t h e [UNK] g r o w t h [UNK] r a t e [UNK] o f [UNK] < e 2 s t a r t > [UNK] t u m o r s [UNK] < e 2 e n d > [UNK] w a s [UNK] n o t [UNK] m a r k e d l y [UNK] i n h i b i t e d [UNK] b y [UNK] < e 1 s t a r t > [UNK] g a r l i c [UNK] < e 1 e n d >. [UNK] [SEP]
2022-06-06 18:00:58,629 - INFO - preprocess.py - convert_bert_example - 97 - token_ids: [101, 145, 184, 192, 174, 191, 174, 187, 117, 100, 189, 177, 174, 100, 176, 187, 184, 192, 189, 177, 100, 187, 170, 189, 174, 100, 184, 175, 100, 133, 174, 123, 188, 189, 170, 187, 189, 135, 100, 189, 190, 182, 184, 187, 188, 100, 133, 174, 123, 174, 183, 173, 135, 100, 192, 170, 188, 100, 183, 184, 189, 100, 182, 170, 187, 180, 174, 173, 181, 194, 100, 178, 183, 177, 178, 171, 178, 189, 174, 173, 100, 171, 194, 100, 133, 174, 122, 188, 189, 170, 187, 189, 135, 100, 176, 170, 187, 181, 178, 172, 100, 133, 174, 122, 174, 183, 173, 135, 119, 100, 102, 0, 0, 0, 0, 0, 0, 0, 0, 0, 0, 0, 0, 0, 0, 0, 0, 0]
2022-06-06 18:00:58,629 - INFO - preprocess.py - convert_bert_example - 98 - attention_masks: [1, 1, 1, 1, 1, 1, 1, 1, 1, 1, 1, 1, 1, 1, 1, 1, 1, 1, 1, 1, 1, 1, 1, 1, 1, 1, 1, 1, 1, 1, 1, 1, 1, 1, 1, 1, 1, 1, 1, 1, 1, 1, 1, 1, 1, 1, 1, 1, 1, 1, 1, 1, 1, 1, 1, 1, 1, 1, 1, 1, 1, 1, 1, 1, 1, 1, 1, 1, 1, 1, 1, 1, 1, 1, 1, 1, 1, 1, 1, 1, 1, 1, 1, 1, 1, 1, 1, 1, 1, 1, 1, 1, 1, 1, 1, 1, 1, 1, 1, 1, 1, 1, 1, 1, 1, 1, 1, 1, 1, 1, 1, 0, 0, 0, 0, 0, 0, 0, 0, 0, 0, 0, 0, 0, 0, 0, 0, 0]
2022-06-06 18:00:58,630 - INFO - preprocess.py - convert_bert_example - 99 - token_type_ids: [0, 0, 0, 0, 0, 0, 0, 0, 0, 0, 0, 0, 0, 0, 0, 0, 0, 0, 0, 0, 0, 0, 0, 0, 0, 0, 0, 0, 0, 0, 0, 0, 0, 0, 0, 0, 0, 0, 0, 0, 0, 0, 0, 0, 0, 0, 0, 0, 0, 0, 0, 0, 0, 0, 0, 0, 0, 0, 0, 0, 0, 0, 0, 0, 0, 0, 0, 0, 0, 0, 0, 0, 0, 0, 0, 0, 0, 0, 0, 0, 0, 0, 0, 0, 0, 0, 0, 0, 0, 0, 0, 0, 0, 0, 0, 0, 0, 0, 0, 0, 0, 0, 0, 0, 0, 0, 0, 0, 0, 0, 0, 0, 0, 0, 0, 0, 0, 0, 0, 0, 0, 0, 0, 0, 0, 0, 0, 0]
2022-06-06 18:00:58,630 - INFO - preprocess.py - convert_bert_example - 100 - labels: 2
2022-06-06 18:00:58,630 - INFO - preprocess.py - convert_bert_example - 101 - ids: [84, 108, 29, 53]
2022-06-06 18:00:58,630 - INFO - preprocess.py - convert_bert_example - 95 - *** dev_example-2 ***
2022-06-06 18:00:58,631 - INFO - preprocess.py - convert_bert_example - 96 - text: [CLS] < e 1 s t a r t > [UNK] T o b a c c o [UNK] < e 1 e n d > - r e l a t e d [UNK] < e 2 s t a r t > [UNK] c a n c e r s [UNK] < e 2 e n d > [UNK] i n [UNK] M a d r a s, [UNK] I n d i a. [UNK] [UNK] [SEP]
2022-06-06 18:00:58,631 - INFO - preprocess.py - convert_bert_example - 97 - token_ids: [101, 133, 174, 122, 188, 189, 170, 187, 189, 135, 100, 157, 184, 171, 170, 172, 172, 184, 100, 133, 174, 122, 174, 183, 173, 135, 118, 187, 174, 181, 170, 189, 174, 173, 100, 133, 174, 123, 188, 189, 170, 187, 189, 135, 100, 172, 170, 183, 172, 174, 187, 188, 100, 133, 174, 123, 174, 183, 173, 135, 100, 178, 183, 100, 150, 170, 173, 187, 170, 188, 117, 100, 146, 183, 173, 178, 170, 119, 100, 100, 102, 0, 0, 0, 0, 0, 0, 0, 0, 0, 0, 0, 0, 0, 0, 0, 0, 0, 0, 0, 0, 0, 0, 0, 0, 0, 0, 0, 0, 0, 0, 0, 0, 0, 0, 0, 0, 0, 0, 0, 0, 0, 0, 0, 0, 0, 0, 0]
2022-06-06 18:00:58,631 - INFO - preprocess.py - convert_bert_example - 98 - attention_masks: [1, 1, 1, 1, 1, 1, 1, 1, 1, 1, 1, 1, 1, 1, 1, 1, 1, 1, 1, 1, 1, 1, 1, 1, 1, 1, 1, 1, 1, 1, 1, 1, 1, 1, 1, 1, 1, 1, 1, 1, 1, 1, 1, 1, 1, 1, 1, 1, 1, 1, 1, 1, 1, 1, 1, 1, 1, 1, 1, 1, 1, 1, 1, 1, 1, 1, 1, 1, 1, 1, 1, 1, 1, 1, 1, 1, 1, 1, 1, 1, 1, 0, 0, 0, 0, 0, 0, 0, 0, 0, 0, 0, 0, 0, 0, 0, 0, 0, 0, 0, 0, 0, 0, 0, 0, 0, 0, 0, 0, 0, 0, 0, 0, 0, 0, 0, 0, 0, 0, 0, 0, 0, 0, 0, 0, 0, 0, 0]
2022-06-06 18:00:58,631 - INFO - preprocess.py - convert_bert_example - 99 - token_type_ids: [0, 0, 0, 0, 0, 0, 0, 0, 0, 0, 0, 0, 0, 0, 0, 0, 0, 0, 0, 0, 0, 0, 0, 0, 0, 0, 0, 0, 0, 0, 0, 0, 0, 0, 0, 0, 0, 0, 0, 0, 0, 0, 0, 0, 0, 0, 0, 0, 0, 0, 0, 0, 0, 0, 0, 0, 0, 0, 0, 0, 0, 0, 0, 0, 0, 0, 0, 0, 0, 0, 0, 0, 0, 0, 0, 0, 0, 0, 0, 0, 0, 0, 0, 0, 0, 0, 0, 0, 0, 0, 0, 0, 0, 0, 0, 0, 0, 0, 0, 0, 0, 0, 0, 0, 0, 0, 0, 0, 0, 0, 0, 0, 0, 0, 0, 0, 0, 0, 0, 0, 0, 0, 0, 0, 0, 0, 0, 0]
2022-06-06 18:00:58,631 - INFO - preprocess.py - convert_bert_example - 100 - labels: 0
2022-06-06 18:00:58,631 - INFO - preprocess.py - convert_bert_example - 101 - ids: [1, 26, 35, 60]
2022-06-06 18:00:58,632 - INFO - preprocess.py - convert_bert_example - 95 - *** dev_example-3 ***
2022-06-06 18:00:58,632 - INFO - preprocess.py - convert_bert_example - 96 - text: [CLS] T h e [UNK] i m p o r t a n c e [UNK] o f [UNK] t h e [UNK] < e 1 s t a r t > [UNK] p e c a n [UNK] < e 1 e n d > [UNK] t r e e [UNK] p o l l e n [UNK] i n [UNK] < e 2 s t a r t > [UNK] a l l e r g i c [UNK] < e 2 e n d > [UNK] m a n i f e s t a t i o n s. [UNK] [UNK] [SEP]
2022-06-06 18:00:58,632 - INFO - preprocess.py - convert_bert_example - 97 - token_ids: [101, 157, 177, 174, 100, 178, 182, 185, 184, 187, 189, 170, 183, 172, 174, 100, 184, 175, 100, 189, 177, 174, 100, 133, 174, 122, 188, 189, 170, 187, 189, 135, 100, 185, 174, 172, 170, 183, 100, 133, 174, 122, 174, 183, 173, 135, 100, 189, 187, 174, 174, 100, 185, 184, 181, 181, 174, 183, 100, 178, 183, 100, 133, 174, 123, 188, 189, 170, 187, 189, 135, 100, 170, 181, 181, 174, 187, 176, 178, 172, 100, 133, 174, 123, 174, 183, 173, 135, 100, 182, 170, 183, 178, 175, 174, 188, 189, 170, 189, 178, 184, 183, 188, 119, 100, 100, 102, 0, 0, 0, 0, 0, 0, 0, 0, 0, 0, 0, 0, 0, 0, 0, 0, 0, 0, 0, 0, 0]
2022-06-06 18:00:58,633 - INFO - preprocess.py - convert_bert_example - 98 - attention_masks: [1, 1, 1, 1, 1, 1, 1, 1, 1, 1, 1, 1, 1, 1, 1, 1, 1, 1, 1, 1, 1, 1, 1, 1, 1, 1, 1, 1, 1, 1, 1, 1, 1, 1, 1, 1, 1, 1, 1, 1, 1, 1, 1, 1, 1, 1, 1, 1, 1, 1, 1, 1, 1, 1, 1, 1, 1, 1, 1, 1, 1, 1, 1, 1, 1, 1, 1, 1, 1, 1, 1, 1, 1, 1, 1, 1, 1, 1, 1, 1, 1, 1, 1, 1, 1, 1, 1, 1, 1, 1, 1, 1, 1, 1, 1, 1, 1, 1, 1, 1, 1, 1, 1, 1, 1, 1, 1, 0, 0, 0, 0, 0, 0, 0, 0, 0, 0, 0, 0, 0, 0, 0, 0, 0, 0, 0, 0, 0]
2022-06-06 18:00:58,633 - INFO - preprocess.py - convert_bert_example - 99 - token_type_ids: [0, 0, 0, 0, 0, 0, 0, 0, 0, 0, 0, 0, 0, 0, 0, 0, 0, 0, 0, 0, 0, 0, 0, 0, 0, 0, 0, 0, 0, 0, 0, 0, 0, 0, 0, 0, 0, 0, 0, 0, 0, 0, 0, 0, 0, 0, 0, 0, 0, 0, 0, 0, 0, 0, 0, 0, 0, 0, 0, 0, 0, 0, 0, 0, 0, 0, 0, 0, 0, 0, 0, 0, 0, 0, 0, 0, 0, 0, 0, 0, 0, 0, 0, 0, 0, 0, 0, 0, 0, 0, 0, 0, 0, 0, 0, 0, 0, 0, 0, 0, 0, 0, 0, 0, 0, 0, 0, 0, 0, 0, 0, 0, 0, 0, 0, 0, 0, 0, 0, 0, 0, 0, 0, 0, 0, 0, 0, 0]
2022-06-06 18:00:58,633 - INFO - preprocess.py - convert_bert_example - 100 - labels: 0
2022-06-06 18:00:58,633 - INFO - preprocess.py - convert_bert_example - 101 - ids: [23, 46, 62, 88]
2022-06-06 18:00:58,634 - INFO - preprocess.py - convert_examples_to_features - 134 - Build 11 features
2022-06-06 18:00:59,430 - INFO - preprocess.py - get_out - 151 - ==========================
2022-06-06 18:00:59,430 - INFO - preprocess.py - get_out - 152 - example_text : Its effect on <e1start> digitalis <e1end>-caused <e2start> atrial arrhythmias <e2end> is unknown. 
2022-06-06 18:00:59,430 - INFO - preprocess.py - get_out - 153 - example_id_label : 0
2022-06-06 18:00:59,430 - INFO - preprocess.py - get_out - 154 - example_id_tags : [14, 41, 49, 85]
2022-06-06 18:00:59,431 - INFO - preprocess.py - get_out - 155 - ==========================
2022-06-06 18:00:59,431 - INFO - preprocess.py - get_out - 151 - ==========================
2022-06-06 18:00:59,431 - INFO - preprocess.py - get_out - 152 - example_text : However, the growth rate of <e2start> tumors <e2end> was not markedly inhibited by <e1start> garlic <e1end>. 
2022-06-06 18:00:59,431 - INFO - preprocess.py - get_out - 153 - example_id_label : 2
2022-06-06 18:00:59,431 - INFO - preprocess.py - get_out - 154 - example_id_tags : [83, 107, 28, 52]
2022-06-06 18:00:59,431 - INFO - preprocess.py - get_out - 155 - ==========================
2022-06-06 18:00:59,431 - INFO - preprocess.py - get_out - 151 - ==========================
2022-06-06 18:00:59,432 - INFO - preprocess.py - get_out - 152 - example_text : <e1start> Tobacco <e1end>-related <e2start> cancers <e2end> in Madras, India.  
2022-06-06 18:00:59,432 - INFO - preprocess.py - get_out - 153 - example_id_label : 0
2022-06-06 18:00:59,432 - INFO - preprocess.py - get_out - 154 - example_id_tags : [0, 25, 34, 59]
2022-06-06 18:00:59,432 - INFO - preprocess.py - get_out - 155 - ==========================
2022-06-06 18:00:59,432 - INFO - preprocess.py - get_out - 151 - ==========================
2022-06-06 18:00:59,432 - INFO - preprocess.py - get_out - 152 - example_text : The importance of the <e1start> pecan <e1end> tree pollen in <e2start> allergic <e2end> manifestations.  
2022-06-06 18:00:59,432 - INFO - preprocess.py - get_out - 153 - example_id_label : 0
2022-06-06 18:00:59,432 - INFO - preprocess.py - get_out - 154 - example_id_tags : [22, 45, 61, 87]
2022-06-06 18:00:59,432 - INFO - preprocess.py - get_out - 155 - ==========================
2022-06-06 18:00:59,459 - INFO - preprocess.py - convert_examples_to_features - 120 - Convert 11 examples to features
2022-06-06 18:00:59,460 - INFO - preprocess.py - convert_bert_example - 95 - *** test_example-0 ***
2022-06-06 18:00:59,460 - INFO - preprocess.py - convert_bert_example - 96 - text: [CLS] I t s [UNK] e f f e c t [UNK] o n [UNK] < e 1 s t a r t > [UNK] d i g i t a l i s [UNK] < e 1 e n d > - c a u s e d [UNK] < e 2 s t a r t > [UNK] a t r i a l [UNK] a r r h y t h m i a s [UNK] < e 2 e n d > [UNK] i s [UNK] u n k n o w n. [UNK] [SEP]
2022-06-06 18:00:59,460 - INFO - preprocess.py - convert_bert_example - 97 - token_ids: [101, 146, 189, 188, 100, 174, 175, 175, 174, 172, 189, 100, 184, 183, 100, 133, 174, 122, 188, 189, 170, 187, 189, 135, 100, 173, 178, 176, 178, 189, 170, 181, 178, 188, 100, 133, 174, 122, 174, 183, 173, 135, 118, 172, 170, 190, 188, 174, 173, 100, 133, 174, 123, 188, 189, 170, 187, 189, 135, 100, 170, 189, 187, 178, 170, 181, 100, 170, 187, 187, 177, 194, 189, 177, 182, 178, 170, 188, 100, 133, 174, 123, 174, 183, 173, 135, 100, 178, 188, 100, 190, 183, 180, 183, 184, 192, 183, 119, 100, 102, 0, 0, 0, 0, 0, 0, 0, 0, 0, 0, 0, 0, 0, 0, 0, 0, 0, 0, 0, 0, 0, 0, 0, 0, 0, 0, 0, 0]
2022-06-06 18:00:59,460 - INFO - preprocess.py - convert_bert_example - 98 - attention_masks: [1, 1, 1, 1, 1, 1, 1, 1, 1, 1, 1, 1, 1, 1, 1, 1, 1, 1, 1, 1, 1, 1, 1, 1, 1, 1, 1, 1, 1, 1, 1, 1, 1, 1, 1, 1, 1, 1, 1, 1, 1, 1, 1, 1, 1, 1, 1, 1, 1, 1, 1, 1, 1, 1, 1, 1, 1, 1, 1, 1, 1, 1, 1, 1, 1, 1, 1, 1, 1, 1, 1, 1, 1, 1, 1, 1, 1, 1, 1, 1, 1, 1, 1, 1, 1, 1, 1, 1, 1, 1, 1, 1, 1, 1, 1, 1, 1, 1, 1, 1, 0, 0, 0, 0, 0, 0, 0, 0, 0, 0, 0, 0, 0, 0, 0, 0, 0, 0, 0, 0, 0, 0, 0, 0, 0, 0, 0, 0]
2022-06-06 18:00:59,460 - INFO - preprocess.py - convert_bert_example - 99 - token_type_ids: [0, 0, 0, 0, 0, 0, 0, 0, 0, 0, 0, 0, 0, 0, 0, 0, 0, 0, 0, 0, 0, 0, 0, 0, 0, 0, 0, 0, 0, 0, 0, 0, 0, 0, 0, 0, 0, 0, 0, 0, 0, 0, 0, 0, 0, 0, 0, 0, 0, 0, 0, 0, 0, 0, 0, 0, 0, 0, 0, 0, 0, 0, 0, 0, 0, 0, 0, 0, 0, 0, 0, 0, 0, 0, 0, 0, 0, 0, 0, 0, 0, 0, 0, 0, 0, 0, 0, 0, 0, 0, 0, 0, 0, 0, 0, 0, 0, 0, 0, 0, 0, 0, 0, 0, 0, 0, 0, 0, 0, 0, 0, 0, 0, 0, 0, 0, 0, 0, 0, 0, 0, 0, 0, 0, 0, 0, 0, 0]
2022-06-06 18:00:59,461 - INFO - preprocess.py - convert_bert_example - 100 - labels: 0
2022-06-06 18:00:59,461 - INFO - preprocess.py - convert_bert_example - 101 - ids: [15, 42, 50, 86]
2022-06-06 18:00:59,461 - INFO - preprocess.py - convert_bert_example - 95 - *** test_example-1 ***
2022-06-06 18:00:59,462 - INFO - preprocess.py - convert_bert_example - 96 - text: [CLS] H o w e v e r, [UNK] t h e [UNK] g r o w t h [UNK] r a t e [UNK] o f [UNK] < e 2 s t a r t > [UNK] t u m o r s [UNK] < e 2 e n d > [UNK] w a s [UNK] n o t [UNK] m a r k e d l y [UNK] i n h i b i t e d [UNK] b y [UNK] < e 1 s t a r t > [UNK] g a r l i c [UNK] < e 1 e n d >. [UNK] [SEP]
2022-06-06 18:00:59,462 - INFO - preprocess.py - convert_bert_example - 97 - token_ids: [101, 145, 184, 192, 174, 191, 174, 187, 117, 100, 189, 177, 174, 100, 176, 187, 184, 192, 189, 177, 100, 187, 170, 189, 174, 100, 184, 175, 100, 133, 174, 123, 188, 189, 170, 187, 189, 135, 100, 189, 190, 182, 184, 187, 188, 100, 133, 174, 123, 174, 183, 173, 135, 100, 192, 170, 188, 100, 183, 184, 189, 100, 182, 170, 187, 180, 174, 173, 181, 194, 100, 178, 183, 177, 178, 171, 178, 189, 174, 173, 100, 171, 194, 100, 133, 174, 122, 188, 189, 170, 187, 189, 135, 100, 176, 170, 187, 181, 178, 172, 100, 133, 174, 122, 174, 183, 173, 135, 119, 100, 102, 0, 0, 0, 0, 0, 0, 0, 0, 0, 0, 0, 0, 0, 0, 0, 0, 0]
2022-06-06 18:00:59,462 - INFO - preprocess.py - convert_bert_example - 98 - attention_masks: [1, 1, 1, 1, 1, 1, 1, 1, 1, 1, 1, 1, 1, 1, 1, 1, 1, 1, 1, 1, 1, 1, 1, 1, 1, 1, 1, 1, 1, 1, 1, 1, 1, 1, 1, 1, 1, 1, 1, 1, 1, 1, 1, 1, 1, 1, 1, 1, 1, 1, 1, 1, 1, 1, 1, 1, 1, 1, 1, 1, 1, 1, 1, 1, 1, 1, 1, 1, 1, 1, 1, 1, 1, 1, 1, 1, 1, 1, 1, 1, 1, 1, 1, 1, 1, 1, 1, 1, 1, 1, 1, 1, 1, 1, 1, 1, 1, 1, 1, 1, 1, 1, 1, 1, 1, 1, 1, 1, 1, 1, 1, 0, 0, 0, 0, 0, 0, 0, 0, 0, 0, 0, 0, 0, 0, 0, 0, 0]
2022-06-06 18:00:59,462 - INFO - preprocess.py - convert_bert_example - 99 - token_type_ids: [0, 0, 0, 0, 0, 0, 0, 0, 0, 0, 0, 0, 0, 0, 0, 0, 0, 0, 0, 0, 0, 0, 0, 0, 0, 0, 0, 0, 0, 0, 0, 0, 0, 0, 0, 0, 0, 0, 0, 0, 0, 0, 0, 0, 0, 0, 0, 0, 0, 0, 0, 0, 0, 0, 0, 0, 0, 0, 0, 0, 0, 0, 0, 0, 0, 0, 0, 0, 0, 0, 0, 0, 0, 0, 0, 0, 0, 0, 0, 0, 0, 0, 0, 0, 0, 0, 0, 0, 0, 0, 0, 0, 0, 0, 0, 0, 0, 0, 0, 0, 0, 0, 0, 0, 0, 0, 0, 0, 0, 0, 0, 0, 0, 0, 0, 0, 0, 0, 0, 0, 0, 0, 0, 0, 0, 0, 0, 0]
2022-06-06 18:00:59,462 - INFO - preprocess.py - convert_bert_example - 100 - labels: 2
2022-06-06 18:00:59,462 - INFO - preprocess.py - convert_bert_example - 101 - ids: [84, 108, 29, 53]
2022-06-06 18:00:59,463 - INFO - preprocess.py - convert_bert_example - 95 - *** test_example-2 ***
2022-06-06 18:00:59,463 - INFO - preprocess.py - convert_bert_example - 96 - text: [CLS] < e 1 s t a r t > [UNK] T o b a c c o [UNK] < e 1 e n d > - r e l a t e d [UNK] < e 2 s t a r t > [UNK] c a n c e r s [UNK] < e 2 e n d > [UNK] i n [UNK] M a d r a s, [UNK] I n d i a. [UNK] [UNK] [SEP]
2022-06-06 18:00:59,463 - INFO - preprocess.py - convert_bert_example - 97 - token_ids: [101, 133, 174, 122, 188, 189, 170, 187, 189, 135, 100, 157, 184, 171, 170, 172, 172, 184, 100, 133, 174, 122, 174, 183, 173, 135, 118, 187, 174, 181, 170, 189, 174, 173, 100, 133, 174, 123, 188, 189, 170, 187, 189, 135, 100, 172, 170, 183, 172, 174, 187, 188, 100, 133, 174, 123, 174, 183, 173, 135, 100, 178, 183, 100, 150, 170, 173, 187, 170, 188, 117, 100, 146, 183, 173, 178, 170, 119, 100, 100, 102, 0, 0, 0, 0, 0, 0, 0, 0, 0, 0, 0, 0, 0, 0, 0, 0, 0, 0, 0, 0, 0, 0, 0, 0, 0, 0, 0, 0, 0, 0, 0, 0, 0, 0, 0, 0, 0, 0, 0, 0, 0, 0, 0, 0, 0, 0, 0]
2022-06-06 18:00:59,463 - INFO - preprocess.py - convert_bert_example - 98 - attention_masks: [1, 1, 1, 1, 1, 1, 1, 1, 1, 1, 1, 1, 1, 1, 1, 1, 1, 1, 1, 1, 1, 1, 1, 1, 1, 1, 1, 1, 1, 1, 1, 1, 1, 1, 1, 1, 1, 1, 1, 1, 1, 1, 1, 1, 1, 1, 1, 1, 1, 1, 1, 1, 1, 1, 1, 1, 1, 1, 1, 1, 1, 1, 1, 1, 1, 1, 1, 1, 1, 1, 1, 1, 1, 1, 1, 1, 1, 1, 1, 1, 1, 0, 0, 0, 0, 0, 0, 0, 0, 0, 0, 0, 0, 0, 0, 0, 0, 0, 0, 0, 0, 0, 0, 0, 0, 0, 0, 0, 0, 0, 0, 0, 0, 0, 0, 0, 0, 0, 0, 0, 0, 0, 0, 0, 0, 0, 0, 0]
2022-06-06 18:00:59,463 - INFO - preprocess.py - convert_bert_example - 99 - token_type_ids: [0, 0, 0, 0, 0, 0, 0, 0, 0, 0, 0, 0, 0, 0, 0, 0, 0, 0, 0, 0, 0, 0, 0, 0, 0, 0, 0, 0, 0, 0, 0, 0, 0, 0, 0, 0, 0, 0, 0, 0, 0, 0, 0, 0, 0, 0, 0, 0, 0, 0, 0, 0, 0, 0, 0, 0, 0, 0, 0, 0, 0, 0, 0, 0, 0, 0, 0, 0, 0, 0, 0, 0, 0, 0, 0, 0, 0, 0, 0, 0, 0, 0, 0, 0, 0, 0, 0, 0, 0, 0, 0, 0, 0, 0, 0, 0, 0, 0, 0, 0, 0, 0, 0, 0, 0, 0, 0, 0, 0, 0, 0, 0, 0, 0, 0, 0, 0, 0, 0, 0, 0, 0, 0, 0, 0, 0, 0, 0]
2022-06-06 18:00:59,464 - INFO - preprocess.py - convert_bert_example - 100 - labels: 0
2022-06-06 18:00:59,464 - INFO - preprocess.py - convert_bert_example - 101 - ids: [1, 26, 35, 60]
2022-06-06 18:00:59,464 - INFO - preprocess.py - convert_bert_example - 95 - *** test_example-3 ***
2022-06-06 18:00:59,465 - INFO - preprocess.py - convert_bert_example - 96 - text: [CLS] T h e [UNK] i m p o r t a n c e [UNK] o f [UNK] t h e [UNK] < e 1 s t a r t > [UNK] p e c a n [UNK] < e 1 e n d > [UNK] t r e e [UNK] p o l l e n [UNK] i n [UNK] < e 2 s t a r t > [UNK] a l l e r g i c [UNK] < e 2 e n d > [UNK] m a n i f e s t a t i o n s. [UNK] [UNK] [SEP]
2022-06-06 18:00:59,465 - INFO - preprocess.py - convert_bert_example - 97 - token_ids: [101, 157, 177, 174, 100, 178, 182, 185, 184, 187, 189, 170, 183, 172, 174, 100, 184, 175, 100, 189, 177, 174, 100, 133, 174, 122, 188, 189, 170, 187, 189, 135, 100, 185, 174, 172, 170, 183, 100, 133, 174, 122, 174, 183, 173, 135, 100, 189, 187, 174, 174, 100, 185, 184, 181, 181, 174, 183, 100, 178, 183, 100, 133, 174, 123, 188, 189, 170, 187, 189, 135, 100, 170, 181, 181, 174, 187, 176, 178, 172, 100, 133, 174, 123, 174, 183, 173, 135, 100, 182, 170, 183, 178, 175, 174, 188, 189, 170, 189, 178, 184, 183, 188, 119, 100, 100, 102, 0, 0, 0, 0, 0, 0, 0, 0, 0, 0, 0, 0, 0, 0, 0, 0, 0, 0, 0, 0, 0]
2022-06-06 18:00:59,465 - INFO - preprocess.py - convert_bert_example - 98 - attention_masks: [1, 1, 1, 1, 1, 1, 1, 1, 1, 1, 1, 1, 1, 1, 1, 1, 1, 1, 1, 1, 1, 1, 1, 1, 1, 1, 1, 1, 1, 1, 1, 1, 1, 1, 1, 1, 1, 1, 1, 1, 1, 1, 1, 1, 1, 1, 1, 1, 1, 1, 1, 1, 1, 1, 1, 1, 1, 1, 1, 1, 1, 1, 1, 1, 1, 1, 1, 1, 1, 1, 1, 1, 1, 1, 1, 1, 1, 1, 1, 1, 1, 1, 1, 1, 1, 1, 1, 1, 1, 1, 1, 1, 1, 1, 1, 1, 1, 1, 1, 1, 1, 1, 1, 1, 1, 1, 1, 0, 0, 0, 0, 0, 0, 0, 0, 0, 0, 0, 0, 0, 0, 0, 0, 0, 0, 0, 0, 0]
2022-06-06 18:00:59,465 - INFO - preprocess.py - convert_bert_example - 99 - token_type_ids: [0, 0, 0, 0, 0, 0, 0, 0, 0, 0, 0, 0, 0, 0, 0, 0, 0, 0, 0, 0, 0, 0, 0, 0, 0, 0, 0, 0, 0, 0, 0, 0, 0, 0, 0, 0, 0, 0, 0, 0, 0, 0, 0, 0, 0, 0, 0, 0, 0, 0, 0, 0, 0, 0, 0, 0, 0, 0, 0, 0, 0, 0, 0, 0, 0, 0, 0, 0, 0, 0, 0, 0, 0, 0, 0, 0, 0, 0, 0, 0, 0, 0, 0, 0, 0, 0, 0, 0, 0, 0, 0, 0, 0, 0, 0, 0, 0, 0, 0, 0, 0, 0, 0, 0, 0, 0, 0, 0, 0, 0, 0, 0, 0, 0, 0, 0, 0, 0, 0, 0, 0, 0, 0, 0, 0, 0, 0, 0]
2022-06-06 18:00:59,465 - INFO - preprocess.py - convert_bert_example - 100 - labels: 0
2022-06-06 18:00:59,465 - INFO - preprocess.py - convert_bert_example - 101 - ids: [23, 46, 62, 88]
2022-06-06 18:00:59,466 - INFO - preprocess.py - convert_examples_to_features - 134 - Build 11 features
