2022-06-04 22:02:26,739 - INFO - preprocess.py - <module> - 180 - {'output_dir': 'output/checkpoint/', 'bert_dir': 'model/BiomedNLP-PubMedBERT/', 'data_dir': 'input/data/', 'log_dir': 'output/logs/', 'num_tags': 4, 'seed': 123, 'gpu_ids': '0', 'max_seq_len': 128, 'eval_batch_size': 64, 'swa_start': 3, 'train_epochs': 10, 'dropout_prob': 0.8, 'lr': 1e-05, 'other_lr': 0.0001, 'max_grad_norm': 1, 'warmup_proportion': 0.1, 'weight_decay': 0.01, 'adam_epsilon': 1e-12, 'train_batch_size': 64, 'eval_model': True}
2022-06-04 22:02:26,742 - INFO - preprocess.py - get_out - 151 - ==========================
2022-06-04 22:02:26,742 - INFO - preprocess.py - get_out - 152 - example_text : Halothane is known to oppose <e1start> digitalis <e1end>-induced <e2start> ventricular arrhythmias <e2end>. 
2022-06-04 22:02:26,742 - INFO - preprocess.py - get_out - 153 - example_id_label : 0
2022-06-04 22:02:26,742 - INFO - preprocess.py - get_out - 154 - example_id_tags : [29, 56, 65, 106]
2022-06-04 22:02:26,743 - INFO - preprocess.py - get_out - 155 - ==========================
2022-06-04 22:02:26,743 - INFO - preprocess.py - get_out - 151 - ==========================
2022-06-04 22:02:26,743 - INFO - preprocess.py - get_out - 152 - example_text : Both cases proved to be <e1start> cotton <e1end>-material-induced <e2start> granulomas <e2end>. 
2022-06-04 22:02:26,743 - INFO - preprocess.py - get_out - 153 - example_id_label : 0
2022-06-04 22:02:26,743 - INFO - preprocess.py - get_out - 154 - example_id_tags : [24, 48, 66, 94]
2022-06-04 22:02:26,744 - INFO - preprocess.py - get_out - 155 - ==========================
2022-06-04 22:02:26,744 - INFO - preprocess.py - get_out - 151 - ==========================
2022-06-04 22:02:26,744 - INFO - preprocess.py - get_out - 152 - example_text : The evidence for <e1start> soybean <e1end> products as <e2start> cancer <e2end> preventive agents.  
2022-06-04 22:02:26,744 - INFO - preprocess.py - get_out - 153 - example_id_label : 1
2022-06-04 22:02:26,744 - INFO - preprocess.py - get_out - 154 - example_id_tags : [17, 42, 55, 79]
2022-06-04 22:02:26,744 - INFO - preprocess.py - get_out - 155 - ==========================
2022-06-04 22:02:26,744 - INFO - preprocess.py - get_out - 151 - ==========================
2022-06-04 22:02:26,745 - INFO - preprocess.py - get_out - 152 - example_text : [Mortality trends in <e2start> cancer <e2end> attributable to <e1start> tobacco <e1end> in Mexico].  
2022-06-04 22:02:26,745 - INFO - preprocess.py - get_out - 153 - example_id_label : 0
2022-06-04 22:02:26,745 - INFO - preprocess.py - get_out - 154 - example_id_tags : [62, 87, 21, 45]
2022-06-04 22:02:26,745 - INFO - preprocess.py - get_out - 155 - ==========================
2022-06-04 22:02:27,162 - INFO - preprocess.py - convert_examples_to_features - 120 - Convert 46 examples to features
2022-06-04 22:02:27,163 - INFO - preprocess.py - convert_bert_example - 95 - *** train_example-0 ***
2022-06-04 22:02:27,163 - INFO - preprocess.py - convert_bert_example - 96 - text: [CLS] [UNK] a l o t h a n e [UNK] i s [UNK] k n o w n [UNK] t o [UNK] o p p o s e [UNK] < e 1 s t a r t > [UNK] d i g i t a l i s [UNK] < e 1 e n d > - i n d u c e d [UNK] < e 2 s t a r t > [UNK] v e n t r i c u l a r [UNK] a r r h y t h m i a s [UNK] < e 2 e n d >. [UNK] [SEP]
2022-06-04 22:02:27,163 - INFO - preprocess.py - convert_bert_example - 97 - token_ids: [2, 1, 43, 54, 57, 62, 50, 43, 56, 47, 1, 51, 61, 1, 53, 56, 57, 65, 56, 1, 62, 57, 1, 57, 58, 58, 57, 61, 47, 1, 32, 47, 21, 61, 62, 43, 60, 62, 34, 1, 46, 51, 49, 51, 62, 43, 54, 51, 61, 1, 32, 47, 21, 47, 56, 46, 34, 17, 51, 56, 46, 63, 45, 47, 46, 1, 32, 47, 22, 61, 62, 43, 60, 62, 34, 1, 64, 47, 56, 62, 60, 51, 45, 63, 54, 43, 60, 1, 43, 60, 60, 50, 67, 62, 50, 55, 51, 43, 61, 1, 32, 47, 22, 47, 56, 46, 34, 18, 1, 3, 0, 0, 0, 0, 0, 0, 0, 0, 0, 0, 0, 0, 0, 0, 0, 0, 0, 0]
2022-06-04 22:02:27,163 - INFO - preprocess.py - convert_bert_example - 98 - attention_masks: [1, 1, 1, 1, 1, 1, 1, 1, 1, 1, 1, 1, 1, 1, 1, 1, 1, 1, 1, 1, 1, 1, 1, 1, 1, 1, 1, 1, 1, 1, 1, 1, 1, 1, 1, 1, 1, 1, 1, 1, 1, 1, 1, 1, 1, 1, 1, 1, 1, 1, 1, 1, 1, 1, 1, 1, 1, 1, 1, 1, 1, 1, 1, 1, 1, 1, 1, 1, 1, 1, 1, 1, 1, 1, 1, 1, 1, 1, 1, 1, 1, 1, 1, 1, 1, 1, 1, 1, 1, 1, 1, 1, 1, 1, 1, 1, 1, 1, 1, 1, 1, 1, 1, 1, 1, 1, 1, 1, 1, 1, 0, 0, 0, 0, 0, 0, 0, 0, 0, 0, 0, 0, 0, 0, 0, 0, 0, 0]
2022-06-04 22:02:27,163 - INFO - preprocess.py - convert_bert_example - 99 - token_type_ids: [0, 0, 0, 0, 0, 0, 0, 0, 0, 0, 0, 0, 0, 0, 0, 0, 0, 0, 0, 0, 0, 0, 0, 0, 0, 0, 0, 0, 0, 0, 0, 0, 0, 0, 0, 0, 0, 0, 0, 0, 0, 0, 0, 0, 0, 0, 0, 0, 0, 0, 0, 0, 0, 0, 0, 0, 0, 0, 0, 0, 0, 0, 0, 0, 0, 0, 0, 0, 0, 0, 0, 0, 0, 0, 0, 0, 0, 0, 0, 0, 0, 0, 0, 0, 0, 0, 0, 0, 0, 0, 0, 0, 0, 0, 0, 0, 0, 0, 0, 0, 0, 0, 0, 0, 0, 0, 0, 0, 0, 0, 0, 0, 0, 0, 0, 0, 0, 0, 0, 0, 0, 0, 0, 0, 0, 0, 0, 0]
2022-06-04 22:02:27,164 - INFO - preprocess.py - convert_bert_example - 100 - labels: 0
2022-06-04 22:02:27,164 - INFO - preprocess.py - convert_bert_example - 101 - ids: [30, 57, 66, 107]
2022-06-04 22:02:27,164 - INFO - preprocess.py - convert_bert_example - 95 - *** train_example-1 ***
2022-06-04 22:02:27,165 - INFO - preprocess.py - convert_bert_example - 96 - text: [CLS] [UNK] o t h [UNK] c a s e s [UNK] p r o v e d [UNK] t o [UNK] b e [UNK] < e 1 s t a r t > [UNK] c o t t o n [UNK] < e 1 e n d > - m a t e r i a l - i n d u c e d [UNK] < e 2 s t a r t > [UNK] g r a n u l o m a s [UNK] < e 2 e n d >. [UNK] [SEP]
2022-06-04 22:02:27,165 - INFO - preprocess.py - convert_bert_example - 97 - token_ids: [2, 1, 57, 62, 50, 1, 45, 43, 61, 47, 61, 1, 58, 60, 57, 64, 47, 46, 1, 62, 57, 1, 44, 47, 1, 32, 47, 21, 61, 62, 43, 60, 62, 34, 1, 45, 57, 62, 62, 57, 56, 1, 32, 47, 21, 47, 56, 46, 34, 17, 55, 43, 62, 47, 60, 51, 43, 54, 17, 51, 56, 46, 63, 45, 47, 46, 1, 32, 47, 22, 61, 62, 43, 60, 62, 34, 1, 49, 60, 43, 56, 63, 54, 57, 55, 43, 61, 1, 32, 47, 22, 47, 56, 46, 34, 18, 1, 3, 0, 0, 0, 0, 0, 0, 0, 0, 0, 0, 0, 0, 0, 0, 0, 0, 0, 0, 0, 0, 0, 0, 0, 0, 0, 0, 0, 0, 0, 0]
2022-06-04 22:02:27,165 - INFO - preprocess.py - convert_bert_example - 98 - attention_masks: [1, 1, 1, 1, 1, 1, 1, 1, 1, 1, 1, 1, 1, 1, 1, 1, 1, 1, 1, 1, 1, 1, 1, 1, 1, 1, 1, 1, 1, 1, 1, 1, 1, 1, 1, 1, 1, 1, 1, 1, 1, 1, 1, 1, 1, 1, 1, 1, 1, 1, 1, 1, 1, 1, 1, 1, 1, 1, 1, 1, 1, 1, 1, 1, 1, 1, 1, 1, 1, 1, 1, 1, 1, 1, 1, 1, 1, 1, 1, 1, 1, 1, 1, 1, 1, 1, 1, 1, 1, 1, 1, 1, 1, 1, 1, 1, 1, 1, 0, 0, 0, 0, 0, 0, 0, 0, 0, 0, 0, 0, 0, 0, 0, 0, 0, 0, 0, 0, 0, 0, 0, 0, 0, 0, 0, 0, 0, 0]
2022-06-04 22:02:27,165 - INFO - preprocess.py - convert_bert_example - 99 - token_type_ids: [0, 0, 0, 0, 0, 0, 0, 0, 0, 0, 0, 0, 0, 0, 0, 0, 0, 0, 0, 0, 0, 0, 0, 0, 0, 0, 0, 0, 0, 0, 0, 0, 0, 0, 0, 0, 0, 0, 0, 0, 0, 0, 0, 0, 0, 0, 0, 0, 0, 0, 0, 0, 0, 0, 0, 0, 0, 0, 0, 0, 0, 0, 0, 0, 0, 0, 0, 0, 0, 0, 0, 0, 0, 0, 0, 0, 0, 0, 0, 0, 0, 0, 0, 0, 0, 0, 0, 0, 0, 0, 0, 0, 0, 0, 0, 0, 0, 0, 0, 0, 0, 0, 0, 0, 0, 0, 0, 0, 0, 0, 0, 0, 0, 0, 0, 0, 0, 0, 0, 0, 0, 0, 0, 0, 0, 0, 0, 0]
2022-06-04 22:02:27,165 - INFO - preprocess.py - convert_bert_example - 100 - labels: 0
2022-06-04 22:02:27,166 - INFO - preprocess.py - convert_bert_example - 101 - ids: [25, 49, 67, 95]
2022-06-04 22:02:27,169 - INFO - preprocess.py - convert_bert_example - 95 - *** train_example-2 ***
2022-06-04 22:02:27,169 - INFO - preprocess.py - convert_bert_example - 96 - text: [CLS] [UNK] h e [UNK] e v i d e n c e [UNK] f o r [UNK] < e 1 s t a r t > [UNK] s o y b e a n [UNK] < e 1 e n d > [UNK] p r o d u c t s [UNK] a s [UNK] < e 2 s t a r t > [UNK] c a n c e r [UNK] < e 2 e n d > [UNK] p r e v e n t i v e [UNK] a g e n t s. [UNK] [UNK] [SEP]
2022-06-04 22:02:27,170 - INFO - preprocess.py - convert_bert_example - 97 - token_ids: [2, 1, 50, 47, 1, 47, 64, 51, 46, 47, 56, 45, 47, 1, 48, 57, 60, 1, 32, 47, 21, 61, 62, 43, 60, 62, 34, 1, 61, 57, 67, 44, 47, 43, 56, 1, 32, 47, 21, 47, 56, 46, 34, 1, 58, 60, 57, 46, 63, 45, 62, 61, 1, 43, 61, 1, 32, 47, 22, 61, 62, 43, 60, 62, 34, 1, 45, 43, 56, 45, 47, 60, 1, 32, 47, 22, 47, 56, 46, 34, 1, 58, 60, 47, 64, 47, 56, 62, 51, 64, 47, 1, 43, 49, 47, 56, 62, 61, 18, 1, 1, 3, 0, 0, 0, 0, 0, 0, 0, 0, 0, 0, 0, 0, 0, 0, 0, 0, 0, 0, 0, 0, 0, 0, 0, 0, 0, 0]
2022-06-04 22:02:27,170 - INFO - preprocess.py - convert_bert_example - 98 - attention_masks: [1, 1, 1, 1, 1, 1, 1, 1, 1, 1, 1, 1, 1, 1, 1, 1, 1, 1, 1, 1, 1, 1, 1, 1, 1, 1, 1, 1, 1, 1, 1, 1, 1, 1, 1, 1, 1, 1, 1, 1, 1, 1, 1, 1, 1, 1, 1, 1, 1, 1, 1, 1, 1, 1, 1, 1, 1, 1, 1, 1, 1, 1, 1, 1, 1, 1, 1, 1, 1, 1, 1, 1, 1, 1, 1, 1, 1, 1, 1, 1, 1, 1, 1, 1, 1, 1, 1, 1, 1, 1, 1, 1, 1, 1, 1, 1, 1, 1, 1, 1, 1, 1, 0, 0, 0, 0, 0, 0, 0, 0, 0, 0, 0, 0, 0, 0, 0, 0, 0, 0, 0, 0, 0, 0, 0, 0, 0, 0]
2022-06-04 22:02:27,170 - INFO - preprocess.py - convert_bert_example - 99 - token_type_ids: [0, 0, 0, 0, 0, 0, 0, 0, 0, 0, 0, 0, 0, 0, 0, 0, 0, 0, 0, 0, 0, 0, 0, 0, 0, 0, 0, 0, 0, 0, 0, 0, 0, 0, 0, 0, 0, 0, 0, 0, 0, 0, 0, 0, 0, 0, 0, 0, 0, 0, 0, 0, 0, 0, 0, 0, 0, 0, 0, 0, 0, 0, 0, 0, 0, 0, 0, 0, 0, 0, 0, 0, 0, 0, 0, 0, 0, 0, 0, 0, 0, 0, 0, 0, 0, 0, 0, 0, 0, 0, 0, 0, 0, 0, 0, 0, 0, 0, 0, 0, 0, 0, 0, 0, 0, 0, 0, 0, 0, 0, 0, 0, 0, 0, 0, 0, 0, 0, 0, 0, 0, 0, 0, 0, 0, 0, 0, 0]
2022-06-04 22:02:27,170 - INFO - preprocess.py - convert_bert_example - 100 - labels: 1
2022-06-04 22:02:27,170 - INFO - preprocess.py - convert_bert_example - 101 - ids: [18, 43, 56, 80]
2022-06-04 22:02:27,171 - INFO - preprocess.py - convert_bert_example - 95 - *** train_example-3 ***
2022-06-04 22:02:27,171 - INFO - preprocess.py - convert_bert_example - 96 - text: [CLS] [ [UNK] o r t a l i t y [UNK] t r e n d s [UNK] i n [UNK] < e 2 s t a r t > [UNK] c a n c e r [UNK] < e 2 e n d > [UNK] a t t r i b u t a b l e [UNK] t o [UNK] < e 1 s t a r t > [UNK] t o b a c c o [UNK] < e 1 e n d > [UNK] i n [UNK] [UNK] e x i c o ]. [UNK] [UNK] [SEP]
2022-06-04 22:02:27,171 - INFO - preprocess.py - convert_bert_example - 97 - token_ids: [2, 37, 1, 57, 60, 62, 43, 54, 51, 62, 67, 1, 62, 60, 47, 56, 46, 61, 1, 51, 56, 1, 32, 47, 22, 61, 62, 43, 60, 62, 34, 1, 45, 43, 56, 45, 47, 60, 1, 32, 47, 22, 47, 56, 46, 34, 1, 43, 62, 62, 60, 51, 44, 63, 62, 43, 44, 54, 47, 1, 62, 57, 1, 32, 47, 21, 61, 62, 43, 60, 62, 34, 1, 62, 57, 44, 43, 45, 45, 57, 1, 32, 47, 21, 47, 56, 46, 34, 1, 51, 56, 1, 1, 47, 66, 51, 45, 57, 39, 18, 1, 1, 3, 0, 0, 0, 0, 0, 0, 0, 0, 0, 0, 0, 0, 0, 0, 0, 0, 0, 0, 0, 0, 0, 0, 0, 0, 0]
2022-06-04 22:02:27,172 - INFO - preprocess.py - convert_bert_example - 98 - attention_masks: [1, 1, 1, 1, 1, 1, 1, 1, 1, 1, 1, 1, 1, 1, 1, 1, 1, 1, 1, 1, 1, 1, 1, 1, 1, 1, 1, 1, 1, 1, 1, 1, 1, 1, 1, 1, 1, 1, 1, 1, 1, 1, 1, 1, 1, 1, 1, 1, 1, 1, 1, 1, 1, 1, 1, 1, 1, 1, 1, 1, 1, 1, 1, 1, 1, 1, 1, 1, 1, 1, 1, 1, 1, 1, 1, 1, 1, 1, 1, 1, 1, 1, 1, 1, 1, 1, 1, 1, 1, 1, 1, 1, 1, 1, 1, 1, 1, 1, 1, 1, 1, 1, 1, 0, 0, 0, 0, 0, 0, 0, 0, 0, 0, 0, 0, 0, 0, 0, 0, 0, 0, 0, 0, 0, 0, 0, 0, 0]
2022-06-04 22:02:27,172 - INFO - preprocess.py - convert_bert_example - 99 - token_type_ids: [0, 0, 0, 0, 0, 0, 0, 0, 0, 0, 0, 0, 0, 0, 0, 0, 0, 0, 0, 0, 0, 0, 0, 0, 0, 0, 0, 0, 0, 0, 0, 0, 0, 0, 0, 0, 0, 0, 0, 0, 0, 0, 0, 0, 0, 0, 0, 0, 0, 0, 0, 0, 0, 0, 0, 0, 0, 0, 0, 0, 0, 0, 0, 0, 0, 0, 0, 0, 0, 0, 0, 0, 0, 0, 0, 0, 0, 0, 0, 0, 0, 0, 0, 0, 0, 0, 0, 0, 0, 0, 0, 0, 0, 0, 0, 0, 0, 0, 0, 0, 0, 0, 0, 0, 0, 0, 0, 0, 0, 0, 0, 0, 0, 0, 0, 0, 0, 0, 0, 0, 0, 0, 0, 0, 0, 0, 0, 0]
2022-06-04 22:02:27,172 - INFO - preprocess.py - convert_bert_example - 100 - labels: 0
2022-06-04 22:02:27,172 - INFO - preprocess.py - convert_bert_example - 101 - ids: [63, 88, 22, 46]
2022-06-04 22:02:27,177 - INFO - preprocess.py - convert_examples_to_features - 134 - Build 46 features
2022-06-04 22:02:27,568 - INFO - preprocess.py - get_out - 151 - ==========================
2022-06-04 22:02:27,568 - INFO - preprocess.py - get_out - 152 - example_text : Its effect on <e1start> digitalis <e1end>-caused <e2start> atrial arrhythmias <e2end> is unknown. 
2022-06-04 22:02:27,569 - INFO - preprocess.py - get_out - 153 - example_id_label : 0
2022-06-04 22:02:27,569 - INFO - preprocess.py - get_out - 154 - example_id_tags : [14, 41, 49, 85]
2022-06-04 22:02:27,569 - INFO - preprocess.py - get_out - 155 - ==========================
2022-06-04 22:02:27,569 - INFO - preprocess.py - get_out - 151 - ==========================
2022-06-04 22:02:27,569 - INFO - preprocess.py - get_out - 152 - example_text : However, the growth rate of <e2start> tumors <e2end> was not markedly inhibited by <e1start> garlic <e1end>. 
2022-06-04 22:02:27,569 - INFO - preprocess.py - get_out - 153 - example_id_label : 2
2022-06-04 22:02:27,569 - INFO - preprocess.py - get_out - 154 - example_id_tags : [83, 107, 28, 52]
2022-06-04 22:02:27,569 - INFO - preprocess.py - get_out - 155 - ==========================
2022-06-04 22:02:27,569 - INFO - preprocess.py - get_out - 151 - ==========================
2022-06-04 22:02:27,570 - INFO - preprocess.py - get_out - 152 - example_text : <e1start> Tobacco <e1end>-related <e2start> cancers <e2end> in Madras, India.  
2022-06-04 22:02:27,570 - INFO - preprocess.py - get_out - 153 - example_id_label : 0
2022-06-04 22:02:27,570 - INFO - preprocess.py - get_out - 154 - example_id_tags : [0, 25, 34, 59]
2022-06-04 22:02:27,570 - INFO - preprocess.py - get_out - 155 - ==========================
2022-06-04 22:02:27,570 - INFO - preprocess.py - get_out - 151 - ==========================
2022-06-04 22:02:27,570 - INFO - preprocess.py - get_out - 152 - example_text : The importance of the <e1start> pecan <e1end> tree pollen in <e2start> allergic <e2end> manifestations.  
2022-06-04 22:02:27,570 - INFO - preprocess.py - get_out - 153 - example_id_label : 0
2022-06-04 22:02:27,570 - INFO - preprocess.py - get_out - 154 - example_id_tags : [22, 45, 61, 87]
2022-06-04 22:02:27,571 - INFO - preprocess.py - get_out - 155 - ==========================
2022-06-04 22:02:27,597 - INFO - preprocess.py - convert_examples_to_features - 120 - Convert 11 examples to features
2022-06-04 22:02:27,598 - INFO - preprocess.py - convert_bert_example - 95 - *** dev_example-0 ***
2022-06-04 22:02:27,598 - INFO - preprocess.py - convert_bert_example - 96 - text: [CLS] [UNK] t s [UNK] e f f e c t [UNK] o n [UNK] < e 1 s t a r t > [UNK] d i g i t a l i s [UNK] < e 1 e n d > - c a u s e d [UNK] < e 2 s t a r t > [UNK] a t r i a l [UNK] a r r h y t h m i a s [UNK] < e 2 e n d > [UNK] i s [UNK] u n k n o w n. [UNK] [SEP]
2022-06-04 22:02:27,599 - INFO - preprocess.py - convert_bert_example - 97 - token_ids: [2, 1, 62, 61, 1, 47, 48, 48, 47, 45, 62, 1, 57, 56, 1, 32, 47, 21, 61, 62, 43, 60, 62, 34, 1, 46, 51, 49, 51, 62, 43, 54, 51, 61, 1, 32, 47, 21, 47, 56, 46, 34, 17, 45, 43, 63, 61, 47, 46, 1, 32, 47, 22, 61, 62, 43, 60, 62, 34, 1, 43, 62, 60, 51, 43, 54, 1, 43, 60, 60, 50, 67, 62, 50, 55, 51, 43, 61, 1, 32, 47, 22, 47, 56, 46, 34, 1, 51, 61, 1, 63, 56, 53, 56, 57, 65, 56, 18, 1, 3, 0, 0, 0, 0, 0, 0, 0, 0, 0, 0, 0, 0, 0, 0, 0, 0, 0, 0, 0, 0, 0, 0, 0, 0, 0, 0, 0, 0]
2022-06-04 22:02:27,599 - INFO - preprocess.py - convert_bert_example - 98 - attention_masks: [1, 1, 1, 1, 1, 1, 1, 1, 1, 1, 1, 1, 1, 1, 1, 1, 1, 1, 1, 1, 1, 1, 1, 1, 1, 1, 1, 1, 1, 1, 1, 1, 1, 1, 1, 1, 1, 1, 1, 1, 1, 1, 1, 1, 1, 1, 1, 1, 1, 1, 1, 1, 1, 1, 1, 1, 1, 1, 1, 1, 1, 1, 1, 1, 1, 1, 1, 1, 1, 1, 1, 1, 1, 1, 1, 1, 1, 1, 1, 1, 1, 1, 1, 1, 1, 1, 1, 1, 1, 1, 1, 1, 1, 1, 1, 1, 1, 1, 1, 1, 0, 0, 0, 0, 0, 0, 0, 0, 0, 0, 0, 0, 0, 0, 0, 0, 0, 0, 0, 0, 0, 0, 0, 0, 0, 0, 0, 0]
2022-06-04 22:02:27,599 - INFO - preprocess.py - convert_bert_example - 99 - token_type_ids: [0, 0, 0, 0, 0, 0, 0, 0, 0, 0, 0, 0, 0, 0, 0, 0, 0, 0, 0, 0, 0, 0, 0, 0, 0, 0, 0, 0, 0, 0, 0, 0, 0, 0, 0, 0, 0, 0, 0, 0, 0, 0, 0, 0, 0, 0, 0, 0, 0, 0, 0, 0, 0, 0, 0, 0, 0, 0, 0, 0, 0, 0, 0, 0, 0, 0, 0, 0, 0, 0, 0, 0, 0, 0, 0, 0, 0, 0, 0, 0, 0, 0, 0, 0, 0, 0, 0, 0, 0, 0, 0, 0, 0, 0, 0, 0, 0, 0, 0, 0, 0, 0, 0, 0, 0, 0, 0, 0, 0, 0, 0, 0, 0, 0, 0, 0, 0, 0, 0, 0, 0, 0, 0, 0, 0, 0, 0, 0]
2022-06-04 22:02:27,599 - INFO - preprocess.py - convert_bert_example - 100 - labels: 0
2022-06-04 22:02:27,599 - INFO - preprocess.py - convert_bert_example - 101 - ids: [15, 42, 50, 86]
2022-06-04 22:02:27,600 - INFO - preprocess.py - convert_bert_example - 95 - *** dev_example-1 ***
2022-06-04 22:02:27,600 - INFO - preprocess.py - convert_bert_example - 96 - text: [CLS] [UNK] o w e v e r, [UNK] t h e [UNK] g r o w t h [UNK] r a t e [UNK] o f [UNK] < e 2 s t a r t > [UNK] t u m o r s [UNK] < e 2 e n d > [UNK] w a s [UNK] n o t [UNK] m a r k e d l y [UNK] i n h i b i t e d [UNK] b y [UNK] < e 1 s t a r t > [UNK] g a r l i c [UNK] < e 1 e n d >. [UNK] [SEP]
2022-06-04 22:02:27,601 - INFO - preprocess.py - convert_bert_example - 97 - token_ids: [2, 1, 57, 65, 47, 64, 47, 60, 16, 1, 62, 50, 47, 1, 49, 60, 57, 65, 62, 50, 1, 60, 43, 62, 47, 1, 57, 48, 1, 32, 47, 22, 61, 62, 43, 60, 62, 34, 1, 62, 63, 55, 57, 60, 61, 1, 32, 47, 22, 47, 56, 46, 34, 1, 65, 43, 61, 1, 56, 57, 62, 1, 55, 43, 60, 53, 47, 46, 54, 67, 1, 51, 56, 50, 51, 44, 51, 62, 47, 46, 1, 44, 67, 1, 32, 47, 21, 61, 62, 43, 60, 62, 34, 1, 49, 43, 60, 54, 51, 45, 1, 32, 47, 21, 47, 56, 46, 34, 18, 1, 3, 0, 0, 0, 0, 0, 0, 0, 0, 0, 0, 0, 0, 0, 0, 0, 0, 0]
2022-06-04 22:02:27,601 - INFO - preprocess.py - convert_bert_example - 98 - attention_masks: [1, 1, 1, 1, 1, 1, 1, 1, 1, 1, 1, 1, 1, 1, 1, 1, 1, 1, 1, 1, 1, 1, 1, 1, 1, 1, 1, 1, 1, 1, 1, 1, 1, 1, 1, 1, 1, 1, 1, 1, 1, 1, 1, 1, 1, 1, 1, 1, 1, 1, 1, 1, 1, 1, 1, 1, 1, 1, 1, 1, 1, 1, 1, 1, 1, 1, 1, 1, 1, 1, 1, 1, 1, 1, 1, 1, 1, 1, 1, 1, 1, 1, 1, 1, 1, 1, 1, 1, 1, 1, 1, 1, 1, 1, 1, 1, 1, 1, 1, 1, 1, 1, 1, 1, 1, 1, 1, 1, 1, 1, 1, 0, 0, 0, 0, 0, 0, 0, 0, 0, 0, 0, 0, 0, 0, 0, 0, 0]
2022-06-04 22:02:27,601 - INFO - preprocess.py - convert_bert_example - 99 - token_type_ids: [0, 0, 0, 0, 0, 0, 0, 0, 0, 0, 0, 0, 0, 0, 0, 0, 0, 0, 0, 0, 0, 0, 0, 0, 0, 0, 0, 0, 0, 0, 0, 0, 0, 0, 0, 0, 0, 0, 0, 0, 0, 0, 0, 0, 0, 0, 0, 0, 0, 0, 0, 0, 0, 0, 0, 0, 0, 0, 0, 0, 0, 0, 0, 0, 0, 0, 0, 0, 0, 0, 0, 0, 0, 0, 0, 0, 0, 0, 0, 0, 0, 0, 0, 0, 0, 0, 0, 0, 0, 0, 0, 0, 0, 0, 0, 0, 0, 0, 0, 0, 0, 0, 0, 0, 0, 0, 0, 0, 0, 0, 0, 0, 0, 0, 0, 0, 0, 0, 0, 0, 0, 0, 0, 0, 0, 0, 0, 0]
2022-06-04 22:02:27,601 - INFO - preprocess.py - convert_bert_example - 100 - labels: 2
2022-06-04 22:02:27,601 - INFO - preprocess.py - convert_bert_example - 101 - ids: [84, 108, 29, 53]
2022-06-04 22:02:27,602 - INFO - preprocess.py - convert_bert_example - 95 - *** dev_example-2 ***
2022-06-04 22:02:27,602 - INFO - preprocess.py - convert_bert_example - 96 - text: [CLS] < e 1 s t a r t > [UNK] [UNK] o b a c c o [UNK] < e 1 e n d > - r e l a t e d [UNK] < e 2 s t a r t > [UNK] c a n c e r s [UNK] < e 2 e n d > [UNK] i n [UNK] [UNK] a d r a s, [UNK] [UNK] n d i a. [UNK] [UNK] [SEP]
2022-06-04 22:02:27,602 - INFO - preprocess.py - convert_bert_example - 97 - token_ids: [2, 32, 47, 21, 61, 62, 43, 60, 62, 34, 1, 1, 57, 44, 43, 45, 45, 57, 1, 32, 47, 21, 47, 56, 46, 34, 17, 60, 47, 54, 43, 62, 47, 46, 1, 32, 47, 22, 61, 62, 43, 60, 62, 34, 1, 45, 43, 56, 45, 47, 60, 61, 1, 32, 47, 22, 47, 56, 46, 34, 1, 51, 56, 1, 1, 43, 46, 60, 43, 61, 16, 1, 1, 56, 46, 51, 43, 18, 1, 1, 3, 0, 0, 0, 0, 0, 0, 0, 0, 0, 0, 0, 0, 0, 0, 0, 0, 0, 0, 0, 0, 0, 0, 0, 0, 0, 0, 0, 0, 0, 0, 0, 0, 0, 0, 0, 0, 0, 0, 0, 0, 0, 0, 0, 0, 0, 0, 0]
2022-06-04 22:02:27,602 - INFO - preprocess.py - convert_bert_example - 98 - attention_masks: [1, 1, 1, 1, 1, 1, 1, 1, 1, 1, 1, 1, 1, 1, 1, 1, 1, 1, 1, 1, 1, 1, 1, 1, 1, 1, 1, 1, 1, 1, 1, 1, 1, 1, 1, 1, 1, 1, 1, 1, 1, 1, 1, 1, 1, 1, 1, 1, 1, 1, 1, 1, 1, 1, 1, 1, 1, 1, 1, 1, 1, 1, 1, 1, 1, 1, 1, 1, 1, 1, 1, 1, 1, 1, 1, 1, 1, 1, 1, 1, 1, 0, 0, 0, 0, 0, 0, 0, 0, 0, 0, 0, 0, 0, 0, 0, 0, 0, 0, 0, 0, 0, 0, 0, 0, 0, 0, 0, 0, 0, 0, 0, 0, 0, 0, 0, 0, 0, 0, 0, 0, 0, 0, 0, 0, 0, 0, 0]
2022-06-04 22:02:27,602 - INFO - preprocess.py - convert_bert_example - 99 - token_type_ids: [0, 0, 0, 0, 0, 0, 0, 0, 0, 0, 0, 0, 0, 0, 0, 0, 0, 0, 0, 0, 0, 0, 0, 0, 0, 0, 0, 0, 0, 0, 0, 0, 0, 0, 0, 0, 0, 0, 0, 0, 0, 0, 0, 0, 0, 0, 0, 0, 0, 0, 0, 0, 0, 0, 0, 0, 0, 0, 0, 0, 0, 0, 0, 0, 0, 0, 0, 0, 0, 0, 0, 0, 0, 0, 0, 0, 0, 0, 0, 0, 0, 0, 0, 0, 0, 0, 0, 0, 0, 0, 0, 0, 0, 0, 0, 0, 0, 0, 0, 0, 0, 0, 0, 0, 0, 0, 0, 0, 0, 0, 0, 0, 0, 0, 0, 0, 0, 0, 0, 0, 0, 0, 0, 0, 0, 0, 0, 0]
2022-06-04 22:02:27,603 - INFO - preprocess.py - convert_bert_example - 100 - labels: 0
2022-06-04 22:02:27,603 - INFO - preprocess.py - convert_bert_example - 101 - ids: [1, 26, 35, 60]
2022-06-04 22:02:27,604 - INFO - preprocess.py - convert_bert_example - 95 - *** dev_example-3 ***
2022-06-04 22:02:27,604 - INFO - preprocess.py - convert_bert_example - 96 - text: [CLS] [UNK] h e [UNK] i m p o r t a n c e [UNK] o f [UNK] t h e [UNK] < e 1 s t a r t > [UNK] p e c a n [UNK] < e 1 e n d > [UNK] t r e e [UNK] p o l l e n [UNK] i n [UNK] < e 2 s t a r t > [UNK] a l l e r g i c [UNK] < e 2 e n d > [UNK] m a n i f e s t a t i o n s. [UNK] [UNK] [SEP]
2022-06-04 22:02:27,604 - INFO - preprocess.py - convert_bert_example - 97 - token_ids: [2, 1, 50, 47, 1, 51, 55, 58, 57, 60, 62, 43, 56, 45, 47, 1, 57, 48, 1, 62, 50, 47, 1, 32, 47, 21, 61, 62, 43, 60, 62, 34, 1, 58, 47, 45, 43, 56, 1, 32, 47, 21, 47, 56, 46, 34, 1, 62, 60, 47, 47, 1, 58, 57, 54, 54, 47, 56, 1, 51, 56, 1, 32, 47, 22, 61, 62, 43, 60, 62, 34, 1, 43, 54, 54, 47, 60, 49, 51, 45, 1, 32, 47, 22, 47, 56, 46, 34, 1, 55, 43, 56, 51, 48, 47, 61, 62, 43, 62, 51, 57, 56, 61, 18, 1, 1, 3, 0, 0, 0, 0, 0, 0, 0, 0, 0, 0, 0, 0, 0, 0, 0, 0, 0, 0, 0, 0, 0]
2022-06-04 22:02:27,604 - INFO - preprocess.py - convert_bert_example - 98 - attention_masks: [1, 1, 1, 1, 1, 1, 1, 1, 1, 1, 1, 1, 1, 1, 1, 1, 1, 1, 1, 1, 1, 1, 1, 1, 1, 1, 1, 1, 1, 1, 1, 1, 1, 1, 1, 1, 1, 1, 1, 1, 1, 1, 1, 1, 1, 1, 1, 1, 1, 1, 1, 1, 1, 1, 1, 1, 1, 1, 1, 1, 1, 1, 1, 1, 1, 1, 1, 1, 1, 1, 1, 1, 1, 1, 1, 1, 1, 1, 1, 1, 1, 1, 1, 1, 1, 1, 1, 1, 1, 1, 1, 1, 1, 1, 1, 1, 1, 1, 1, 1, 1, 1, 1, 1, 1, 1, 1, 0, 0, 0, 0, 0, 0, 0, 0, 0, 0, 0, 0, 0, 0, 0, 0, 0, 0, 0, 0, 0]
2022-06-04 22:02:27,604 - INFO - preprocess.py - convert_bert_example - 99 - token_type_ids: [0, 0, 0, 0, 0, 0, 0, 0, 0, 0, 0, 0, 0, 0, 0, 0, 0, 0, 0, 0, 0, 0, 0, 0, 0, 0, 0, 0, 0, 0, 0, 0, 0, 0, 0, 0, 0, 0, 0, 0, 0, 0, 0, 0, 0, 0, 0, 0, 0, 0, 0, 0, 0, 0, 0, 0, 0, 0, 0, 0, 0, 0, 0, 0, 0, 0, 0, 0, 0, 0, 0, 0, 0, 0, 0, 0, 0, 0, 0, 0, 0, 0, 0, 0, 0, 0, 0, 0, 0, 0, 0, 0, 0, 0, 0, 0, 0, 0, 0, 0, 0, 0, 0, 0, 0, 0, 0, 0, 0, 0, 0, 0, 0, 0, 0, 0, 0, 0, 0, 0, 0, 0, 0, 0, 0, 0, 0, 0]
2022-06-04 22:02:27,604 - INFO - preprocess.py - convert_bert_example - 100 - labels: 0
2022-06-04 22:02:27,604 - INFO - preprocess.py - convert_bert_example - 101 - ids: [23, 46, 62, 88]
2022-06-04 22:02:27,605 - INFO - preprocess.py - convert_examples_to_features - 134 - Build 11 features
2022-06-04 22:02:27,883 - INFO - preprocess.py - get_out - 151 - ==========================
2022-06-04 22:02:27,883 - INFO - preprocess.py - get_out - 152 - example_text : Its effect on <e1start> digitalis <e1end>-caused <e2start> atrial arrhythmias <e2end> is unknown. 
2022-06-04 22:02:27,884 - INFO - preprocess.py - get_out - 153 - example_id_label : 0
2022-06-04 22:02:27,884 - INFO - preprocess.py - get_out - 154 - example_id_tags : [14, 41, 49, 85]
2022-06-04 22:02:27,884 - INFO - preprocess.py - get_out - 155 - ==========================
2022-06-04 22:02:27,884 - INFO - preprocess.py - get_out - 151 - ==========================
2022-06-04 22:02:27,884 - INFO - preprocess.py - get_out - 152 - example_text : However, the growth rate of <e2start> tumors <e2end> was not markedly inhibited by <e1start> garlic <e1end>. 
2022-06-04 22:02:27,884 - INFO - preprocess.py - get_out - 153 - example_id_label : 2
2022-06-04 22:02:27,884 - INFO - preprocess.py - get_out - 154 - example_id_tags : [83, 107, 28, 52]
2022-06-04 22:02:27,884 - INFO - preprocess.py - get_out - 155 - ==========================
2022-06-04 22:02:27,885 - INFO - preprocess.py - get_out - 151 - ==========================
2022-06-04 22:02:27,885 - INFO - preprocess.py - get_out - 152 - example_text : <e1start> Tobacco <e1end>-related <e2start> cancers <e2end> in Madras, India.  
2022-06-04 22:02:27,885 - INFO - preprocess.py - get_out - 153 - example_id_label : 0
2022-06-04 22:02:27,885 - INFO - preprocess.py - get_out - 154 - example_id_tags : [0, 25, 34, 59]
2022-06-04 22:02:27,885 - INFO - preprocess.py - get_out - 155 - ==========================
2022-06-04 22:02:27,885 - INFO - preprocess.py - get_out - 151 - ==========================
2022-06-04 22:02:27,885 - INFO - preprocess.py - get_out - 152 - example_text : The importance of the <e1start> pecan <e1end> tree pollen in <e2start> allergic <e2end> manifestations.  
2022-06-04 22:02:27,886 - INFO - preprocess.py - get_out - 153 - example_id_label : 0
2022-06-04 22:02:27,886 - INFO - preprocess.py - get_out - 154 - example_id_tags : [22, 45, 61, 87]
2022-06-04 22:02:27,886 - INFO - preprocess.py - get_out - 155 - ==========================
2022-06-04 22:02:27,912 - INFO - preprocess.py - convert_examples_to_features - 120 - Convert 11 examples to features
2022-06-04 22:02:27,913 - INFO - preprocess.py - convert_bert_example - 95 - *** test_example-0 ***
2022-06-04 22:02:27,913 - INFO - preprocess.py - convert_bert_example - 96 - text: [CLS] [UNK] t s [UNK] e f f e c t [UNK] o n [UNK] < e 1 s t a r t > [UNK] d i g i t a l i s [UNK] < e 1 e n d > - c a u s e d [UNK] < e 2 s t a r t > [UNK] a t r i a l [UNK] a r r h y t h m i a s [UNK] < e 2 e n d > [UNK] i s [UNK] u n k n o w n. [UNK] [SEP]
2022-06-04 22:02:27,913 - INFO - preprocess.py - convert_bert_example - 97 - token_ids: [2, 1, 62, 61, 1, 47, 48, 48, 47, 45, 62, 1, 57, 56, 1, 32, 47, 21, 61, 62, 43, 60, 62, 34, 1, 46, 51, 49, 51, 62, 43, 54, 51, 61, 1, 32, 47, 21, 47, 56, 46, 34, 17, 45, 43, 63, 61, 47, 46, 1, 32, 47, 22, 61, 62, 43, 60, 62, 34, 1, 43, 62, 60, 51, 43, 54, 1, 43, 60, 60, 50, 67, 62, 50, 55, 51, 43, 61, 1, 32, 47, 22, 47, 56, 46, 34, 1, 51, 61, 1, 63, 56, 53, 56, 57, 65, 56, 18, 1, 3, 0, 0, 0, 0, 0, 0, 0, 0, 0, 0, 0, 0, 0, 0, 0, 0, 0, 0, 0, 0, 0, 0, 0, 0, 0, 0, 0, 0]
2022-06-04 22:02:27,913 - INFO - preprocess.py - convert_bert_example - 98 - attention_masks: [1, 1, 1, 1, 1, 1, 1, 1, 1, 1, 1, 1, 1, 1, 1, 1, 1, 1, 1, 1, 1, 1, 1, 1, 1, 1, 1, 1, 1, 1, 1, 1, 1, 1, 1, 1, 1, 1, 1, 1, 1, 1, 1, 1, 1, 1, 1, 1, 1, 1, 1, 1, 1, 1, 1, 1, 1, 1, 1, 1, 1, 1, 1, 1, 1, 1, 1, 1, 1, 1, 1, 1, 1, 1, 1, 1, 1, 1, 1, 1, 1, 1, 1, 1, 1, 1, 1, 1, 1, 1, 1, 1, 1, 1, 1, 1, 1, 1, 1, 1, 0, 0, 0, 0, 0, 0, 0, 0, 0, 0, 0, 0, 0, 0, 0, 0, 0, 0, 0, 0, 0, 0, 0, 0, 0, 0, 0, 0]
2022-06-04 22:02:27,913 - INFO - preprocess.py - convert_bert_example - 99 - token_type_ids: [0, 0, 0, 0, 0, 0, 0, 0, 0, 0, 0, 0, 0, 0, 0, 0, 0, 0, 0, 0, 0, 0, 0, 0, 0, 0, 0, 0, 0, 0, 0, 0, 0, 0, 0, 0, 0, 0, 0, 0, 0, 0, 0, 0, 0, 0, 0, 0, 0, 0, 0, 0, 0, 0, 0, 0, 0, 0, 0, 0, 0, 0, 0, 0, 0, 0, 0, 0, 0, 0, 0, 0, 0, 0, 0, 0, 0, 0, 0, 0, 0, 0, 0, 0, 0, 0, 0, 0, 0, 0, 0, 0, 0, 0, 0, 0, 0, 0, 0, 0, 0, 0, 0, 0, 0, 0, 0, 0, 0, 0, 0, 0, 0, 0, 0, 0, 0, 0, 0, 0, 0, 0, 0, 0, 0, 0, 0, 0]
2022-06-04 22:02:27,913 - INFO - preprocess.py - convert_bert_example - 100 - labels: 0
2022-06-04 22:02:27,914 - INFO - preprocess.py - convert_bert_example - 101 - ids: [15, 42, 50, 86]
2022-06-04 22:02:27,914 - INFO - preprocess.py - convert_bert_example - 95 - *** test_example-1 ***
2022-06-04 22:02:27,914 - INFO - preprocess.py - convert_bert_example - 96 - text: [CLS] [UNK] o w e v e r, [UNK] t h e [UNK] g r o w t h [UNK] r a t e [UNK] o f [UNK] < e 2 s t a r t > [UNK] t u m o r s [UNK] < e 2 e n d > [UNK] w a s [UNK] n o t [UNK] m a r k e d l y [UNK] i n h i b i t e d [UNK] b y [UNK] < e 1 s t a r t > [UNK] g a r l i c [UNK] < e 1 e n d >. [UNK] [SEP]
2022-06-04 22:02:27,914 - INFO - preprocess.py - convert_bert_example - 97 - token_ids: [2, 1, 57, 65, 47, 64, 47, 60, 16, 1, 62, 50, 47, 1, 49, 60, 57, 65, 62, 50, 1, 60, 43, 62, 47, 1, 57, 48, 1, 32, 47, 22, 61, 62, 43, 60, 62, 34, 1, 62, 63, 55, 57, 60, 61, 1, 32, 47, 22, 47, 56, 46, 34, 1, 65, 43, 61, 1, 56, 57, 62, 1, 55, 43, 60, 53, 47, 46, 54, 67, 1, 51, 56, 50, 51, 44, 51, 62, 47, 46, 1, 44, 67, 1, 32, 47, 21, 61, 62, 43, 60, 62, 34, 1, 49, 43, 60, 54, 51, 45, 1, 32, 47, 21, 47, 56, 46, 34, 18, 1, 3, 0, 0, 0, 0, 0, 0, 0, 0, 0, 0, 0, 0, 0, 0, 0, 0, 0]
2022-06-04 22:02:27,915 - INFO - preprocess.py - convert_bert_example - 98 - attention_masks: [1, 1, 1, 1, 1, 1, 1, 1, 1, 1, 1, 1, 1, 1, 1, 1, 1, 1, 1, 1, 1, 1, 1, 1, 1, 1, 1, 1, 1, 1, 1, 1, 1, 1, 1, 1, 1, 1, 1, 1, 1, 1, 1, 1, 1, 1, 1, 1, 1, 1, 1, 1, 1, 1, 1, 1, 1, 1, 1, 1, 1, 1, 1, 1, 1, 1, 1, 1, 1, 1, 1, 1, 1, 1, 1, 1, 1, 1, 1, 1, 1, 1, 1, 1, 1, 1, 1, 1, 1, 1, 1, 1, 1, 1, 1, 1, 1, 1, 1, 1, 1, 1, 1, 1, 1, 1, 1, 1, 1, 1, 1, 0, 0, 0, 0, 0, 0, 0, 0, 0, 0, 0, 0, 0, 0, 0, 0, 0]
2022-06-04 22:02:27,915 - INFO - preprocess.py - convert_bert_example - 99 - token_type_ids: [0, 0, 0, 0, 0, 0, 0, 0, 0, 0, 0, 0, 0, 0, 0, 0, 0, 0, 0, 0, 0, 0, 0, 0, 0, 0, 0, 0, 0, 0, 0, 0, 0, 0, 0, 0, 0, 0, 0, 0, 0, 0, 0, 0, 0, 0, 0, 0, 0, 0, 0, 0, 0, 0, 0, 0, 0, 0, 0, 0, 0, 0, 0, 0, 0, 0, 0, 0, 0, 0, 0, 0, 0, 0, 0, 0, 0, 0, 0, 0, 0, 0, 0, 0, 0, 0, 0, 0, 0, 0, 0, 0, 0, 0, 0, 0, 0, 0, 0, 0, 0, 0, 0, 0, 0, 0, 0, 0, 0, 0, 0, 0, 0, 0, 0, 0, 0, 0, 0, 0, 0, 0, 0, 0, 0, 0, 0, 0]
2022-06-04 22:02:27,915 - INFO - preprocess.py - convert_bert_example - 100 - labels: 2
2022-06-04 22:02:27,915 - INFO - preprocess.py - convert_bert_example - 101 - ids: [84, 108, 29, 53]
2022-06-04 22:02:27,916 - INFO - preprocess.py - convert_bert_example - 95 - *** test_example-2 ***
2022-06-04 22:02:27,916 - INFO - preprocess.py - convert_bert_example - 96 - text: [CLS] < e 1 s t a r t > [UNK] [UNK] o b a c c o [UNK] < e 1 e n d > - r e l a t e d [UNK] < e 2 s t a r t > [UNK] c a n c e r s [UNK] < e 2 e n d > [UNK] i n [UNK] [UNK] a d r a s, [UNK] [UNK] n d i a. [UNK] [UNK] [SEP]
2022-06-04 22:02:27,916 - INFO - preprocess.py - convert_bert_example - 97 - token_ids: [2, 32, 47, 21, 61, 62, 43, 60, 62, 34, 1, 1, 57, 44, 43, 45, 45, 57, 1, 32, 47, 21, 47, 56, 46, 34, 17, 60, 47, 54, 43, 62, 47, 46, 1, 32, 47, 22, 61, 62, 43, 60, 62, 34, 1, 45, 43, 56, 45, 47, 60, 61, 1, 32, 47, 22, 47, 56, 46, 34, 1, 51, 56, 1, 1, 43, 46, 60, 43, 61, 16, 1, 1, 56, 46, 51, 43, 18, 1, 1, 3, 0, 0, 0, 0, 0, 0, 0, 0, 0, 0, 0, 0, 0, 0, 0, 0, 0, 0, 0, 0, 0, 0, 0, 0, 0, 0, 0, 0, 0, 0, 0, 0, 0, 0, 0, 0, 0, 0, 0, 0, 0, 0, 0, 0, 0, 0, 0]
2022-06-04 22:02:27,916 - INFO - preprocess.py - convert_bert_example - 98 - attention_masks: [1, 1, 1, 1, 1, 1, 1, 1, 1, 1, 1, 1, 1, 1, 1, 1, 1, 1, 1, 1, 1, 1, 1, 1, 1, 1, 1, 1, 1, 1, 1, 1, 1, 1, 1, 1, 1, 1, 1, 1, 1, 1, 1, 1, 1, 1, 1, 1, 1, 1, 1, 1, 1, 1, 1, 1, 1, 1, 1, 1, 1, 1, 1, 1, 1, 1, 1, 1, 1, 1, 1, 1, 1, 1, 1, 1, 1, 1, 1, 1, 1, 0, 0, 0, 0, 0, 0, 0, 0, 0, 0, 0, 0, 0, 0, 0, 0, 0, 0, 0, 0, 0, 0, 0, 0, 0, 0, 0, 0, 0, 0, 0, 0, 0, 0, 0, 0, 0, 0, 0, 0, 0, 0, 0, 0, 0, 0, 0]
2022-06-04 22:02:27,916 - INFO - preprocess.py - convert_bert_example - 99 - token_type_ids: [0, 0, 0, 0, 0, 0, 0, 0, 0, 0, 0, 0, 0, 0, 0, 0, 0, 0, 0, 0, 0, 0, 0, 0, 0, 0, 0, 0, 0, 0, 0, 0, 0, 0, 0, 0, 0, 0, 0, 0, 0, 0, 0, 0, 0, 0, 0, 0, 0, 0, 0, 0, 0, 0, 0, 0, 0, 0, 0, 0, 0, 0, 0, 0, 0, 0, 0, 0, 0, 0, 0, 0, 0, 0, 0, 0, 0, 0, 0, 0, 0, 0, 0, 0, 0, 0, 0, 0, 0, 0, 0, 0, 0, 0, 0, 0, 0, 0, 0, 0, 0, 0, 0, 0, 0, 0, 0, 0, 0, 0, 0, 0, 0, 0, 0, 0, 0, 0, 0, 0, 0, 0, 0, 0, 0, 0, 0, 0]
2022-06-04 22:02:27,916 - INFO - preprocess.py - convert_bert_example - 100 - labels: 0
2022-06-04 22:02:27,917 - INFO - preprocess.py - convert_bert_example - 101 - ids: [1, 26, 35, 60]
2022-06-04 22:02:27,917 - INFO - preprocess.py - convert_bert_example - 95 - *** test_example-3 ***
2022-06-04 22:02:27,917 - INFO - preprocess.py - convert_bert_example - 96 - text: [CLS] [UNK] h e [UNK] i m p o r t a n c e [UNK] o f [UNK] t h e [UNK] < e 1 s t a r t > [UNK] p e c a n [UNK] < e 1 e n d > [UNK] t r e e [UNK] p o l l e n [UNK] i n [UNK] < e 2 s t a r t > [UNK] a l l e r g i c [UNK] < e 2 e n d > [UNK] m a n i f e s t a t i o n s. [UNK] [UNK] [SEP]
2022-06-04 22:02:27,917 - INFO - preprocess.py - convert_bert_example - 97 - token_ids: [2, 1, 50, 47, 1, 51, 55, 58, 57, 60, 62, 43, 56, 45, 47, 1, 57, 48, 1, 62, 50, 47, 1, 32, 47, 21, 61, 62, 43, 60, 62, 34, 1, 58, 47, 45, 43, 56, 1, 32, 47, 21, 47, 56, 46, 34, 1, 62, 60, 47, 47, 1, 58, 57, 54, 54, 47, 56, 1, 51, 56, 1, 32, 47, 22, 61, 62, 43, 60, 62, 34, 1, 43, 54, 54, 47, 60, 49, 51, 45, 1, 32, 47, 22, 47, 56, 46, 34, 1, 55, 43, 56, 51, 48, 47, 61, 62, 43, 62, 51, 57, 56, 61, 18, 1, 1, 3, 0, 0, 0, 0, 0, 0, 0, 0, 0, 0, 0, 0, 0, 0, 0, 0, 0, 0, 0, 0, 0]
2022-06-04 22:02:27,918 - INFO - preprocess.py - convert_bert_example - 98 - attention_masks: [1, 1, 1, 1, 1, 1, 1, 1, 1, 1, 1, 1, 1, 1, 1, 1, 1, 1, 1, 1, 1, 1, 1, 1, 1, 1, 1, 1, 1, 1, 1, 1, 1, 1, 1, 1, 1, 1, 1, 1, 1, 1, 1, 1, 1, 1, 1, 1, 1, 1, 1, 1, 1, 1, 1, 1, 1, 1, 1, 1, 1, 1, 1, 1, 1, 1, 1, 1, 1, 1, 1, 1, 1, 1, 1, 1, 1, 1, 1, 1, 1, 1, 1, 1, 1, 1, 1, 1, 1, 1, 1, 1, 1, 1, 1, 1, 1, 1, 1, 1, 1, 1, 1, 1, 1, 1, 1, 0, 0, 0, 0, 0, 0, 0, 0, 0, 0, 0, 0, 0, 0, 0, 0, 0, 0, 0, 0, 0]
2022-06-04 22:02:27,918 - INFO - preprocess.py - convert_bert_example - 99 - token_type_ids: [0, 0, 0, 0, 0, 0, 0, 0, 0, 0, 0, 0, 0, 0, 0, 0, 0, 0, 0, 0, 0, 0, 0, 0, 0, 0, 0, 0, 0, 0, 0, 0, 0, 0, 0, 0, 0, 0, 0, 0, 0, 0, 0, 0, 0, 0, 0, 0, 0, 0, 0, 0, 0, 0, 0, 0, 0, 0, 0, 0, 0, 0, 0, 0, 0, 0, 0, 0, 0, 0, 0, 0, 0, 0, 0, 0, 0, 0, 0, 0, 0, 0, 0, 0, 0, 0, 0, 0, 0, 0, 0, 0, 0, 0, 0, 0, 0, 0, 0, 0, 0, 0, 0, 0, 0, 0, 0, 0, 0, 0, 0, 0, 0, 0, 0, 0, 0, 0, 0, 0, 0, 0, 0, 0, 0, 0, 0, 0]
2022-06-04 22:02:27,918 - INFO - preprocess.py - convert_bert_example - 100 - labels: 0
2022-06-04 22:02:27,918 - INFO - preprocess.py - convert_bert_example - 101 - ids: [23, 46, 62, 88]
2022-06-04 22:02:27,919 - INFO - preprocess.py - convert_examples_to_features - 134 - Build 11 features
2022-06-06 17:35:12,059 - INFO - preprocess.py - <module> - 180 - {'output_dir': 'output/checkpoint/', 'bert_dir': 'model/BiomedNLP-PubMedBERT/', 'data_dir': 'input/data/', 'log_dir': 'output/logs/', 'num_tags': 4, 'seed': 123, 'gpu_ids': '0', 'max_seq_len': 128, 'eval_batch_size': 64, 'swa_start': 3, 'train_epochs': 500, 'dropout_prob': 0.1, 'lr': 1e-05, 'other_lr': 0.0001, 'max_grad_norm': 1, 'warmup_proportion': 0.1, 'weight_decay': 0.01, 'adam_epsilon': 1e-12, 'train_batch_size': 64, 'eval_model': True}
2022-06-06 17:35:12,389 - INFO - preprocess.py - get_out - 151 - ==========================
2022-06-06 17:35:12,389 - INFO - preprocess.py - get_out - 152 - example_text : Halothane is known to oppose <e1start> digitalis <e1end>-induced <e2start> ventricular arrhythmias <e2end>. 
2022-06-06 17:35:12,389 - INFO - preprocess.py - get_out - 153 - example_id_label : 0
2022-06-06 17:35:12,389 - INFO - preprocess.py - get_out - 154 - example_id_tags : [29, 56, 65, 106]
2022-06-06 17:35:12,390 - INFO - preprocess.py - get_out - 155 - ==========================
2022-06-06 17:35:12,390 - INFO - preprocess.py - get_out - 151 - ==========================
2022-06-06 17:35:12,390 - INFO - preprocess.py - get_out - 152 - example_text : Both cases proved to be <e1start> cotton <e1end>-material-induced <e2start> granulomas <e2end>. 
2022-06-06 17:35:12,390 - INFO - preprocess.py - get_out - 153 - example_id_label : 0
2022-06-06 17:35:12,390 - INFO - preprocess.py - get_out - 154 - example_id_tags : [24, 48, 66, 94]
2022-06-06 17:35:12,390 - INFO - preprocess.py - get_out - 155 - ==========================
2022-06-06 17:35:12,390 - INFO - preprocess.py - get_out - 151 - ==========================
2022-06-06 17:35:12,390 - INFO - preprocess.py - get_out - 152 - example_text : The evidence for <e1start> soybean <e1end> products as <e2start> cancer <e2end> preventive agents.  
2022-06-06 17:35:12,390 - INFO - preprocess.py - get_out - 153 - example_id_label : 1
2022-06-06 17:35:12,391 - INFO - preprocess.py - get_out - 154 - example_id_tags : [17, 42, 55, 79]
2022-06-06 17:35:12,391 - INFO - preprocess.py - get_out - 155 - ==========================
2022-06-06 17:35:12,391 - INFO - preprocess.py - get_out - 151 - ==========================
2022-06-06 17:35:12,391 - INFO - preprocess.py - get_out - 152 - example_text : [Mortality trends in <e2start> cancer <e2end> attributable to <e1start> tobacco <e1end> in Mexico].  
2022-06-06 17:35:12,391 - INFO - preprocess.py - get_out - 153 - example_id_label : 0
2022-06-06 17:35:12,391 - INFO - preprocess.py - get_out - 154 - example_id_tags : [62, 87, 21, 45]
2022-06-06 17:35:12,391 - INFO - preprocess.py - get_out - 155 - ==========================
2022-06-06 17:35:12,994 - INFO - preprocess.py - convert_examples_to_features - 120 - Convert 46 examples to features
2022-06-06 17:35:12,995 - INFO - preprocess.py - convert_bert_example - 95 - *** train_example-0 ***
2022-06-06 17:35:12,995 - INFO - preprocess.py - convert_bert_example - 96 - text: [CLS] [UNK] a l o t h a n e [UNK] i s [UNK] k n o w n [UNK] t o [UNK] o p p o s e [UNK] < e 1 s t a r t > [UNK] d i g i t a l i s [UNK] < e 1 e n d > - i n d u c e d [UNK] < e 2 s t a r t > [UNK] v e n t r i c u l a r [UNK] a r r h y t h m i a s [UNK] < e 2 e n d >. [UNK] [SEP]
2022-06-06 17:35:12,995 - INFO - preprocess.py - convert_bert_example - 97 - token_ids: [2, 1, 43, 54, 57, 62, 50, 43, 56, 47, 1, 51, 61, 1, 53, 56, 57, 65, 56, 1, 62, 57, 1, 57, 58, 58, 57, 61, 47, 1, 32, 47, 21, 61, 62, 43, 60, 62, 34, 1, 46, 51, 49, 51, 62, 43, 54, 51, 61, 1, 32, 47, 21, 47, 56, 46, 34, 17, 51, 56, 46, 63, 45, 47, 46, 1, 32, 47, 22, 61, 62, 43, 60, 62, 34, 1, 64, 47, 56, 62, 60, 51, 45, 63, 54, 43, 60, 1, 43, 60, 60, 50, 67, 62, 50, 55, 51, 43, 61, 1, 32, 47, 22, 47, 56, 46, 34, 18, 1, 3, 0, 0, 0, 0, 0, 0, 0, 0, 0, 0, 0, 0, 0, 0, 0, 0, 0, 0]
2022-06-06 17:35:12,995 - INFO - preprocess.py - convert_bert_example - 98 - attention_masks: [1, 1, 1, 1, 1, 1, 1, 1, 1, 1, 1, 1, 1, 1, 1, 1, 1, 1, 1, 1, 1, 1, 1, 1, 1, 1, 1, 1, 1, 1, 1, 1, 1, 1, 1, 1, 1, 1, 1, 1, 1, 1, 1, 1, 1, 1, 1, 1, 1, 1, 1, 1, 1, 1, 1, 1, 1, 1, 1, 1, 1, 1, 1, 1, 1, 1, 1, 1, 1, 1, 1, 1, 1, 1, 1, 1, 1, 1, 1, 1, 1, 1, 1, 1, 1, 1, 1, 1, 1, 1, 1, 1, 1, 1, 1, 1, 1, 1, 1, 1, 1, 1, 1, 1, 1, 1, 1, 1, 1, 1, 0, 0, 0, 0, 0, 0, 0, 0, 0, 0, 0, 0, 0, 0, 0, 0, 0, 0]
2022-06-06 17:35:12,995 - INFO - preprocess.py - convert_bert_example - 99 - token_type_ids: [0, 0, 0, 0, 0, 0, 0, 0, 0, 0, 0, 0, 0, 0, 0, 0, 0, 0, 0, 0, 0, 0, 0, 0, 0, 0, 0, 0, 0, 0, 0, 0, 0, 0, 0, 0, 0, 0, 0, 0, 0, 0, 0, 0, 0, 0, 0, 0, 0, 0, 0, 0, 0, 0, 0, 0, 0, 0, 0, 0, 0, 0, 0, 0, 0, 0, 0, 0, 0, 0, 0, 0, 0, 0, 0, 0, 0, 0, 0, 0, 0, 0, 0, 0, 0, 0, 0, 0, 0, 0, 0, 0, 0, 0, 0, 0, 0, 0, 0, 0, 0, 0, 0, 0, 0, 0, 0, 0, 0, 0, 0, 0, 0, 0, 0, 0, 0, 0, 0, 0, 0, 0, 0, 0, 0, 0, 0, 0]
2022-06-06 17:35:12,996 - INFO - preprocess.py - convert_bert_example - 100 - labels: 0
2022-06-06 17:35:12,996 - INFO - preprocess.py - convert_bert_example - 101 - ids: [30, 57, 66, 107]
2022-06-06 17:35:12,996 - INFO - preprocess.py - convert_bert_example - 95 - *** train_example-1 ***
2022-06-06 17:35:12,997 - INFO - preprocess.py - convert_bert_example - 96 - text: [CLS] [UNK] o t h [UNK] c a s e s [UNK] p r o v e d [UNK] t o [UNK] b e [UNK] < e 1 s t a r t > [UNK] c o t t o n [UNK] < e 1 e n d > - m a t e r i a l - i n d u c e d [UNK] < e 2 s t a r t > [UNK] g r a n u l o m a s [UNK] < e 2 e n d >. [UNK] [SEP]
2022-06-06 17:35:12,997 - INFO - preprocess.py - convert_bert_example - 97 - token_ids: [2, 1, 57, 62, 50, 1, 45, 43, 61, 47, 61, 1, 58, 60, 57, 64, 47, 46, 1, 62, 57, 1, 44, 47, 1, 32, 47, 21, 61, 62, 43, 60, 62, 34, 1, 45, 57, 62, 62, 57, 56, 1, 32, 47, 21, 47, 56, 46, 34, 17, 55, 43, 62, 47, 60, 51, 43, 54, 17, 51, 56, 46, 63, 45, 47, 46, 1, 32, 47, 22, 61, 62, 43, 60, 62, 34, 1, 49, 60, 43, 56, 63, 54, 57, 55, 43, 61, 1, 32, 47, 22, 47, 56, 46, 34, 18, 1, 3, 0, 0, 0, 0, 0, 0, 0, 0, 0, 0, 0, 0, 0, 0, 0, 0, 0, 0, 0, 0, 0, 0, 0, 0, 0, 0, 0, 0, 0, 0]
2022-06-06 17:35:12,997 - INFO - preprocess.py - convert_bert_example - 98 - attention_masks: [1, 1, 1, 1, 1, 1, 1, 1, 1, 1, 1, 1, 1, 1, 1, 1, 1, 1, 1, 1, 1, 1, 1, 1, 1, 1, 1, 1, 1, 1, 1, 1, 1, 1, 1, 1, 1, 1, 1, 1, 1, 1, 1, 1, 1, 1, 1, 1, 1, 1, 1, 1, 1, 1, 1, 1, 1, 1, 1, 1, 1, 1, 1, 1, 1, 1, 1, 1, 1, 1, 1, 1, 1, 1, 1, 1, 1, 1, 1, 1, 1, 1, 1, 1, 1, 1, 1, 1, 1, 1, 1, 1, 1, 1, 1, 1, 1, 1, 0, 0, 0, 0, 0, 0, 0, 0, 0, 0, 0, 0, 0, 0, 0, 0, 0, 0, 0, 0, 0, 0, 0, 0, 0, 0, 0, 0, 0, 0]
2022-06-06 17:35:12,997 - INFO - preprocess.py - convert_bert_example - 99 - token_type_ids: [0, 0, 0, 0, 0, 0, 0, 0, 0, 0, 0, 0, 0, 0, 0, 0, 0, 0, 0, 0, 0, 0, 0, 0, 0, 0, 0, 0, 0, 0, 0, 0, 0, 0, 0, 0, 0, 0, 0, 0, 0, 0, 0, 0, 0, 0, 0, 0, 0, 0, 0, 0, 0, 0, 0, 0, 0, 0, 0, 0, 0, 0, 0, 0, 0, 0, 0, 0, 0, 0, 0, 0, 0, 0, 0, 0, 0, 0, 0, 0, 0, 0, 0, 0, 0, 0, 0, 0, 0, 0, 0, 0, 0, 0, 0, 0, 0, 0, 0, 0, 0, 0, 0, 0, 0, 0, 0, 0, 0, 0, 0, 0, 0, 0, 0, 0, 0, 0, 0, 0, 0, 0, 0, 0, 0, 0, 0, 0]
2022-06-06 17:35:12,997 - INFO - preprocess.py - convert_bert_example - 100 - labels: 0
2022-06-06 17:35:12,997 - INFO - preprocess.py - convert_bert_example - 101 - ids: [25, 49, 67, 95]
2022-06-06 17:35:12,998 - INFO - preprocess.py - convert_bert_example - 95 - *** train_example-2 ***
2022-06-06 17:35:12,998 - INFO - preprocess.py - convert_bert_example - 96 - text: [CLS] [UNK] h e [UNK] e v i d e n c e [UNK] f o r [UNK] < e 1 s t a r t > [UNK] s o y b e a n [UNK] < e 1 e n d > [UNK] p r o d u c t s [UNK] a s [UNK] < e 2 s t a r t > [UNK] c a n c e r [UNK] < e 2 e n d > [UNK] p r e v e n t i v e [UNK] a g e n t s. [UNK] [UNK] [SEP]
2022-06-06 17:35:12,998 - INFO - preprocess.py - convert_bert_example - 97 - token_ids: [2, 1, 50, 47, 1, 47, 64, 51, 46, 47, 56, 45, 47, 1, 48, 57, 60, 1, 32, 47, 21, 61, 62, 43, 60, 62, 34, 1, 61, 57, 67, 44, 47, 43, 56, 1, 32, 47, 21, 47, 56, 46, 34, 1, 58, 60, 57, 46, 63, 45, 62, 61, 1, 43, 61, 1, 32, 47, 22, 61, 62, 43, 60, 62, 34, 1, 45, 43, 56, 45, 47, 60, 1, 32, 47, 22, 47, 56, 46, 34, 1, 58, 60, 47, 64, 47, 56, 62, 51, 64, 47, 1, 43, 49, 47, 56, 62, 61, 18, 1, 1, 3, 0, 0, 0, 0, 0, 0, 0, 0, 0, 0, 0, 0, 0, 0, 0, 0, 0, 0, 0, 0, 0, 0, 0, 0, 0, 0]
2022-06-06 17:35:12,998 - INFO - preprocess.py - convert_bert_example - 98 - attention_masks: [1, 1, 1, 1, 1, 1, 1, 1, 1, 1, 1, 1, 1, 1, 1, 1, 1, 1, 1, 1, 1, 1, 1, 1, 1, 1, 1, 1, 1, 1, 1, 1, 1, 1, 1, 1, 1, 1, 1, 1, 1, 1, 1, 1, 1, 1, 1, 1, 1, 1, 1, 1, 1, 1, 1, 1, 1, 1, 1, 1, 1, 1, 1, 1, 1, 1, 1, 1, 1, 1, 1, 1, 1, 1, 1, 1, 1, 1, 1, 1, 1, 1, 1, 1, 1, 1, 1, 1, 1, 1, 1, 1, 1, 1, 1, 1, 1, 1, 1, 1, 1, 1, 0, 0, 0, 0, 0, 0, 0, 0, 0, 0, 0, 0, 0, 0, 0, 0, 0, 0, 0, 0, 0, 0, 0, 0, 0, 0]
2022-06-06 17:35:12,999 - INFO - preprocess.py - convert_bert_example - 99 - token_type_ids: [0, 0, 0, 0, 0, 0, 0, 0, 0, 0, 0, 0, 0, 0, 0, 0, 0, 0, 0, 0, 0, 0, 0, 0, 0, 0, 0, 0, 0, 0, 0, 0, 0, 0, 0, 0, 0, 0, 0, 0, 0, 0, 0, 0, 0, 0, 0, 0, 0, 0, 0, 0, 0, 0, 0, 0, 0, 0, 0, 0, 0, 0, 0, 0, 0, 0, 0, 0, 0, 0, 0, 0, 0, 0, 0, 0, 0, 0, 0, 0, 0, 0, 0, 0, 0, 0, 0, 0, 0, 0, 0, 0, 0, 0, 0, 0, 0, 0, 0, 0, 0, 0, 0, 0, 0, 0, 0, 0, 0, 0, 0, 0, 0, 0, 0, 0, 0, 0, 0, 0, 0, 0, 0, 0, 0, 0, 0, 0]
2022-06-06 17:35:12,999 - INFO - preprocess.py - convert_bert_example - 100 - labels: 1
2022-06-06 17:35:12,999 - INFO - preprocess.py - convert_bert_example - 101 - ids: [18, 43, 56, 80]
2022-06-06 17:35:12,999 - INFO - preprocess.py - convert_bert_example - 95 - *** train_example-3 ***
2022-06-06 17:35:13,000 - INFO - preprocess.py - convert_bert_example - 96 - text: [CLS] [ [UNK] o r t a l i t y [UNK] t r e n d s [UNK] i n [UNK] < e 2 s t a r t > [UNK] c a n c e r [UNK] < e 2 e n d > [UNK] a t t r i b u t a b l e [UNK] t o [UNK] < e 1 s t a r t > [UNK] t o b a c c o [UNK] < e 1 e n d > [UNK] i n [UNK] [UNK] e x i c o ]. [UNK] [UNK] [SEP]
2022-06-06 17:35:13,000 - INFO - preprocess.py - convert_bert_example - 97 - token_ids: [2, 37, 1, 57, 60, 62, 43, 54, 51, 62, 67, 1, 62, 60, 47, 56, 46, 61, 1, 51, 56, 1, 32, 47, 22, 61, 62, 43, 60, 62, 34, 1, 45, 43, 56, 45, 47, 60, 1, 32, 47, 22, 47, 56, 46, 34, 1, 43, 62, 62, 60, 51, 44, 63, 62, 43, 44, 54, 47, 1, 62, 57, 1, 32, 47, 21, 61, 62, 43, 60, 62, 34, 1, 62, 57, 44, 43, 45, 45, 57, 1, 32, 47, 21, 47, 56, 46, 34, 1, 51, 56, 1, 1, 47, 66, 51, 45, 57, 39, 18, 1, 1, 3, 0, 0, 0, 0, 0, 0, 0, 0, 0, 0, 0, 0, 0, 0, 0, 0, 0, 0, 0, 0, 0, 0, 0, 0, 0]
2022-06-06 17:35:13,000 - INFO - preprocess.py - convert_bert_example - 98 - attention_masks: [1, 1, 1, 1, 1, 1, 1, 1, 1, 1, 1, 1, 1, 1, 1, 1, 1, 1, 1, 1, 1, 1, 1, 1, 1, 1, 1, 1, 1, 1, 1, 1, 1, 1, 1, 1, 1, 1, 1, 1, 1, 1, 1, 1, 1, 1, 1, 1, 1, 1, 1, 1, 1, 1, 1, 1, 1, 1, 1, 1, 1, 1, 1, 1, 1, 1, 1, 1, 1, 1, 1, 1, 1, 1, 1, 1, 1, 1, 1, 1, 1, 1, 1, 1, 1, 1, 1, 1, 1, 1, 1, 1, 1, 1, 1, 1, 1, 1, 1, 1, 1, 1, 1, 0, 0, 0, 0, 0, 0, 0, 0, 0, 0, 0, 0, 0, 0, 0, 0, 0, 0, 0, 0, 0, 0, 0, 0, 0]
2022-06-06 17:35:13,000 - INFO - preprocess.py - convert_bert_example - 99 - token_type_ids: [0, 0, 0, 0, 0, 0, 0, 0, 0, 0, 0, 0, 0, 0, 0, 0, 0, 0, 0, 0, 0, 0, 0, 0, 0, 0, 0, 0, 0, 0, 0, 0, 0, 0, 0, 0, 0, 0, 0, 0, 0, 0, 0, 0, 0, 0, 0, 0, 0, 0, 0, 0, 0, 0, 0, 0, 0, 0, 0, 0, 0, 0, 0, 0, 0, 0, 0, 0, 0, 0, 0, 0, 0, 0, 0, 0, 0, 0, 0, 0, 0, 0, 0, 0, 0, 0, 0, 0, 0, 0, 0, 0, 0, 0, 0, 0, 0, 0, 0, 0, 0, 0, 0, 0, 0, 0, 0, 0, 0, 0, 0, 0, 0, 0, 0, 0, 0, 0, 0, 0, 0, 0, 0, 0, 0, 0, 0, 0]
2022-06-06 17:35:13,000 - INFO - preprocess.py - convert_bert_example - 100 - labels: 0
2022-06-06 17:35:13,000 - INFO - preprocess.py - convert_bert_example - 101 - ids: [63, 88, 22, 46]
2022-06-06 17:35:13,006 - INFO - preprocess.py - convert_examples_to_features - 134 - Build 46 features
2022-06-06 17:35:13,321 - INFO - preprocess.py - get_out - 151 - ==========================
2022-06-06 17:35:13,322 - INFO - preprocess.py - get_out - 152 - example_text : Its effect on <e1start> digitalis <e1end>-caused <e2start> atrial arrhythmias <e2end> is unknown. 
2022-06-06 17:35:13,322 - INFO - preprocess.py - get_out - 153 - example_id_label : 0
2022-06-06 17:35:13,322 - INFO - preprocess.py - get_out - 154 - example_id_tags : [14, 41, 49, 85]
2022-06-06 17:35:13,322 - INFO - preprocess.py - get_out - 155 - ==========================
2022-06-06 17:35:13,322 - INFO - preprocess.py - get_out - 151 - ==========================
2022-06-06 17:35:13,322 - INFO - preprocess.py - get_out - 152 - example_text : However, the growth rate of <e2start> tumors <e2end> was not markedly inhibited by <e1start> garlic <e1end>. 
2022-06-06 17:35:13,322 - INFO - preprocess.py - get_out - 153 - example_id_label : 2
2022-06-06 17:35:13,323 - INFO - preprocess.py - get_out - 154 - example_id_tags : [83, 107, 28, 52]
2022-06-06 17:35:13,323 - INFO - preprocess.py - get_out - 155 - ==========================
2022-06-06 17:35:13,323 - INFO - preprocess.py - get_out - 151 - ==========================
2022-06-06 17:35:13,323 - INFO - preprocess.py - get_out - 152 - example_text : <e1start> Tobacco <e1end>-related <e2start> cancers <e2end> in Madras, India.  
2022-06-06 17:35:13,323 - INFO - preprocess.py - get_out - 153 - example_id_label : 0
2022-06-06 17:35:13,323 - INFO - preprocess.py - get_out - 154 - example_id_tags : [0, 25, 34, 59]
2022-06-06 17:35:13,323 - INFO - preprocess.py - get_out - 155 - ==========================
2022-06-06 17:35:13,323 - INFO - preprocess.py - get_out - 151 - ==========================
2022-06-06 17:35:13,324 - INFO - preprocess.py - get_out - 152 - example_text : The importance of the <e1start> pecan <e1end> tree pollen in <e2start> allergic <e2end> manifestations.  
2022-06-06 17:35:13,324 - INFO - preprocess.py - get_out - 153 - example_id_label : 0
2022-06-06 17:35:13,324 - INFO - preprocess.py - get_out - 154 - example_id_tags : [22, 45, 61, 87]
2022-06-06 17:35:13,324 - INFO - preprocess.py - get_out - 155 - ==========================
2022-06-06 17:35:13,353 - INFO - preprocess.py - convert_examples_to_features - 120 - Convert 11 examples to features
2022-06-06 17:35:13,353 - INFO - preprocess.py - convert_bert_example - 95 - *** dev_example-0 ***
2022-06-06 17:35:13,354 - INFO - preprocess.py - convert_bert_example - 96 - text: [CLS] [UNK] t s [UNK] e f f e c t [UNK] o n [UNK] < e 1 s t a r t > [UNK] d i g i t a l i s [UNK] < e 1 e n d > - c a u s e d [UNK] < e 2 s t a r t > [UNK] a t r i a l [UNK] a r r h y t h m i a s [UNK] < e 2 e n d > [UNK] i s [UNK] u n k n o w n. [UNK] [SEP]
2022-06-06 17:35:13,354 - INFO - preprocess.py - convert_bert_example - 97 - token_ids: [2, 1, 62, 61, 1, 47, 48, 48, 47, 45, 62, 1, 57, 56, 1, 32, 47, 21, 61, 62, 43, 60, 62, 34, 1, 46, 51, 49, 51, 62, 43, 54, 51, 61, 1, 32, 47, 21, 47, 56, 46, 34, 17, 45, 43, 63, 61, 47, 46, 1, 32, 47, 22, 61, 62, 43, 60, 62, 34, 1, 43, 62, 60, 51, 43, 54, 1, 43, 60, 60, 50, 67, 62, 50, 55, 51, 43, 61, 1, 32, 47, 22, 47, 56, 46, 34, 1, 51, 61, 1, 63, 56, 53, 56, 57, 65, 56, 18, 1, 3, 0, 0, 0, 0, 0, 0, 0, 0, 0, 0, 0, 0, 0, 0, 0, 0, 0, 0, 0, 0, 0, 0, 0, 0, 0, 0, 0, 0]
2022-06-06 17:35:13,354 - INFO - preprocess.py - convert_bert_example - 98 - attention_masks: [1, 1, 1, 1, 1, 1, 1, 1, 1, 1, 1, 1, 1, 1, 1, 1, 1, 1, 1, 1, 1, 1, 1, 1, 1, 1, 1, 1, 1, 1, 1, 1, 1, 1, 1, 1, 1, 1, 1, 1, 1, 1, 1, 1, 1, 1, 1, 1, 1, 1, 1, 1, 1, 1, 1, 1, 1, 1, 1, 1, 1, 1, 1, 1, 1, 1, 1, 1, 1, 1, 1, 1, 1, 1, 1, 1, 1, 1, 1, 1, 1, 1, 1, 1, 1, 1, 1, 1, 1, 1, 1, 1, 1, 1, 1, 1, 1, 1, 1, 1, 0, 0, 0, 0, 0, 0, 0, 0, 0, 0, 0, 0, 0, 0, 0, 0, 0, 0, 0, 0, 0, 0, 0, 0, 0, 0, 0, 0]
2022-06-06 17:35:13,354 - INFO - preprocess.py - convert_bert_example - 99 - token_type_ids: [0, 0, 0, 0, 0, 0, 0, 0, 0, 0, 0, 0, 0, 0, 0, 0, 0, 0, 0, 0, 0, 0, 0, 0, 0, 0, 0, 0, 0, 0, 0, 0, 0, 0, 0, 0, 0, 0, 0, 0, 0, 0, 0, 0, 0, 0, 0, 0, 0, 0, 0, 0, 0, 0, 0, 0, 0, 0, 0, 0, 0, 0, 0, 0, 0, 0, 0, 0, 0, 0, 0, 0, 0, 0, 0, 0, 0, 0, 0, 0, 0, 0, 0, 0, 0, 0, 0, 0, 0, 0, 0, 0, 0, 0, 0, 0, 0, 0, 0, 0, 0, 0, 0, 0, 0, 0, 0, 0, 0, 0, 0, 0, 0, 0, 0, 0, 0, 0, 0, 0, 0, 0, 0, 0, 0, 0, 0, 0]
2022-06-06 17:35:13,354 - INFO - preprocess.py - convert_bert_example - 100 - labels: 0
2022-06-06 17:35:13,354 - INFO - preprocess.py - convert_bert_example - 101 - ids: [15, 42, 50, 86]
2022-06-06 17:35:13,355 - INFO - preprocess.py - convert_bert_example - 95 - *** dev_example-1 ***
2022-06-06 17:35:13,355 - INFO - preprocess.py - convert_bert_example - 96 - text: [CLS] [UNK] o w e v e r, [UNK] t h e [UNK] g r o w t h [UNK] r a t e [UNK] o f [UNK] < e 2 s t a r t > [UNK] t u m o r s [UNK] < e 2 e n d > [UNK] w a s [UNK] n o t [UNK] m a r k e d l y [UNK] i n h i b i t e d [UNK] b y [UNK] < e 1 s t a r t > [UNK] g a r l i c [UNK] < e 1 e n d >. [UNK] [SEP]
2022-06-06 17:35:13,355 - INFO - preprocess.py - convert_bert_example - 97 - token_ids: [2, 1, 57, 65, 47, 64, 47, 60, 16, 1, 62, 50, 47, 1, 49, 60, 57, 65, 62, 50, 1, 60, 43, 62, 47, 1, 57, 48, 1, 32, 47, 22, 61, 62, 43, 60, 62, 34, 1, 62, 63, 55, 57, 60, 61, 1, 32, 47, 22, 47, 56, 46, 34, 1, 65, 43, 61, 1, 56, 57, 62, 1, 55, 43, 60, 53, 47, 46, 54, 67, 1, 51, 56, 50, 51, 44, 51, 62, 47, 46, 1, 44, 67, 1, 32, 47, 21, 61, 62, 43, 60, 62, 34, 1, 49, 43, 60, 54, 51, 45, 1, 32, 47, 21, 47, 56, 46, 34, 18, 1, 3, 0, 0, 0, 0, 0, 0, 0, 0, 0, 0, 0, 0, 0, 0, 0, 0, 0]
2022-06-06 17:35:13,356 - INFO - preprocess.py - convert_bert_example - 98 - attention_masks: [1, 1, 1, 1, 1, 1, 1, 1, 1, 1, 1, 1, 1, 1, 1, 1, 1, 1, 1, 1, 1, 1, 1, 1, 1, 1, 1, 1, 1, 1, 1, 1, 1, 1, 1, 1, 1, 1, 1, 1, 1, 1, 1, 1, 1, 1, 1, 1, 1, 1, 1, 1, 1, 1, 1, 1, 1, 1, 1, 1, 1, 1, 1, 1, 1, 1, 1, 1, 1, 1, 1, 1, 1, 1, 1, 1, 1, 1, 1, 1, 1, 1, 1, 1, 1, 1, 1, 1, 1, 1, 1, 1, 1, 1, 1, 1, 1, 1, 1, 1, 1, 1, 1, 1, 1, 1, 1, 1, 1, 1, 1, 0, 0, 0, 0, 0, 0, 0, 0, 0, 0, 0, 0, 0, 0, 0, 0, 0]
2022-06-06 17:35:13,356 - INFO - preprocess.py - convert_bert_example - 99 - token_type_ids: [0, 0, 0, 0, 0, 0, 0, 0, 0, 0, 0, 0, 0, 0, 0, 0, 0, 0, 0, 0, 0, 0, 0, 0, 0, 0, 0, 0, 0, 0, 0, 0, 0, 0, 0, 0, 0, 0, 0, 0, 0, 0, 0, 0, 0, 0, 0, 0, 0, 0, 0, 0, 0, 0, 0, 0, 0, 0, 0, 0, 0, 0, 0, 0, 0, 0, 0, 0, 0, 0, 0, 0, 0, 0, 0, 0, 0, 0, 0, 0, 0, 0, 0, 0, 0, 0, 0, 0, 0, 0, 0, 0, 0, 0, 0, 0, 0, 0, 0, 0, 0, 0, 0, 0, 0, 0, 0, 0, 0, 0, 0, 0, 0, 0, 0, 0, 0, 0, 0, 0, 0, 0, 0, 0, 0, 0, 0, 0]
2022-06-06 17:35:13,356 - INFO - preprocess.py - convert_bert_example - 100 - labels: 2
2022-06-06 17:35:13,356 - INFO - preprocess.py - convert_bert_example - 101 - ids: [84, 108, 29, 53]
2022-06-06 17:35:13,357 - INFO - preprocess.py - convert_bert_example - 95 - *** dev_example-2 ***
2022-06-06 17:35:13,357 - INFO - preprocess.py - convert_bert_example - 96 - text: [CLS] < e 1 s t a r t > [UNK] [UNK] o b a c c o [UNK] < e 1 e n d > - r e l a t e d [UNK] < e 2 s t a r t > [UNK] c a n c e r s [UNK] < e 2 e n d > [UNK] i n [UNK] [UNK] a d r a s, [UNK] [UNK] n d i a. [UNK] [UNK] [SEP]
2022-06-06 17:35:13,357 - INFO - preprocess.py - convert_bert_example - 97 - token_ids: [2, 32, 47, 21, 61, 62, 43, 60, 62, 34, 1, 1, 57, 44, 43, 45, 45, 57, 1, 32, 47, 21, 47, 56, 46, 34, 17, 60, 47, 54, 43, 62, 47, 46, 1, 32, 47, 22, 61, 62, 43, 60, 62, 34, 1, 45, 43, 56, 45, 47, 60, 61, 1, 32, 47, 22, 47, 56, 46, 34, 1, 51, 56, 1, 1, 43, 46, 60, 43, 61, 16, 1, 1, 56, 46, 51, 43, 18, 1, 1, 3, 0, 0, 0, 0, 0, 0, 0, 0, 0, 0, 0, 0, 0, 0, 0, 0, 0, 0, 0, 0, 0, 0, 0, 0, 0, 0, 0, 0, 0, 0, 0, 0, 0, 0, 0, 0, 0, 0, 0, 0, 0, 0, 0, 0, 0, 0, 0]
2022-06-06 17:35:13,357 - INFO - preprocess.py - convert_bert_example - 98 - attention_masks: [1, 1, 1, 1, 1, 1, 1, 1, 1, 1, 1, 1, 1, 1, 1, 1, 1, 1, 1, 1, 1, 1, 1, 1, 1, 1, 1, 1, 1, 1, 1, 1, 1, 1, 1, 1, 1, 1, 1, 1, 1, 1, 1, 1, 1, 1, 1, 1, 1, 1, 1, 1, 1, 1, 1, 1, 1, 1, 1, 1, 1, 1, 1, 1, 1, 1, 1, 1, 1, 1, 1, 1, 1, 1, 1, 1, 1, 1, 1, 1, 1, 0, 0, 0, 0, 0, 0, 0, 0, 0, 0, 0, 0, 0, 0, 0, 0, 0, 0, 0, 0, 0, 0, 0, 0, 0, 0, 0, 0, 0, 0, 0, 0, 0, 0, 0, 0, 0, 0, 0, 0, 0, 0, 0, 0, 0, 0, 0]
2022-06-06 17:35:13,357 - INFO - preprocess.py - convert_bert_example - 99 - token_type_ids: [0, 0, 0, 0, 0, 0, 0, 0, 0, 0, 0, 0, 0, 0, 0, 0, 0, 0, 0, 0, 0, 0, 0, 0, 0, 0, 0, 0, 0, 0, 0, 0, 0, 0, 0, 0, 0, 0, 0, 0, 0, 0, 0, 0, 0, 0, 0, 0, 0, 0, 0, 0, 0, 0, 0, 0, 0, 0, 0, 0, 0, 0, 0, 0, 0, 0, 0, 0, 0, 0, 0, 0, 0, 0, 0, 0, 0, 0, 0, 0, 0, 0, 0, 0, 0, 0, 0, 0, 0, 0, 0, 0, 0, 0, 0, 0, 0, 0, 0, 0, 0, 0, 0, 0, 0, 0, 0, 0, 0, 0, 0, 0, 0, 0, 0, 0, 0, 0, 0, 0, 0, 0, 0, 0, 0, 0, 0, 0]
2022-06-06 17:35:13,357 - INFO - preprocess.py - convert_bert_example - 100 - labels: 0
2022-06-06 17:35:13,357 - INFO - preprocess.py - convert_bert_example - 101 - ids: [1, 26, 35, 60]
2022-06-06 17:35:13,358 - INFO - preprocess.py - convert_bert_example - 95 - *** dev_example-3 ***
2022-06-06 17:35:13,358 - INFO - preprocess.py - convert_bert_example - 96 - text: [CLS] [UNK] h e [UNK] i m p o r t a n c e [UNK] o f [UNK] t h e [UNK] < e 1 s t a r t > [UNK] p e c a n [UNK] < e 1 e n d > [UNK] t r e e [UNK] p o l l e n [UNK] i n [UNK] < e 2 s t a r t > [UNK] a l l e r g i c [UNK] < e 2 e n d > [UNK] m a n i f e s t a t i o n s. [UNK] [UNK] [SEP]
2022-06-06 17:35:13,358 - INFO - preprocess.py - convert_bert_example - 97 - token_ids: [2, 1, 50, 47, 1, 51, 55, 58, 57, 60, 62, 43, 56, 45, 47, 1, 57, 48, 1, 62, 50, 47, 1, 32, 47, 21, 61, 62, 43, 60, 62, 34, 1, 58, 47, 45, 43, 56, 1, 32, 47, 21, 47, 56, 46, 34, 1, 62, 60, 47, 47, 1, 58, 57, 54, 54, 47, 56, 1, 51, 56, 1, 32, 47, 22, 61, 62, 43, 60, 62, 34, 1, 43, 54, 54, 47, 60, 49, 51, 45, 1, 32, 47, 22, 47, 56, 46, 34, 1, 55, 43, 56, 51, 48, 47, 61, 62, 43, 62, 51, 57, 56, 61, 18, 1, 1, 3, 0, 0, 0, 0, 0, 0, 0, 0, 0, 0, 0, 0, 0, 0, 0, 0, 0, 0, 0, 0, 0]
2022-06-06 17:35:13,359 - INFO - preprocess.py - convert_bert_example - 98 - attention_masks: [1, 1, 1, 1, 1, 1, 1, 1, 1, 1, 1, 1, 1, 1, 1, 1, 1, 1, 1, 1, 1, 1, 1, 1, 1, 1, 1, 1, 1, 1, 1, 1, 1, 1, 1, 1, 1, 1, 1, 1, 1, 1, 1, 1, 1, 1, 1, 1, 1, 1, 1, 1, 1, 1, 1, 1, 1, 1, 1, 1, 1, 1, 1, 1, 1, 1, 1, 1, 1, 1, 1, 1, 1, 1, 1, 1, 1, 1, 1, 1, 1, 1, 1, 1, 1, 1, 1, 1, 1, 1, 1, 1, 1, 1, 1, 1, 1, 1, 1, 1, 1, 1, 1, 1, 1, 1, 1, 0, 0, 0, 0, 0, 0, 0, 0, 0, 0, 0, 0, 0, 0, 0, 0, 0, 0, 0, 0, 0]
2022-06-06 17:35:13,359 - INFO - preprocess.py - convert_bert_example - 99 - token_type_ids: [0, 0, 0, 0, 0, 0, 0, 0, 0, 0, 0, 0, 0, 0, 0, 0, 0, 0, 0, 0, 0, 0, 0, 0, 0, 0, 0, 0, 0, 0, 0, 0, 0, 0, 0, 0, 0, 0, 0, 0, 0, 0, 0, 0, 0, 0, 0, 0, 0, 0, 0, 0, 0, 0, 0, 0, 0, 0, 0, 0, 0, 0, 0, 0, 0, 0, 0, 0, 0, 0, 0, 0, 0, 0, 0, 0, 0, 0, 0, 0, 0, 0, 0, 0, 0, 0, 0, 0, 0, 0, 0, 0, 0, 0, 0, 0, 0, 0, 0, 0, 0, 0, 0, 0, 0, 0, 0, 0, 0, 0, 0, 0, 0, 0, 0, 0, 0, 0, 0, 0, 0, 0, 0, 0, 0, 0, 0, 0]
2022-06-06 17:35:13,359 - INFO - preprocess.py - convert_bert_example - 100 - labels: 0
2022-06-06 17:35:13,359 - INFO - preprocess.py - convert_bert_example - 101 - ids: [23, 46, 62, 88]
2022-06-06 17:35:13,360 - INFO - preprocess.py - convert_examples_to_features - 134 - Build 11 features
2022-06-06 17:35:13,711 - INFO - preprocess.py - get_out - 151 - ==========================
2022-06-06 17:35:13,712 - INFO - preprocess.py - get_out - 152 - example_text : Its effect on <e1start> digitalis <e1end>-caused <e2start> atrial arrhythmias <e2end> is unknown. 
2022-06-06 17:35:13,712 - INFO - preprocess.py - get_out - 153 - example_id_label : 0
2022-06-06 17:35:13,712 - INFO - preprocess.py - get_out - 154 - example_id_tags : [14, 41, 49, 85]
2022-06-06 17:35:13,712 - INFO - preprocess.py - get_out - 155 - ==========================
2022-06-06 17:35:13,712 - INFO - preprocess.py - get_out - 151 - ==========================
2022-06-06 17:35:13,712 - INFO - preprocess.py - get_out - 152 - example_text : However, the growth rate of <e2start> tumors <e2end> was not markedly inhibited by <e1start> garlic <e1end>. 
2022-06-06 17:35:13,713 - INFO - preprocess.py - get_out - 153 - example_id_label : 2
2022-06-06 17:35:13,713 - INFO - preprocess.py - get_out - 154 - example_id_tags : [83, 107, 28, 52]
2022-06-06 17:35:13,713 - INFO - preprocess.py - get_out - 155 - ==========================
2022-06-06 17:35:13,713 - INFO - preprocess.py - get_out - 151 - ==========================
2022-06-06 17:35:13,713 - INFO - preprocess.py - get_out - 152 - example_text : <e1start> Tobacco <e1end>-related <e2start> cancers <e2end> in Madras, India.  
2022-06-06 17:35:13,713 - INFO - preprocess.py - get_out - 153 - example_id_label : 0
2022-06-06 17:35:13,714 - INFO - preprocess.py - get_out - 154 - example_id_tags : [0, 25, 34, 59]
2022-06-06 17:35:13,714 - INFO - preprocess.py - get_out - 155 - ==========================
2022-06-06 17:35:13,714 - INFO - preprocess.py - get_out - 151 - ==========================
2022-06-06 17:35:13,714 - INFO - preprocess.py - get_out - 152 - example_text : The importance of the <e1start> pecan <e1end> tree pollen in <e2start> allergic <e2end> manifestations.  
2022-06-06 17:35:13,714 - INFO - preprocess.py - get_out - 153 - example_id_label : 0
2022-06-06 17:35:13,714 - INFO - preprocess.py - get_out - 154 - example_id_tags : [22, 45, 61, 87]
2022-06-06 17:35:13,714 - INFO - preprocess.py - get_out - 155 - ==========================
2022-06-06 17:35:13,741 - INFO - preprocess.py - convert_examples_to_features - 120 - Convert 11 examples to features
2022-06-06 17:35:13,741 - INFO - preprocess.py - convert_bert_example - 95 - *** test_example-0 ***
2022-06-06 17:35:13,742 - INFO - preprocess.py - convert_bert_example - 96 - text: [CLS] [UNK] t s [UNK] e f f e c t [UNK] o n [UNK] < e 1 s t a r t > [UNK] d i g i t a l i s [UNK] < e 1 e n d > - c a u s e d [UNK] < e 2 s t a r t > [UNK] a t r i a l [UNK] a r r h y t h m i a s [UNK] < e 2 e n d > [UNK] i s [UNK] u n k n o w n. [UNK] [SEP]
2022-06-06 17:35:13,742 - INFO - preprocess.py - convert_bert_example - 97 - token_ids: [2, 1, 62, 61, 1, 47, 48, 48, 47, 45, 62, 1, 57, 56, 1, 32, 47, 21, 61, 62, 43, 60, 62, 34, 1, 46, 51, 49, 51, 62, 43, 54, 51, 61, 1, 32, 47, 21, 47, 56, 46, 34, 17, 45, 43, 63, 61, 47, 46, 1, 32, 47, 22, 61, 62, 43, 60, 62, 34, 1, 43, 62, 60, 51, 43, 54, 1, 43, 60, 60, 50, 67, 62, 50, 55, 51, 43, 61, 1, 32, 47, 22, 47, 56, 46, 34, 1, 51, 61, 1, 63, 56, 53, 56, 57, 65, 56, 18, 1, 3, 0, 0, 0, 0, 0, 0, 0, 0, 0, 0, 0, 0, 0, 0, 0, 0, 0, 0, 0, 0, 0, 0, 0, 0, 0, 0, 0, 0]
2022-06-06 17:35:13,742 - INFO - preprocess.py - convert_bert_example - 98 - attention_masks: [1, 1, 1, 1, 1, 1, 1, 1, 1, 1, 1, 1, 1, 1, 1, 1, 1, 1, 1, 1, 1, 1, 1, 1, 1, 1, 1, 1, 1, 1, 1, 1, 1, 1, 1, 1, 1, 1, 1, 1, 1, 1, 1, 1, 1, 1, 1, 1, 1, 1, 1, 1, 1, 1, 1, 1, 1, 1, 1, 1, 1, 1, 1, 1, 1, 1, 1, 1, 1, 1, 1, 1, 1, 1, 1, 1, 1, 1, 1, 1, 1, 1, 1, 1, 1, 1, 1, 1, 1, 1, 1, 1, 1, 1, 1, 1, 1, 1, 1, 1, 0, 0, 0, 0, 0, 0, 0, 0, 0, 0, 0, 0, 0, 0, 0, 0, 0, 0, 0, 0, 0, 0, 0, 0, 0, 0, 0, 0]
2022-06-06 17:35:13,742 - INFO - preprocess.py - convert_bert_example - 99 - token_type_ids: [0, 0, 0, 0, 0, 0, 0, 0, 0, 0, 0, 0, 0, 0, 0, 0, 0, 0, 0, 0, 0, 0, 0, 0, 0, 0, 0, 0, 0, 0, 0, 0, 0, 0, 0, 0, 0, 0, 0, 0, 0, 0, 0, 0, 0, 0, 0, 0, 0, 0, 0, 0, 0, 0, 0, 0, 0, 0, 0, 0, 0, 0, 0, 0, 0, 0, 0, 0, 0, 0, 0, 0, 0, 0, 0, 0, 0, 0, 0, 0, 0, 0, 0, 0, 0, 0, 0, 0, 0, 0, 0, 0, 0, 0, 0, 0, 0, 0, 0, 0, 0, 0, 0, 0, 0, 0, 0, 0, 0, 0, 0, 0, 0, 0, 0, 0, 0, 0, 0, 0, 0, 0, 0, 0, 0, 0, 0, 0]
2022-06-06 17:35:13,742 - INFO - preprocess.py - convert_bert_example - 100 - labels: 0
2022-06-06 17:35:13,742 - INFO - preprocess.py - convert_bert_example - 101 - ids: [15, 42, 50, 86]
2022-06-06 17:35:13,743 - INFO - preprocess.py - convert_bert_example - 95 - *** test_example-1 ***
2022-06-06 17:35:13,743 - INFO - preprocess.py - convert_bert_example - 96 - text: [CLS] [UNK] o w e v e r, [UNK] t h e [UNK] g r o w t h [UNK] r a t e [UNK] o f [UNK] < e 2 s t a r t > [UNK] t u m o r s [UNK] < e 2 e n d > [UNK] w a s [UNK] n o t [UNK] m a r k e d l y [UNK] i n h i b i t e d [UNK] b y [UNK] < e 1 s t a r t > [UNK] g a r l i c [UNK] < e 1 e n d >. [UNK] [SEP]
2022-06-06 17:35:13,744 - INFO - preprocess.py - convert_bert_example - 97 - token_ids: [2, 1, 57, 65, 47, 64, 47, 60, 16, 1, 62, 50, 47, 1, 49, 60, 57, 65, 62, 50, 1, 60, 43, 62, 47, 1, 57, 48, 1, 32, 47, 22, 61, 62, 43, 60, 62, 34, 1, 62, 63, 55, 57, 60, 61, 1, 32, 47, 22, 47, 56, 46, 34, 1, 65, 43, 61, 1, 56, 57, 62, 1, 55, 43, 60, 53, 47, 46, 54, 67, 1, 51, 56, 50, 51, 44, 51, 62, 47, 46, 1, 44, 67, 1, 32, 47, 21, 61, 62, 43, 60, 62, 34, 1, 49, 43, 60, 54, 51, 45, 1, 32, 47, 21, 47, 56, 46, 34, 18, 1, 3, 0, 0, 0, 0, 0, 0, 0, 0, 0, 0, 0, 0, 0, 0, 0, 0, 0]
2022-06-06 17:35:13,744 - INFO - preprocess.py - convert_bert_example - 98 - attention_masks: [1, 1, 1, 1, 1, 1, 1, 1, 1, 1, 1, 1, 1, 1, 1, 1, 1, 1, 1, 1, 1, 1, 1, 1, 1, 1, 1, 1, 1, 1, 1, 1, 1, 1, 1, 1, 1, 1, 1, 1, 1, 1, 1, 1, 1, 1, 1, 1, 1, 1, 1, 1, 1, 1, 1, 1, 1, 1, 1, 1, 1, 1, 1, 1, 1, 1, 1, 1, 1, 1, 1, 1, 1, 1, 1, 1, 1, 1, 1, 1, 1, 1, 1, 1, 1, 1, 1, 1, 1, 1, 1, 1, 1, 1, 1, 1, 1, 1, 1, 1, 1, 1, 1, 1, 1, 1, 1, 1, 1, 1, 1, 0, 0, 0, 0, 0, 0, 0, 0, 0, 0, 0, 0, 0, 0, 0, 0, 0]
2022-06-06 17:35:13,744 - INFO - preprocess.py - convert_bert_example - 99 - token_type_ids: [0, 0, 0, 0, 0, 0, 0, 0, 0, 0, 0, 0, 0, 0, 0, 0, 0, 0, 0, 0, 0, 0, 0, 0, 0, 0, 0, 0, 0, 0, 0, 0, 0, 0, 0, 0, 0, 0, 0, 0, 0, 0, 0, 0, 0, 0, 0, 0, 0, 0, 0, 0, 0, 0, 0, 0, 0, 0, 0, 0, 0, 0, 0, 0, 0, 0, 0, 0, 0, 0, 0, 0, 0, 0, 0, 0, 0, 0, 0, 0, 0, 0, 0, 0, 0, 0, 0, 0, 0, 0, 0, 0, 0, 0, 0, 0, 0, 0, 0, 0, 0, 0, 0, 0, 0, 0, 0, 0, 0, 0, 0, 0, 0, 0, 0, 0, 0, 0, 0, 0, 0, 0, 0, 0, 0, 0, 0, 0]
2022-06-06 17:35:13,745 - INFO - preprocess.py - convert_bert_example - 100 - labels: 2
2022-06-06 17:35:13,745 - INFO - preprocess.py - convert_bert_example - 101 - ids: [84, 108, 29, 53]
2022-06-06 17:35:13,746 - INFO - preprocess.py - convert_bert_example - 95 - *** test_example-2 ***
2022-06-06 17:35:13,746 - INFO - preprocess.py - convert_bert_example - 96 - text: [CLS] < e 1 s t a r t > [UNK] [UNK] o b a c c o [UNK] < e 1 e n d > - r e l a t e d [UNK] < e 2 s t a r t > [UNK] c a n c e r s [UNK] < e 2 e n d > [UNK] i n [UNK] [UNK] a d r a s, [UNK] [UNK] n d i a. [UNK] [UNK] [SEP]
2022-06-06 17:35:13,746 - INFO - preprocess.py - convert_bert_example - 97 - token_ids: [2, 32, 47, 21, 61, 62, 43, 60, 62, 34, 1, 1, 57, 44, 43, 45, 45, 57, 1, 32, 47, 21, 47, 56, 46, 34, 17, 60, 47, 54, 43, 62, 47, 46, 1, 32, 47, 22, 61, 62, 43, 60, 62, 34, 1, 45, 43, 56, 45, 47, 60, 61, 1, 32, 47, 22, 47, 56, 46, 34, 1, 51, 56, 1, 1, 43, 46, 60, 43, 61, 16, 1, 1, 56, 46, 51, 43, 18, 1, 1, 3, 0, 0, 0, 0, 0, 0, 0, 0, 0, 0, 0, 0, 0, 0, 0, 0, 0, 0, 0, 0, 0, 0, 0, 0, 0, 0, 0, 0, 0, 0, 0, 0, 0, 0, 0, 0, 0, 0, 0, 0, 0, 0, 0, 0, 0, 0, 0]
2022-06-06 17:35:13,747 - INFO - preprocess.py - convert_bert_example - 98 - attention_masks: [1, 1, 1, 1, 1, 1, 1, 1, 1, 1, 1, 1, 1, 1, 1, 1, 1, 1, 1, 1, 1, 1, 1, 1, 1, 1, 1, 1, 1, 1, 1, 1, 1, 1, 1, 1, 1, 1, 1, 1, 1, 1, 1, 1, 1, 1, 1, 1, 1, 1, 1, 1, 1, 1, 1, 1, 1, 1, 1, 1, 1, 1, 1, 1, 1, 1, 1, 1, 1, 1, 1, 1, 1, 1, 1, 1, 1, 1, 1, 1, 1, 0, 0, 0, 0, 0, 0, 0, 0, 0, 0, 0, 0, 0, 0, 0, 0, 0, 0, 0, 0, 0, 0, 0, 0, 0, 0, 0, 0, 0, 0, 0, 0, 0, 0, 0, 0, 0, 0, 0, 0, 0, 0, 0, 0, 0, 0, 0]
2022-06-06 17:35:13,747 - INFO - preprocess.py - convert_bert_example - 99 - token_type_ids: [0, 0, 0, 0, 0, 0, 0, 0, 0, 0, 0, 0, 0, 0, 0, 0, 0, 0, 0, 0, 0, 0, 0, 0, 0, 0, 0, 0, 0, 0, 0, 0, 0, 0, 0, 0, 0, 0, 0, 0, 0, 0, 0, 0, 0, 0, 0, 0, 0, 0, 0, 0, 0, 0, 0, 0, 0, 0, 0, 0, 0, 0, 0, 0, 0, 0, 0, 0, 0, 0, 0, 0, 0, 0, 0, 0, 0, 0, 0, 0, 0, 0, 0, 0, 0, 0, 0, 0, 0, 0, 0, 0, 0, 0, 0, 0, 0, 0, 0, 0, 0, 0, 0, 0, 0, 0, 0, 0, 0, 0, 0, 0, 0, 0, 0, 0, 0, 0, 0, 0, 0, 0, 0, 0, 0, 0, 0, 0]
2022-06-06 17:35:13,747 - INFO - preprocess.py - convert_bert_example - 100 - labels: 0
2022-06-06 17:35:13,747 - INFO - preprocess.py - convert_bert_example - 101 - ids: [1, 26, 35, 60]
2022-06-06 17:35:13,748 - INFO - preprocess.py - convert_bert_example - 95 - *** test_example-3 ***
2022-06-06 17:35:13,748 - INFO - preprocess.py - convert_bert_example - 96 - text: [CLS] [UNK] h e [UNK] i m p o r t a n c e [UNK] o f [UNK] t h e [UNK] < e 1 s t a r t > [UNK] p e c a n [UNK] < e 1 e n d > [UNK] t r e e [UNK] p o l l e n [UNK] i n [UNK] < e 2 s t a r t > [UNK] a l l e r g i c [UNK] < e 2 e n d > [UNK] m a n i f e s t a t i o n s. [UNK] [UNK] [SEP]
2022-06-06 17:35:13,748 - INFO - preprocess.py - convert_bert_example - 97 - token_ids: [2, 1, 50, 47, 1, 51, 55, 58, 57, 60, 62, 43, 56, 45, 47, 1, 57, 48, 1, 62, 50, 47, 1, 32, 47, 21, 61, 62, 43, 60, 62, 34, 1, 58, 47, 45, 43, 56, 1, 32, 47, 21, 47, 56, 46, 34, 1, 62, 60, 47, 47, 1, 58, 57, 54, 54, 47, 56, 1, 51, 56, 1, 32, 47, 22, 61, 62, 43, 60, 62, 34, 1, 43, 54, 54, 47, 60, 49, 51, 45, 1, 32, 47, 22, 47, 56, 46, 34, 1, 55, 43, 56, 51, 48, 47, 61, 62, 43, 62, 51, 57, 56, 61, 18, 1, 1, 3, 0, 0, 0, 0, 0, 0, 0, 0, 0, 0, 0, 0, 0, 0, 0, 0, 0, 0, 0, 0, 0]
2022-06-06 17:35:13,748 - INFO - preprocess.py - convert_bert_example - 98 - attention_masks: [1, 1, 1, 1, 1, 1, 1, 1, 1, 1, 1, 1, 1, 1, 1, 1, 1, 1, 1, 1, 1, 1, 1, 1, 1, 1, 1, 1, 1, 1, 1, 1, 1, 1, 1, 1, 1, 1, 1, 1, 1, 1, 1, 1, 1, 1, 1, 1, 1, 1, 1, 1, 1, 1, 1, 1, 1, 1, 1, 1, 1, 1, 1, 1, 1, 1, 1, 1, 1, 1, 1, 1, 1, 1, 1, 1, 1, 1, 1, 1, 1, 1, 1, 1, 1, 1, 1, 1, 1, 1, 1, 1, 1, 1, 1, 1, 1, 1, 1, 1, 1, 1, 1, 1, 1, 1, 1, 0, 0, 0, 0, 0, 0, 0, 0, 0, 0, 0, 0, 0, 0, 0, 0, 0, 0, 0, 0, 0]
2022-06-06 17:35:13,748 - INFO - preprocess.py - convert_bert_example - 99 - token_type_ids: [0, 0, 0, 0, 0, 0, 0, 0, 0, 0, 0, 0, 0, 0, 0, 0, 0, 0, 0, 0, 0, 0, 0, 0, 0, 0, 0, 0, 0, 0, 0, 0, 0, 0, 0, 0, 0, 0, 0, 0, 0, 0, 0, 0, 0, 0, 0, 0, 0, 0, 0, 0, 0, 0, 0, 0, 0, 0, 0, 0, 0, 0, 0, 0, 0, 0, 0, 0, 0, 0, 0, 0, 0, 0, 0, 0, 0, 0, 0, 0, 0, 0, 0, 0, 0, 0, 0, 0, 0, 0, 0, 0, 0, 0, 0, 0, 0, 0, 0, 0, 0, 0, 0, 0, 0, 0, 0, 0, 0, 0, 0, 0, 0, 0, 0, 0, 0, 0, 0, 0, 0, 0, 0, 0, 0, 0, 0, 0]
2022-06-06 17:35:13,749 - INFO - preprocess.py - convert_bert_example - 100 - labels: 0
2022-06-06 17:35:13,749 - INFO - preprocess.py - convert_bert_example - 101 - ids: [23, 46, 62, 88]
2022-06-06 17:35:13,750 - INFO - preprocess.py - convert_examples_to_features - 134 - Build 11 features
