2022-06-01 20:53:23,906 - INFO - preprocess.py - <module> - 185 - {'output_dir': 'input/checkpoint/', 'bert_dir': 'model/biobert/', 'data_dir': 'input/data/', 'log_dir': 'output/logs/', 'num_tags': 4, 'seed': 123, 'gpu_ids': '-1', 'max_seq_len': 128, 'eval_batch_size': 32, 'swa_start': 3, 'train_epochs': 100, 'dropout_prob': 0.3, 'lr': 3e-05, 'other_lr': 0.0003, 'max_grad_norm': 1, 'warmup_proportion': 0.1, 'weight_decay': 0.01, 'adam_epsilon': 1e-08, 'train_batch_size': 32, 'eval_model': True}
2022-06-01 20:53:23,953 - INFO - preprocess.py - get_out - 156 - ==========================
2022-06-01 20:53:23,953 - INFO - preprocess.py - get_out - 157 - example_text : Halothane is known to oppose <e1start> digitalis <e1end>-induced <e2start> ventricular arrhythmias <e2end>. 
2022-06-01 20:53:23,953 - INFO - preprocess.py - get_out - 158 - example_id_label : 1
2022-06-01 20:53:23,953 - INFO - preprocess.py - get_out - 159 - example_id_tags : [29, 56, 65, 106]
2022-06-01 20:53:23,953 - INFO - preprocess.py - get_out - 160 - ==========================
2022-06-01 20:53:23,953 - INFO - preprocess.py - get_out - 156 - ==========================
2022-06-01 20:53:23,953 - INFO - preprocess.py - get_out - 157 - example_text : Both cases proved to be <e1start> cotton <e1end>-material-induced <e2start> granulomas <e2end>. 
2022-06-01 20:53:23,953 - INFO - preprocess.py - get_out - 158 - example_id_label : 1
2022-06-01 20:53:23,953 - INFO - preprocess.py - get_out - 159 - example_id_tags : [24, 48, 66, 94]
2022-06-01 20:53:23,953 - INFO - preprocess.py - get_out - 160 - ==========================
2022-06-01 20:53:23,953 - INFO - preprocess.py - get_out - 156 - ==========================
2022-06-01 20:53:23,953 - INFO - preprocess.py - get_out - 157 - example_text : The evidence for <e1start> soybean <e1end> products as <e2start> cancer <e2end> preventive agents.  
2022-06-01 20:53:23,953 - INFO - preprocess.py - get_out - 158 - example_id_label : 2
2022-06-01 20:53:23,953 - INFO - preprocess.py - get_out - 159 - example_id_tags : [17, 42, 55, 79]
2022-06-01 20:53:23,953 - INFO - preprocess.py - get_out - 160 - ==========================
2022-06-01 20:53:23,953 - INFO - preprocess.py - get_out - 156 - ==========================
2022-06-01 20:53:23,953 - INFO - preprocess.py - get_out - 157 - example_text : [Mortality trends in <e2start> cancer <e2end> attributable to <e1start> tobacco <e1end> in Mexico].  
2022-06-01 20:53:23,953 - INFO - preprocess.py - get_out - 158 - example_id_label : 1
2022-06-01 20:53:23,953 - INFO - preprocess.py - get_out - 159 - example_id_tags : [62, 87, 21, 45]
2022-06-01 20:53:23,953 - INFO - preprocess.py - get_out - 160 - ==========================
2022-06-01 20:53:23,953 - INFO - preprocess.py - get_out - 156 - ==========================
2022-06-01 20:53:23,953 - INFO - preprocess.py - get_out - 157 - example_text : <e1start> Areca <e1end> nut chewing has a significant association with <e2start> systemic inflammation <e2end>.
2022-06-01 20:53:23,953 - INFO - preprocess.py - get_out - 158 - example_id_label : 3
2022-06-01 20:53:23,953 - INFO - preprocess.py - get_out - 159 - example_id_tags : [0, 23, 71, 110]
2022-06-01 20:53:23,953 - INFO - preprocess.py - get_out - 160 - ==========================
2022-06-01 20:53:23,969 - INFO - preprocess.py - get_out - 156 - ==========================
2022-06-01 20:53:23,969 - INFO - preprocess.py - get_out - 157 - example_text : <e2start> major depression <e2end> (MD) and regular <e1start> tobacco <e1end> use (RU) or nicotine dependence (ND).
2022-06-01 20:53:23,969 - INFO - preprocess.py - get_out - 158 - example_id_label : 3
2022-06-01 20:53:23,969 - INFO - preprocess.py - get_out - 159 - example_id_tags : [52, 77, 0, 34]
2022-06-01 20:53:23,969 - INFO - preprocess.py - get_out - 160 - ==========================
2022-06-01 20:53:24,062 - INFO - preprocess.py - convert_examples_to_features - 120 - Convert 46 examples to features
2022-06-01 20:53:24,062 - INFO - preprocess.py - convert_bert_example - 95 - *** train_example-0 ***
2022-06-01 20:53:24,062 - INFO - preprocess.py - convert_bert_example - 96 - text: [CLS] H a l o t h a n e [UNK] i s [UNK] k n o w n [UNK] t o [UNK] o p p o s e [UNK] < e 1 s t a r t > [UNK] d i g i t a l i s [UNK] < e 1 e n d > - i n d u c e d [UNK] < e 2 s t a r t > [UNK] v e n t r i c u l a r [UNK] a r r h y t h m i a s [UNK] < e 2 e n d >. [UNK] [SEP]
2022-06-01 20:53:24,062 - INFO - preprocess.py - convert_bert_example - 97 - token_ids: [101, 145, 170, 181, 184, 189, 177, 170, 183, 174, 100, 178, 188, 100, 180, 183, 184, 192, 183, 100, 189, 184, 100, 184, 185, 185, 184, 188, 174, 100, 133, 174, 122, 188, 189, 170, 187, 189, 135, 100, 173, 178, 176, 178, 189, 170, 181, 178, 188, 100, 133, 174, 122, 174, 183, 173, 135, 118, 178, 183, 173, 190, 172, 174, 173, 100, 133, 174, 123, 188, 189, 170, 187, 189, 135, 100, 191, 174, 183, 189, 187, 178, 172, 190, 181, 170, 187, 100, 170, 187, 187, 177, 194, 189, 177, 182, 178, 170, 188, 100, 133, 174, 123, 174, 183, 173, 135, 119, 100, 102, 0, 0, 0, 0, 0, 0, 0, 0, 0, 0, 0, 0, 0, 0, 0, 0, 0, 0]
2022-06-01 20:53:24,062 - INFO - preprocess.py - convert_bert_example - 98 - attention_masks: [1, 1, 1, 1, 1, 1, 1, 1, 1, 1, 1, 1, 1, 1, 1, 1, 1, 1, 1, 1, 1, 1, 1, 1, 1, 1, 1, 1, 1, 1, 1, 1, 1, 1, 1, 1, 1, 1, 1, 1, 1, 1, 1, 1, 1, 1, 1, 1, 1, 1, 1, 1, 1, 1, 1, 1, 1, 1, 1, 1, 1, 1, 1, 1, 1, 1, 1, 1, 1, 1, 1, 1, 1, 1, 1, 1, 1, 1, 1, 1, 1, 1, 1, 1, 1, 1, 1, 1, 1, 1, 1, 1, 1, 1, 1, 1, 1, 1, 1, 1, 1, 1, 1, 1, 1, 1, 1, 1, 1, 1, 0, 0, 0, 0, 0, 0, 0, 0, 0, 0, 0, 0, 0, 0, 0, 0, 0, 0]
2022-06-01 20:53:24,062 - INFO - preprocess.py - convert_bert_example - 99 - token_type_ids: [0, 0, 0, 0, 0, 0, 0, 0, 0, 0, 0, 0, 0, 0, 0, 0, 0, 0, 0, 0, 0, 0, 0, 0, 0, 0, 0, 0, 0, 0, 0, 0, 0, 0, 0, 0, 0, 0, 0, 0, 0, 0, 0, 0, 0, 0, 0, 0, 0, 0, 0, 0, 0, 0, 0, 0, 0, 0, 0, 0, 0, 0, 0, 0, 0, 0, 0, 0, 0, 0, 0, 0, 0, 0, 0, 0, 0, 0, 0, 0, 0, 0, 0, 0, 0, 0, 0, 0, 0, 0, 0, 0, 0, 0, 0, 0, 0, 0, 0, 0, 0, 0, 0, 0, 0, 0, 0, 0, 0, 0, 0, 0, 0, 0, 0, 0, 0, 0, 0, 0, 0, 0, 0, 0, 0, 0, 0, 0]
2022-06-01 20:53:24,062 - INFO - preprocess.py - convert_bert_example - 100 - labels: 1
2022-06-01 20:53:24,062 - INFO - preprocess.py - convert_bert_example - 101 - ids：[30, 57, 66, 107]
2022-06-01 20:53:24,062 - INFO - preprocess.py - convert_bert_example - 95 - *** train_example-1 ***
2022-06-01 20:53:24,062 - INFO - preprocess.py - convert_bert_example - 96 - text: [CLS] B o t h [UNK] c a s e s [UNK] p r o v e d [UNK] t o [UNK] b e [UNK] < e 1 s t a r t > [UNK] c o t t o n [UNK] < e 1 e n d > - m a t e r i a l - i n d u c e d [UNK] < e 2 s t a r t > [UNK] g r a n u l o m a s [UNK] < e 2 e n d >. [UNK] [SEP]
2022-06-01 20:53:24,062 - INFO - preprocess.py - convert_bert_example - 97 - token_ids: [101, 139, 184, 189, 177, 100, 172, 170, 188, 174, 188, 100, 185, 187, 184, 191, 174, 173, 100, 189, 184, 100, 171, 174, 100, 133, 174, 122, 188, 189, 170, 187, 189, 135, 100, 172, 184, 189, 189, 184, 183, 100, 133, 174, 122, 174, 183, 173, 135, 118, 182, 170, 189, 174, 187, 178, 170, 181, 118, 178, 183, 173, 190, 172, 174, 173, 100, 133, 174, 123, 188, 189, 170, 187, 189, 135, 100, 176, 187, 170, 183, 190, 181, 184, 182, 170, 188, 100, 133, 174, 123, 174, 183, 173, 135, 119, 100, 102, 0, 0, 0, 0, 0, 0, 0, 0, 0, 0, 0, 0, 0, 0, 0, 0, 0, 0, 0, 0, 0, 0, 0, 0, 0, 0, 0, 0, 0, 0]
2022-06-01 20:53:24,078 - INFO - preprocess.py - convert_bert_example - 98 - attention_masks: [1, 1, 1, 1, 1, 1, 1, 1, 1, 1, 1, 1, 1, 1, 1, 1, 1, 1, 1, 1, 1, 1, 1, 1, 1, 1, 1, 1, 1, 1, 1, 1, 1, 1, 1, 1, 1, 1, 1, 1, 1, 1, 1, 1, 1, 1, 1, 1, 1, 1, 1, 1, 1, 1, 1, 1, 1, 1, 1, 1, 1, 1, 1, 1, 1, 1, 1, 1, 1, 1, 1, 1, 1, 1, 1, 1, 1, 1, 1, 1, 1, 1, 1, 1, 1, 1, 1, 1, 1, 1, 1, 1, 1, 1, 1, 1, 1, 1, 0, 0, 0, 0, 0, 0, 0, 0, 0, 0, 0, 0, 0, 0, 0, 0, 0, 0, 0, 0, 0, 0, 0, 0, 0, 0, 0, 0, 0, 0]
2022-06-01 20:53:24,078 - INFO - preprocess.py - convert_bert_example - 99 - token_type_ids: [0, 0, 0, 0, 0, 0, 0, 0, 0, 0, 0, 0, 0, 0, 0, 0, 0, 0, 0, 0, 0, 0, 0, 0, 0, 0, 0, 0, 0, 0, 0, 0, 0, 0, 0, 0, 0, 0, 0, 0, 0, 0, 0, 0, 0, 0, 0, 0, 0, 0, 0, 0, 0, 0, 0, 0, 0, 0, 0, 0, 0, 0, 0, 0, 0, 0, 0, 0, 0, 0, 0, 0, 0, 0, 0, 0, 0, 0, 0, 0, 0, 0, 0, 0, 0, 0, 0, 0, 0, 0, 0, 0, 0, 0, 0, 0, 0, 0, 0, 0, 0, 0, 0, 0, 0, 0, 0, 0, 0, 0, 0, 0, 0, 0, 0, 0, 0, 0, 0, 0, 0, 0, 0, 0, 0, 0, 0, 0]
2022-06-01 20:53:24,078 - INFO - preprocess.py - convert_bert_example - 100 - labels: 1
2022-06-01 20:53:24,078 - INFO - preprocess.py - convert_bert_example - 101 - ids：[25, 49, 67, 95]
2022-06-01 20:53:24,078 - INFO - preprocess.py - convert_bert_example - 95 - *** train_example-2 ***
2022-06-01 20:53:24,078 - INFO - preprocess.py - convert_bert_example - 96 - text: [CLS] T h e [UNK] e v i d e n c e [UNK] f o r [UNK] < e 1 s t a r t > [UNK] s o y b e a n [UNK] < e 1 e n d > [UNK] p r o d u c t s [UNK] a s [UNK] < e 2 s t a r t > [UNK] c a n c e r [UNK] < e 2 e n d > [UNK] p r e v e n t i v e [UNK] a g e n t s. [UNK] [UNK] [SEP]
2022-06-01 20:53:24,078 - INFO - preprocess.py - convert_bert_example - 97 - token_ids: [101, 157, 177, 174, 100, 174, 191, 178, 173, 174, 183, 172, 174, 100, 175, 184, 187, 100, 133, 174, 122, 188, 189, 170, 187, 189, 135, 100, 188, 184, 194, 171, 174, 170, 183, 100, 133, 174, 122, 174, 183, 173, 135, 100, 185, 187, 184, 173, 190, 172, 189, 188, 100, 170, 188, 100, 133, 174, 123, 188, 189, 170, 187, 189, 135, 100, 172, 170, 183, 172, 174, 187, 100, 133, 174, 123, 174, 183, 173, 135, 100, 185, 187, 174, 191, 174, 183, 189, 178, 191, 174, 100, 170, 176, 174, 183, 189, 188, 119, 100, 100, 102, 0, 0, 0, 0, 0, 0, 0, 0, 0, 0, 0, 0, 0, 0, 0, 0, 0, 0, 0, 0, 0, 0, 0, 0, 0, 0]
2022-06-01 20:53:24,078 - INFO - preprocess.py - convert_bert_example - 98 - attention_masks: [1, 1, 1, 1, 1, 1, 1, 1, 1, 1, 1, 1, 1, 1, 1, 1, 1, 1, 1, 1, 1, 1, 1, 1, 1, 1, 1, 1, 1, 1, 1, 1, 1, 1, 1, 1, 1, 1, 1, 1, 1, 1, 1, 1, 1, 1, 1, 1, 1, 1, 1, 1, 1, 1, 1, 1, 1, 1, 1, 1, 1, 1, 1, 1, 1, 1, 1, 1, 1, 1, 1, 1, 1, 1, 1, 1, 1, 1, 1, 1, 1, 1, 1, 1, 1, 1, 1, 1, 1, 1, 1, 1, 1, 1, 1, 1, 1, 1, 1, 1, 1, 1, 0, 0, 0, 0, 0, 0, 0, 0, 0, 0, 0, 0, 0, 0, 0, 0, 0, 0, 0, 0, 0, 0, 0, 0, 0, 0]
2022-06-01 20:53:24,078 - INFO - preprocess.py - convert_bert_example - 99 - token_type_ids: [0, 0, 0, 0, 0, 0, 0, 0, 0, 0, 0, 0, 0, 0, 0, 0, 0, 0, 0, 0, 0, 0, 0, 0, 0, 0, 0, 0, 0, 0, 0, 0, 0, 0, 0, 0, 0, 0, 0, 0, 0, 0, 0, 0, 0, 0, 0, 0, 0, 0, 0, 0, 0, 0, 0, 0, 0, 0, 0, 0, 0, 0, 0, 0, 0, 0, 0, 0, 0, 0, 0, 0, 0, 0, 0, 0, 0, 0, 0, 0, 0, 0, 0, 0, 0, 0, 0, 0, 0, 0, 0, 0, 0, 0, 0, 0, 0, 0, 0, 0, 0, 0, 0, 0, 0, 0, 0, 0, 0, 0, 0, 0, 0, 0, 0, 0, 0, 0, 0, 0, 0, 0, 0, 0, 0, 0, 0, 0]
2022-06-01 20:53:24,078 - INFO - preprocess.py - convert_bert_example - 100 - labels: 2
2022-06-01 20:53:24,078 - INFO - preprocess.py - convert_bert_example - 101 - ids：[18, 43, 56, 80]
2022-06-01 20:53:24,078 - INFO - preprocess.py - convert_bert_example - 95 - *** train_example-3 ***
2022-06-01 20:53:24,078 - INFO - preprocess.py - convert_bert_example - 96 - text: [CLS] [ M o r t a l i t y [UNK] t r e n d s [UNK] i n [UNK] < e 2 s t a r t > [UNK] c a n c e r [UNK] < e 2 e n d > [UNK] a t t r i b u t a b l e [UNK] t o [UNK] < e 1 s t a r t > [UNK] t o b a c c o [UNK] < e 1 e n d > [UNK] i n [UNK] M e x i c o ]. [UNK] [UNK] [SEP]
2022-06-01 20:53:24,078 - INFO - preprocess.py - convert_bert_example - 97 - token_ids: [101, 164, 150, 184, 187, 189, 170, 181, 178, 189, 194, 100, 189, 187, 174, 183, 173, 188, 100, 178, 183, 100, 133, 174, 123, 188, 189, 170, 187, 189, 135, 100, 172, 170, 183, 172, 174, 187, 100, 133, 174, 123, 174, 183, 173, 135, 100, 170, 189, 189, 187, 178, 171, 190, 189, 170, 171, 181, 174, 100, 189, 184, 100, 133, 174, 122, 188, 189, 170, 187, 189, 135, 100, 189, 184, 171, 170, 172, 172, 184, 100, 133, 174, 122, 174, 183, 173, 135, 100, 178, 183, 100, 150, 174, 193, 178, 172, 184, 166, 119, 100, 100, 102, 0, 0, 0, 0, 0, 0, 0, 0, 0, 0, 0, 0, 0, 0, 0, 0, 0, 0, 0, 0, 0, 0, 0, 0, 0]
2022-06-01 20:53:24,078 - INFO - preprocess.py - convert_bert_example - 98 - attention_masks: [1, 1, 1, 1, 1, 1, 1, 1, 1, 1, 1, 1, 1, 1, 1, 1, 1, 1, 1, 1, 1, 1, 1, 1, 1, 1, 1, 1, 1, 1, 1, 1, 1, 1, 1, 1, 1, 1, 1, 1, 1, 1, 1, 1, 1, 1, 1, 1, 1, 1, 1, 1, 1, 1, 1, 1, 1, 1, 1, 1, 1, 1, 1, 1, 1, 1, 1, 1, 1, 1, 1, 1, 1, 1, 1, 1, 1, 1, 1, 1, 1, 1, 1, 1, 1, 1, 1, 1, 1, 1, 1, 1, 1, 1, 1, 1, 1, 1, 1, 1, 1, 1, 1, 0, 0, 0, 0, 0, 0, 0, 0, 0, 0, 0, 0, 0, 0, 0, 0, 0, 0, 0, 0, 0, 0, 0, 0, 0]
2022-06-01 20:53:24,078 - INFO - preprocess.py - convert_bert_example - 99 - token_type_ids: [0, 0, 0, 0, 0, 0, 0, 0, 0, 0, 0, 0, 0, 0, 0, 0, 0, 0, 0, 0, 0, 0, 0, 0, 0, 0, 0, 0, 0, 0, 0, 0, 0, 0, 0, 0, 0, 0, 0, 0, 0, 0, 0, 0, 0, 0, 0, 0, 0, 0, 0, 0, 0, 0, 0, 0, 0, 0, 0, 0, 0, 0, 0, 0, 0, 0, 0, 0, 0, 0, 0, 0, 0, 0, 0, 0, 0, 0, 0, 0, 0, 0, 0, 0, 0, 0, 0, 0, 0, 0, 0, 0, 0, 0, 0, 0, 0, 0, 0, 0, 0, 0, 0, 0, 0, 0, 0, 0, 0, 0, 0, 0, 0, 0, 0, 0, 0, 0, 0, 0, 0, 0, 0, 0, 0, 0, 0, 0]
2022-06-01 20:53:24,078 - INFO - preprocess.py - convert_bert_example - 100 - labels: 1
2022-06-01 20:53:24,078 - INFO - preprocess.py - convert_bert_example - 101 - ids：[63, 88, 22, 46]
2022-06-01 20:53:24,078 - INFO - preprocess.py - convert_bert_example - 95 - *** train_example-4 ***
2022-06-01 20:53:24,078 - INFO - preprocess.py - convert_bert_example - 96 - text: [CLS] < e 1 s t a r t > [UNK] A r e c a [UNK] < e 1 e n d > [UNK] n u t [UNK] c h e w i n g [UNK] h a s [UNK] a [UNK] s i g n i f i c a n t [UNK] a s s o c i a t i o n [UNK] w i t h [UNK] < e 2 s t a r t > [UNK] s y s t e m i c [UNK] i n f l a m m a t i o n [UNK] < e 2 e n d >. [SEP]
2022-06-01 20:53:24,109 - INFO - preprocess.py - convert_bert_example - 97 - token_ids: [101, 133, 174, 122, 188, 189, 170, 187, 189, 135, 100, 138, 187, 174, 172, 170, 100, 133, 174, 122, 174, 183, 173, 135, 100, 183, 190, 189, 100, 172, 177, 174, 192, 178, 183, 176, 100, 177, 170, 188, 100, 170, 100, 188, 178, 176, 183, 178, 175, 178, 172, 170, 183, 189, 100, 170, 188, 188, 184, 172, 178, 170, 189, 178, 184, 183, 100, 192, 178, 189, 177, 100, 133, 174, 123, 188, 189, 170, 187, 189, 135, 100, 188, 194, 188, 189, 174, 182, 178, 172, 100, 178, 183, 175, 181, 170, 182, 182, 170, 189, 178, 184, 183, 100, 133, 174, 123, 174, 183, 173, 135, 119, 102, 0, 0, 0, 0, 0, 0, 0, 0, 0, 0, 0, 0, 0, 0, 0]
2022-06-01 20:53:24,109 - INFO - preprocess.py - convert_bert_example - 98 - attention_masks: [1, 1, 1, 1, 1, 1, 1, 1, 1, 1, 1, 1, 1, 1, 1, 1, 1, 1, 1, 1, 1, 1, 1, 1, 1, 1, 1, 1, 1, 1, 1, 1, 1, 1, 1, 1, 1, 1, 1, 1, 1, 1, 1, 1, 1, 1, 1, 1, 1, 1, 1, 1, 1, 1, 1, 1, 1, 1, 1, 1, 1, 1, 1, 1, 1, 1, 1, 1, 1, 1, 1, 1, 1, 1, 1, 1, 1, 1, 1, 1, 1, 1, 1, 1, 1, 1, 1, 1, 1, 1, 1, 1, 1, 1, 1, 1, 1, 1, 1, 1, 1, 1, 1, 1, 1, 1, 1, 1, 1, 1, 1, 1, 1, 0, 0, 0, 0, 0, 0, 0, 0, 0, 0, 0, 0, 0, 0, 0]
2022-06-01 20:53:24,109 - INFO - preprocess.py - convert_bert_example - 99 - token_type_ids: [0, 0, 0, 0, 0, 0, 0, 0, 0, 0, 0, 0, 0, 0, 0, 0, 0, 0, 0, 0, 0, 0, 0, 0, 0, 0, 0, 0, 0, 0, 0, 0, 0, 0, 0, 0, 0, 0, 0, 0, 0, 0, 0, 0, 0, 0, 0, 0, 0, 0, 0, 0, 0, 0, 0, 0, 0, 0, 0, 0, 0, 0, 0, 0, 0, 0, 0, 0, 0, 0, 0, 0, 0, 0, 0, 0, 0, 0, 0, 0, 0, 0, 0, 0, 0, 0, 0, 0, 0, 0, 0, 0, 0, 0, 0, 0, 0, 0, 0, 0, 0, 0, 0, 0, 0, 0, 0, 0, 0, 0, 0, 0, 0, 0, 0, 0, 0, 0, 0, 0, 0, 0, 0, 0, 0, 0, 0, 0]
2022-06-01 20:53:24,109 - INFO - preprocess.py - convert_bert_example - 100 - labels: 3
2022-06-01 20:53:24,109 - INFO - preprocess.py - convert_bert_example - 101 - ids：[1, 24, 72, 111]
2022-06-01 20:53:24,109 - INFO - preprocess.py - convert_bert_example - 95 - *** train_example-5 ***
2022-06-01 20:53:24,109 - INFO - preprocess.py - convert_bert_example - 96 - text: [CLS] < e 2 s t a r t > [UNK] m a j o r [UNK] d e p r e s s i o n [UNK] < e 2 e n d > [UNK] ( M D ) [UNK] a n d [UNK] r e g u l a r [UNK] < e 1 s t a r t > [UNK] t o b a c c o [UNK] < e 1 e n d > [UNK] u s e [UNK] ( R U ) [UNK] o r [UNK] n i c o t i n e [UNK] d e p e n d e n c e [UNK] ( N D ). [SEP]
2022-06-01 20:53:24,109 - INFO - preprocess.py - convert_bert_example - 97 - token_ids: [101, 133, 174, 123, 188, 189, 170, 187, 189, 135, 100, 182, 170, 179, 184, 187, 100, 173, 174, 185, 187, 174, 188, 188, 178, 184, 183, 100, 133, 174, 123, 174, 183, 173, 135, 100, 113, 150, 141, 114, 100, 170, 183, 173, 100, 187, 174, 176, 190, 181, 170, 187, 100, 133, 174, 122, 188, 189, 170, 187, 189, 135, 100, 189, 184, 171, 170, 172, 172, 184, 100, 133, 174, 122, 174, 183, 173, 135, 100, 190, 188, 174, 100, 113, 155, 158, 114, 100, 184, 187, 100, 183, 178, 172, 184, 189, 178, 183, 174, 100, 173, 174, 185, 174, 183, 173, 174, 183, 172, 174, 100, 113, 151, 141, 114, 119, 102, 0, 0, 0, 0, 0, 0, 0, 0, 0, 0, 0]
2022-06-01 20:53:24,109 - INFO - preprocess.py - convert_bert_example - 98 - attention_masks: [1, 1, 1, 1, 1, 1, 1, 1, 1, 1, 1, 1, 1, 1, 1, 1, 1, 1, 1, 1, 1, 1, 1, 1, 1, 1, 1, 1, 1, 1, 1, 1, 1, 1, 1, 1, 1, 1, 1, 1, 1, 1, 1, 1, 1, 1, 1, 1, 1, 1, 1, 1, 1, 1, 1, 1, 1, 1, 1, 1, 1, 1, 1, 1, 1, 1, 1, 1, 1, 1, 1, 1, 1, 1, 1, 1, 1, 1, 1, 1, 1, 1, 1, 1, 1, 1, 1, 1, 1, 1, 1, 1, 1, 1, 1, 1, 1, 1, 1, 1, 1, 1, 1, 1, 1, 1, 1, 1, 1, 1, 1, 1, 1, 1, 1, 1, 1, 0, 0, 0, 0, 0, 0, 0, 0, 0, 0, 0]
2022-06-01 20:53:24,109 - INFO - preprocess.py - convert_bert_example - 99 - token_type_ids: [0, 0, 0, 0, 0, 0, 0, 0, 0, 0, 0, 0, 0, 0, 0, 0, 0, 0, 0, 0, 0, 0, 0, 0, 0, 0, 0, 0, 0, 0, 0, 0, 0, 0, 0, 0, 0, 0, 0, 0, 0, 0, 0, 0, 0, 0, 0, 0, 0, 0, 0, 0, 0, 0, 0, 0, 0, 0, 0, 0, 0, 0, 0, 0, 0, 0, 0, 0, 0, 0, 0, 0, 0, 0, 0, 0, 0, 0, 0, 0, 0, 0, 0, 0, 0, 0, 0, 0, 0, 0, 0, 0, 0, 0, 0, 0, 0, 0, 0, 0, 0, 0, 0, 0, 0, 0, 0, 0, 0, 0, 0, 0, 0, 0, 0, 0, 0, 0, 0, 0, 0, 0, 0, 0, 0, 0, 0, 0]
2022-06-01 20:53:24,109 - INFO - preprocess.py - convert_bert_example - 100 - labels: 3
2022-06-01 20:53:24,109 - INFO - preprocess.py - convert_bert_example - 101 - ids：[53, 78, 1, 35]
2022-06-01 20:53:24,125 - INFO - preprocess.py - convert_examples_to_features - 134 - Build 46 features
2022-06-01 20:53:24,172 - INFO - preprocess.py - get_out - 156 - ==========================
2022-06-01 20:53:24,172 - INFO - preprocess.py - get_out - 157 - example_text : Its effect on <e1start> digitalis <e1end>-caused <e2start> atrial arrhythmias <e2end> is unknown. 
2022-06-01 20:53:24,172 - INFO - preprocess.py - get_out - 158 - example_id_label : 1
2022-06-01 20:53:24,172 - INFO - preprocess.py - get_out - 159 - example_id_tags : [14, 41, 49, 85]
2022-06-01 20:53:24,172 - INFO - preprocess.py - get_out - 160 - ==========================
2022-06-01 20:53:24,172 - INFO - preprocess.py - get_out - 156 - ==========================
2022-06-01 20:53:24,172 - INFO - preprocess.py - get_out - 157 - example_text : However, the growth rate of <e2start> tumors <e2end> was not markedly inhibited by <e1start> garlic <e1end>. 
2022-06-01 20:53:24,172 - INFO - preprocess.py - get_out - 158 - example_id_label : 0
2022-06-01 20:53:24,172 - INFO - preprocess.py - get_out - 159 - example_id_tags : [83, 107, 28, 52]
2022-06-01 20:53:24,172 - INFO - preprocess.py - get_out - 160 - ==========================
2022-06-01 20:53:24,172 - INFO - preprocess.py - get_out - 156 - ==========================
2022-06-01 20:53:24,172 - INFO - preprocess.py - get_out - 157 - example_text : <e1start> Tobacco <e1end>-related <e2start> cancers <e2end> in Madras, India.  
2022-06-01 20:53:24,172 - INFO - preprocess.py - get_out - 158 - example_id_label : 1
2022-06-01 20:53:24,172 - INFO - preprocess.py - get_out - 159 - example_id_tags : [0, 25, 34, 59]
2022-06-01 20:53:24,172 - INFO - preprocess.py - get_out - 160 - ==========================
2022-06-01 20:53:24,172 - INFO - preprocess.py - get_out - 156 - ==========================
2022-06-01 20:53:24,172 - INFO - preprocess.py - get_out - 157 - example_text : The importance of the <e1start> pecan <e1end> tree pollen in <e2start> allergic <e2end> manifestations.  
2022-06-01 20:53:24,172 - INFO - preprocess.py - get_out - 158 - example_id_label : 1
2022-06-01 20:53:24,172 - INFO - preprocess.py - get_out - 159 - example_id_tags : [22, 45, 61, 87]
2022-06-01 20:53:24,172 - INFO - preprocess.py - get_out - 160 - ==========================
2022-06-01 20:53:24,172 - INFO - preprocess.py - get_out - 156 - ==========================
2022-06-01 20:53:24,172 - INFO - preprocess.py - get_out - 157 - example_text : Components of <e1start> olive <e1end> oil and chemoprevention of <e2start> colorectal cancer <e2end>.  
2022-06-01 20:53:24,172 - INFO - preprocess.py - get_out - 158 - example_id_label : 0
2022-06-01 20:53:24,187 - INFO - preprocess.py - get_out - 159 - example_id_tags : [14, 37, 65, 100]
2022-06-01 20:53:24,187 - INFO - preprocess.py - get_out - 160 - ==========================
2022-06-01 20:53:24,187 - INFO - preprocess.py - get_out - 156 - ==========================
2022-06-01 20:53:24,187 - INFO - preprocess.py - get_out - 157 - example_text : It is unlikely that <e1start> garlic <e1end> is useful in preventing <e2start> cardiovascular disease <e2end>.  
2022-06-01 20:53:24,187 - INFO - preprocess.py - get_out - 158 - example_id_label : 0
2022-06-01 20:53:24,187 - INFO - preprocess.py - get_out - 159 - example_id_tags : [20, 44, 69, 109]
2022-06-01 20:53:24,187 - INFO - preprocess.py - get_out - 160 - ==========================
2022-06-01 20:53:24,219 - INFO - preprocess.py - convert_examples_to_features - 120 - Convert 11 examples to features
2022-06-01 20:53:24,219 - INFO - preprocess.py - convert_bert_example - 95 - *** dev_example-0 ***
2022-06-01 20:53:24,234 - INFO - preprocess.py - convert_bert_example - 96 - text: [CLS] I t s [UNK] e f f e c t [UNK] o n [UNK] < e 1 s t a r t > [UNK] d i g i t a l i s [UNK] < e 1 e n d > - c a u s e d [UNK] < e 2 s t a r t > [UNK] a t r i a l [UNK] a r r h y t h m i a s [UNK] < e 2 e n d > [UNK] i s [UNK] u n k n o w n. [UNK] [SEP]
2022-06-01 20:53:24,234 - INFO - preprocess.py - convert_bert_example - 97 - token_ids: [101, 146, 189, 188, 100, 174, 175, 175, 174, 172, 189, 100, 184, 183, 100, 133, 174, 122, 188, 189, 170, 187, 189, 135, 100, 173, 178, 176, 178, 189, 170, 181, 178, 188, 100, 133, 174, 122, 174, 183, 173, 135, 118, 172, 170, 190, 188, 174, 173, 100, 133, 174, 123, 188, 189, 170, 187, 189, 135, 100, 170, 189, 187, 178, 170, 181, 100, 170, 187, 187, 177, 194, 189, 177, 182, 178, 170, 188, 100, 133, 174, 123, 174, 183, 173, 135, 100, 178, 188, 100, 190, 183, 180, 183, 184, 192, 183, 119, 100, 102, 0, 0, 0, 0, 0, 0, 0, 0, 0, 0, 0, 0, 0, 0, 0, 0, 0, 0, 0, 0, 0, 0, 0, 0, 0, 0, 0, 0]
2022-06-01 20:53:24,234 - INFO - preprocess.py - convert_bert_example - 98 - attention_masks: [1, 1, 1, 1, 1, 1, 1, 1, 1, 1, 1, 1, 1, 1, 1, 1, 1, 1, 1, 1, 1, 1, 1, 1, 1, 1, 1, 1, 1, 1, 1, 1, 1, 1, 1, 1, 1, 1, 1, 1, 1, 1, 1, 1, 1, 1, 1, 1, 1, 1, 1, 1, 1, 1, 1, 1, 1, 1, 1, 1, 1, 1, 1, 1, 1, 1, 1, 1, 1, 1, 1, 1, 1, 1, 1, 1, 1, 1, 1, 1, 1, 1, 1, 1, 1, 1, 1, 1, 1, 1, 1, 1, 1, 1, 1, 1, 1, 1, 1, 1, 0, 0, 0, 0, 0, 0, 0, 0, 0, 0, 0, 0, 0, 0, 0, 0, 0, 0, 0, 0, 0, 0, 0, 0, 0, 0, 0, 0]
2022-06-01 20:53:24,234 - INFO - preprocess.py - convert_bert_example - 99 - token_type_ids: [0, 0, 0, 0, 0, 0, 0, 0, 0, 0, 0, 0, 0, 0, 0, 0, 0, 0, 0, 0, 0, 0, 0, 0, 0, 0, 0, 0, 0, 0, 0, 0, 0, 0, 0, 0, 0, 0, 0, 0, 0, 0, 0, 0, 0, 0, 0, 0, 0, 0, 0, 0, 0, 0, 0, 0, 0, 0, 0, 0, 0, 0, 0, 0, 0, 0, 0, 0, 0, 0, 0, 0, 0, 0, 0, 0, 0, 0, 0, 0, 0, 0, 0, 0, 0, 0, 0, 0, 0, 0, 0, 0, 0, 0, 0, 0, 0, 0, 0, 0, 0, 0, 0, 0, 0, 0, 0, 0, 0, 0, 0, 0, 0, 0, 0, 0, 0, 0, 0, 0, 0, 0, 0, 0, 0, 0, 0, 0]
2022-06-01 20:53:24,234 - INFO - preprocess.py - convert_bert_example - 100 - labels: 1
2022-06-01 20:53:24,234 - INFO - preprocess.py - convert_bert_example - 101 - ids：[15, 42, 50, 86]
2022-06-01 20:53:24,234 - INFO - preprocess.py - convert_bert_example - 95 - *** dev_example-1 ***
2022-06-01 20:53:24,234 - INFO - preprocess.py - convert_bert_example - 96 - text: [CLS] H o w e v e r, [UNK] t h e [UNK] g r o w t h [UNK] r a t e [UNK] o f [UNK] < e 2 s t a r t > [UNK] t u m o r s [UNK] < e 2 e n d > [UNK] w a s [UNK] n o t [UNK] m a r k e d l y [UNK] i n h i b i t e d [UNK] b y [UNK] < e 1 s t a r t > [UNK] g a r l i c [UNK] < e 1 e n d >. [UNK] [SEP]
2022-06-01 20:53:24,234 - INFO - preprocess.py - convert_bert_example - 97 - token_ids: [101, 145, 184, 192, 174, 191, 174, 187, 117, 100, 189, 177, 174, 100, 176, 187, 184, 192, 189, 177, 100, 187, 170, 189, 174, 100, 184, 175, 100, 133, 174, 123, 188, 189, 170, 187, 189, 135, 100, 189, 190, 182, 184, 187, 188, 100, 133, 174, 123, 174, 183, 173, 135, 100, 192, 170, 188, 100, 183, 184, 189, 100, 182, 170, 187, 180, 174, 173, 181, 194, 100, 178, 183, 177, 178, 171, 178, 189, 174, 173, 100, 171, 194, 100, 133, 174, 122, 188, 189, 170, 187, 189, 135, 100, 176, 170, 187, 181, 178, 172, 100, 133, 174, 122, 174, 183, 173, 135, 119, 100, 102, 0, 0, 0, 0, 0, 0, 0, 0, 0, 0, 0, 0, 0, 0, 0, 0, 0]
2022-06-01 20:53:24,234 - INFO - preprocess.py - convert_bert_example - 98 - attention_masks: [1, 1, 1, 1, 1, 1, 1, 1, 1, 1, 1, 1, 1, 1, 1, 1, 1, 1, 1, 1, 1, 1, 1, 1, 1, 1, 1, 1, 1, 1, 1, 1, 1, 1, 1, 1, 1, 1, 1, 1, 1, 1, 1, 1, 1, 1, 1, 1, 1, 1, 1, 1, 1, 1, 1, 1, 1, 1, 1, 1, 1, 1, 1, 1, 1, 1, 1, 1, 1, 1, 1, 1, 1, 1, 1, 1, 1, 1, 1, 1, 1, 1, 1, 1, 1, 1, 1, 1, 1, 1, 1, 1, 1, 1, 1, 1, 1, 1, 1, 1, 1, 1, 1, 1, 1, 1, 1, 1, 1, 1, 1, 0, 0, 0, 0, 0, 0, 0, 0, 0, 0, 0, 0, 0, 0, 0, 0, 0]
2022-06-01 20:53:24,234 - INFO - preprocess.py - convert_bert_example - 99 - token_type_ids: [0, 0, 0, 0, 0, 0, 0, 0, 0, 0, 0, 0, 0, 0, 0, 0, 0, 0, 0, 0, 0, 0, 0, 0, 0, 0, 0, 0, 0, 0, 0, 0, 0, 0, 0, 0, 0, 0, 0, 0, 0, 0, 0, 0, 0, 0, 0, 0, 0, 0, 0, 0, 0, 0, 0, 0, 0, 0, 0, 0, 0, 0, 0, 0, 0, 0, 0, 0, 0, 0, 0, 0, 0, 0, 0, 0, 0, 0, 0, 0, 0, 0, 0, 0, 0, 0, 0, 0, 0, 0, 0, 0, 0, 0, 0, 0, 0, 0, 0, 0, 0, 0, 0, 0, 0, 0, 0, 0, 0, 0, 0, 0, 0, 0, 0, 0, 0, 0, 0, 0, 0, 0, 0, 0, 0, 0, 0, 0]
2022-06-01 20:53:24,234 - INFO - preprocess.py - convert_bert_example - 100 - labels: 0
2022-06-01 20:53:24,234 - INFO - preprocess.py - convert_bert_example - 101 - ids：[84, 108, 29, 53]
2022-06-01 20:53:24,234 - INFO - preprocess.py - convert_bert_example - 95 - *** dev_example-2 ***
2022-06-01 20:53:24,234 - INFO - preprocess.py - convert_bert_example - 96 - text: [CLS] < e 1 s t a r t > [UNK] T o b a c c o [UNK] < e 1 e n d > - r e l a t e d [UNK] < e 2 s t a r t > [UNK] c a n c e r s [UNK] < e 2 e n d > [UNK] i n [UNK] M a d r a s, [UNK] I n d i a. [UNK] [UNK] [SEP]
2022-06-01 20:53:24,234 - INFO - preprocess.py - convert_bert_example - 97 - token_ids: [101, 133, 174, 122, 188, 189, 170, 187, 189, 135, 100, 157, 184, 171, 170, 172, 172, 184, 100, 133, 174, 122, 174, 183, 173, 135, 118, 187, 174, 181, 170, 189, 174, 173, 100, 133, 174, 123, 188, 189, 170, 187, 189, 135, 100, 172, 170, 183, 172, 174, 187, 188, 100, 133, 174, 123, 174, 183, 173, 135, 100, 178, 183, 100, 150, 170, 173, 187, 170, 188, 117, 100, 146, 183, 173, 178, 170, 119, 100, 100, 102, 0, 0, 0, 0, 0, 0, 0, 0, 0, 0, 0, 0, 0, 0, 0, 0, 0, 0, 0, 0, 0, 0, 0, 0, 0, 0, 0, 0, 0, 0, 0, 0, 0, 0, 0, 0, 0, 0, 0, 0, 0, 0, 0, 0, 0, 0, 0]
2022-06-01 20:53:24,234 - INFO - preprocess.py - convert_bert_example - 98 - attention_masks: [1, 1, 1, 1, 1, 1, 1, 1, 1, 1, 1, 1, 1, 1, 1, 1, 1, 1, 1, 1, 1, 1, 1, 1, 1, 1, 1, 1, 1, 1, 1, 1, 1, 1, 1, 1, 1, 1, 1, 1, 1, 1, 1, 1, 1, 1, 1, 1, 1, 1, 1, 1, 1, 1, 1, 1, 1, 1, 1, 1, 1, 1, 1, 1, 1, 1, 1, 1, 1, 1, 1, 1, 1, 1, 1, 1, 1, 1, 1, 1, 1, 0, 0, 0, 0, 0, 0, 0, 0, 0, 0, 0, 0, 0, 0, 0, 0, 0, 0, 0, 0, 0, 0, 0, 0, 0, 0, 0, 0, 0, 0, 0, 0, 0, 0, 0, 0, 0, 0, 0, 0, 0, 0, 0, 0, 0, 0, 0]
2022-06-01 20:53:24,234 - INFO - preprocess.py - convert_bert_example - 99 - token_type_ids: [0, 0, 0, 0, 0, 0, 0, 0, 0, 0, 0, 0, 0, 0, 0, 0, 0, 0, 0, 0, 0, 0, 0, 0, 0, 0, 0, 0, 0, 0, 0, 0, 0, 0, 0, 0, 0, 0, 0, 0, 0, 0, 0, 0, 0, 0, 0, 0, 0, 0, 0, 0, 0, 0, 0, 0, 0, 0, 0, 0, 0, 0, 0, 0, 0, 0, 0, 0, 0, 0, 0, 0, 0, 0, 0, 0, 0, 0, 0, 0, 0, 0, 0, 0, 0, 0, 0, 0, 0, 0, 0, 0, 0, 0, 0, 0, 0, 0, 0, 0, 0, 0, 0, 0, 0, 0, 0, 0, 0, 0, 0, 0, 0, 0, 0, 0, 0, 0, 0, 0, 0, 0, 0, 0, 0, 0, 0, 0]
2022-06-01 20:53:24,234 - INFO - preprocess.py - convert_bert_example - 100 - labels: 1
2022-06-01 20:53:24,234 - INFO - preprocess.py - convert_bert_example - 101 - ids：[1, 26, 35, 60]
2022-06-01 20:53:24,250 - INFO - preprocess.py - convert_bert_example - 95 - *** dev_example-3 ***
2022-06-01 20:53:24,250 - INFO - preprocess.py - convert_bert_example - 96 - text: [CLS] T h e [UNK] i m p o r t a n c e [UNK] o f [UNK] t h e [UNK] < e 1 s t a r t > [UNK] p e c a n [UNK] < e 1 e n d > [UNK] t r e e [UNK] p o l l e n [UNK] i n [UNK] < e 2 s t a r t > [UNK] a l l e r g i c [UNK] < e 2 e n d > [UNK] m a n i f e s t a t i o n s. [UNK] [UNK] [SEP]
2022-06-01 20:53:24,250 - INFO - preprocess.py - convert_bert_example - 97 - token_ids: [101, 157, 177, 174, 100, 178, 182, 185, 184, 187, 189, 170, 183, 172, 174, 100, 184, 175, 100, 189, 177, 174, 100, 133, 174, 122, 188, 189, 170, 187, 189, 135, 100, 185, 174, 172, 170, 183, 100, 133, 174, 122, 174, 183, 173, 135, 100, 189, 187, 174, 174, 100, 185, 184, 181, 181, 174, 183, 100, 178, 183, 100, 133, 174, 123, 188, 189, 170, 187, 189, 135, 100, 170, 181, 181, 174, 187, 176, 178, 172, 100, 133, 174, 123, 174, 183, 173, 135, 100, 182, 170, 183, 178, 175, 174, 188, 189, 170, 189, 178, 184, 183, 188, 119, 100, 100, 102, 0, 0, 0, 0, 0, 0, 0, 0, 0, 0, 0, 0, 0, 0, 0, 0, 0, 0, 0, 0, 0]
2022-06-01 20:53:24,250 - INFO - preprocess.py - convert_bert_example - 98 - attention_masks: [1, 1, 1, 1, 1, 1, 1, 1, 1, 1, 1, 1, 1, 1, 1, 1, 1, 1, 1, 1, 1, 1, 1, 1, 1, 1, 1, 1, 1, 1, 1, 1, 1, 1, 1, 1, 1, 1, 1, 1, 1, 1, 1, 1, 1, 1, 1, 1, 1, 1, 1, 1, 1, 1, 1, 1, 1, 1, 1, 1, 1, 1, 1, 1, 1, 1, 1, 1, 1, 1, 1, 1, 1, 1, 1, 1, 1, 1, 1, 1, 1, 1, 1, 1, 1, 1, 1, 1, 1, 1, 1, 1, 1, 1, 1, 1, 1, 1, 1, 1, 1, 1, 1, 1, 1, 1, 1, 0, 0, 0, 0, 0, 0, 0, 0, 0, 0, 0, 0, 0, 0, 0, 0, 0, 0, 0, 0, 0]
2022-06-01 20:53:24,250 - INFO - preprocess.py - convert_bert_example - 99 - token_type_ids: [0, 0, 0, 0, 0, 0, 0, 0, 0, 0, 0, 0, 0, 0, 0, 0, 0, 0, 0, 0, 0, 0, 0, 0, 0, 0, 0, 0, 0, 0, 0, 0, 0, 0, 0, 0, 0, 0, 0, 0, 0, 0, 0, 0, 0, 0, 0, 0, 0, 0, 0, 0, 0, 0, 0, 0, 0, 0, 0, 0, 0, 0, 0, 0, 0, 0, 0, 0, 0, 0, 0, 0, 0, 0, 0, 0, 0, 0, 0, 0, 0, 0, 0, 0, 0, 0, 0, 0, 0, 0, 0, 0, 0, 0, 0, 0, 0, 0, 0, 0, 0, 0, 0, 0, 0, 0, 0, 0, 0, 0, 0, 0, 0, 0, 0, 0, 0, 0, 0, 0, 0, 0, 0, 0, 0, 0, 0, 0]
2022-06-01 20:53:24,250 - INFO - preprocess.py - convert_bert_example - 100 - labels: 1
2022-06-01 20:53:24,250 - INFO - preprocess.py - convert_bert_example - 101 - ids：[23, 46, 62, 88]
2022-06-01 20:53:24,250 - INFO - preprocess.py - convert_bert_example - 95 - *** dev_example-4 ***
2022-06-01 20:53:24,250 - INFO - preprocess.py - convert_bert_example - 96 - text: [CLS] C o m p o n e n t s [UNK] o f [UNK] < e 1 s t a r t > [UNK] o l i v e [UNK] < e 1 e n d > [UNK] o i l [UNK] a n d [UNK] c h e m o p r e v e n t i o n [UNK] o f [UNK] < e 2 s t a r t > [UNK] c o l o r e c t a l [UNK] c a n c e r [UNK] < e 2 e n d >. [UNK] [UNK] [SEP]
2022-06-01 20:53:24,250 - INFO - preprocess.py - convert_bert_example - 97 - token_ids: [101, 140, 184, 182, 185, 184, 183, 174, 183, 189, 188, 100, 184, 175, 100, 133, 174, 122, 188, 189, 170, 187, 189, 135, 100, 184, 181, 178, 191, 174, 100, 133, 174, 122, 174, 183, 173, 135, 100, 184, 178, 181, 100, 170, 183, 173, 100, 172, 177, 174, 182, 184, 185, 187, 174, 191, 174, 183, 189, 178, 184, 183, 100, 184, 175, 100, 133, 174, 123, 188, 189, 170, 187, 189, 135, 100, 172, 184, 181, 184, 187, 174, 172, 189, 170, 181, 100, 172, 170, 183, 172, 174, 187, 100, 133, 174, 123, 174, 183, 173, 135, 119, 100, 100, 102, 0, 0, 0, 0, 0, 0, 0, 0, 0, 0, 0, 0, 0, 0, 0, 0, 0, 0, 0, 0, 0, 0, 0]
2022-06-01 20:53:24,250 - INFO - preprocess.py - convert_bert_example - 98 - attention_masks: [1, 1, 1, 1, 1, 1, 1, 1, 1, 1, 1, 1, 1, 1, 1, 1, 1, 1, 1, 1, 1, 1, 1, 1, 1, 1, 1, 1, 1, 1, 1, 1, 1, 1, 1, 1, 1, 1, 1, 1, 1, 1, 1, 1, 1, 1, 1, 1, 1, 1, 1, 1, 1, 1, 1, 1, 1, 1, 1, 1, 1, 1, 1, 1, 1, 1, 1, 1, 1, 1, 1, 1, 1, 1, 1, 1, 1, 1, 1, 1, 1, 1, 1, 1, 1, 1, 1, 1, 1, 1, 1, 1, 1, 1, 1, 1, 1, 1, 1, 1, 1, 1, 1, 1, 1, 0, 0, 0, 0, 0, 0, 0, 0, 0, 0, 0, 0, 0, 0, 0, 0, 0, 0, 0, 0, 0, 0, 0]
2022-06-01 20:53:24,250 - INFO - preprocess.py - convert_bert_example - 99 - token_type_ids: [0, 0, 0, 0, 0, 0, 0, 0, 0, 0, 0, 0, 0, 0, 0, 0, 0, 0, 0, 0, 0, 0, 0, 0, 0, 0, 0, 0, 0, 0, 0, 0, 0, 0, 0, 0, 0, 0, 0, 0, 0, 0, 0, 0, 0, 0, 0, 0, 0, 0, 0, 0, 0, 0, 0, 0, 0, 0, 0, 0, 0, 0, 0, 0, 0, 0, 0, 0, 0, 0, 0, 0, 0, 0, 0, 0, 0, 0, 0, 0, 0, 0, 0, 0, 0, 0, 0, 0, 0, 0, 0, 0, 0, 0, 0, 0, 0, 0, 0, 0, 0, 0, 0, 0, 0, 0, 0, 0, 0, 0, 0, 0, 0, 0, 0, 0, 0, 0, 0, 0, 0, 0, 0, 0, 0, 0, 0, 0]
2022-06-01 20:53:24,250 - INFO - preprocess.py - convert_bert_example - 100 - labels: 0
2022-06-01 20:53:24,250 - INFO - preprocess.py - convert_bert_example - 101 - ids：[15, 38, 66, 101]
2022-06-01 20:53:24,250 - INFO - preprocess.py - convert_bert_example - 95 - *** dev_example-5 ***
2022-06-01 20:53:24,250 - INFO - preprocess.py - convert_bert_example - 96 - text: [CLS] I t [UNK] i s [UNK] u n l i k e l y [UNK] t h a t [UNK] < e 1 s t a r t > [UNK] g a r l i c [UNK] < e 1 e n d > [UNK] i s [UNK] u s e f u l [UNK] i n [UNK] p r e v e n t i n g [UNK] < e 2 s t a r t > [UNK] c a r d i o v a s c u l a r [UNK] d i s e a s e [UNK] < e 2 e n d >. [UNK] [UNK] [SEP]
2022-06-01 20:53:24,250 - INFO - preprocess.py - convert_bert_example - 97 - token_ids: [101, 146, 189, 100, 178, 188, 100, 190, 183, 181, 178, 180, 174, 181, 194, 100, 189, 177, 170, 189, 100, 133, 174, 122, 188, 189, 170, 187, 189, 135, 100, 176, 170, 187, 181, 178, 172, 100, 133, 174, 122, 174, 183, 173, 135, 100, 178, 188, 100, 190, 188, 174, 175, 190, 181, 100, 178, 183, 100, 185, 187, 174, 191, 174, 183, 189, 178, 183, 176, 100, 133, 174, 123, 188, 189, 170, 187, 189, 135, 100, 172, 170, 187, 173, 178, 184, 191, 170, 188, 172, 190, 181, 170, 187, 100, 173, 178, 188, 174, 170, 188, 174, 100, 133, 174, 123, 174, 183, 173, 135, 119, 100, 100, 102, 0, 0, 0, 0, 0, 0, 0, 0, 0, 0, 0, 0, 0, 0]
2022-06-01 20:53:24,250 - INFO - preprocess.py - convert_bert_example - 98 - attention_masks: [1, 1, 1, 1, 1, 1, 1, 1, 1, 1, 1, 1, 1, 1, 1, 1, 1, 1, 1, 1, 1, 1, 1, 1, 1, 1, 1, 1, 1, 1, 1, 1, 1, 1, 1, 1, 1, 1, 1, 1, 1, 1, 1, 1, 1, 1, 1, 1, 1, 1, 1, 1, 1, 1, 1, 1, 1, 1, 1, 1, 1, 1, 1, 1, 1, 1, 1, 1, 1, 1, 1, 1, 1, 1, 1, 1, 1, 1, 1, 1, 1, 1, 1, 1, 1, 1, 1, 1, 1, 1, 1, 1, 1, 1, 1, 1, 1, 1, 1, 1, 1, 1, 1, 1, 1, 1, 1, 1, 1, 1, 1, 1, 1, 1, 0, 0, 0, 0, 0, 0, 0, 0, 0, 0, 0, 0, 0, 0]
2022-06-01 20:53:24,250 - INFO - preprocess.py - convert_bert_example - 99 - token_type_ids: [0, 0, 0, 0, 0, 0, 0, 0, 0, 0, 0, 0, 0, 0, 0, 0, 0, 0, 0, 0, 0, 0, 0, 0, 0, 0, 0, 0, 0, 0, 0, 0, 0, 0, 0, 0, 0, 0, 0, 0, 0, 0, 0, 0, 0, 0, 0, 0, 0, 0, 0, 0, 0, 0, 0, 0, 0, 0, 0, 0, 0, 0, 0, 0, 0, 0, 0, 0, 0, 0, 0, 0, 0, 0, 0, 0, 0, 0, 0, 0, 0, 0, 0, 0, 0, 0, 0, 0, 0, 0, 0, 0, 0, 0, 0, 0, 0, 0, 0, 0, 0, 0, 0, 0, 0, 0, 0, 0, 0, 0, 0, 0, 0, 0, 0, 0, 0, 0, 0, 0, 0, 0, 0, 0, 0, 0, 0, 0]
2022-06-01 20:53:24,250 - INFO - preprocess.py - convert_bert_example - 100 - labels: 0
2022-06-01 20:53:24,266 - INFO - preprocess.py - convert_bert_example - 101 - ids：[21, 45, 70, 110]
2022-06-01 20:53:24,266 - INFO - preprocess.py - convert_examples_to_features - 134 - Build 11 features
2022-06-01 20:53:24,453 - INFO - preprocess.py - get_out - 156 - ==========================
2022-06-01 20:53:24,453 - INFO - preprocess.py - get_out - 157 - example_text : Its effect on <e1start> digitalis <e1end>-caused <e2start> atrial arrhythmias <e2end> is unknown. 
2022-06-01 20:53:24,453 - INFO - preprocess.py - get_out - 158 - example_id_label : 1
2022-06-01 20:53:24,453 - INFO - preprocess.py - get_out - 159 - example_id_tags : [14, 41, 49, 85]
2022-06-01 20:53:24,453 - INFO - preprocess.py - get_out - 160 - ==========================
2022-06-01 20:53:24,453 - INFO - preprocess.py - get_out - 156 - ==========================
2022-06-01 20:53:24,453 - INFO - preprocess.py - get_out - 157 - example_text : However, the growth rate of <e2start> tumors <e2end> was not markedly inhibited by <e1start> garlic <e1end>. 
2022-06-01 20:53:24,453 - INFO - preprocess.py - get_out - 158 - example_id_label : 0
2022-06-01 20:53:24,453 - INFO - preprocess.py - get_out - 159 - example_id_tags : [83, 107, 28, 52]
2022-06-01 20:53:24,453 - INFO - preprocess.py - get_out - 160 - ==========================
2022-06-01 20:53:24,453 - INFO - preprocess.py - get_out - 156 - ==========================
2022-06-01 20:53:24,453 - INFO - preprocess.py - get_out - 157 - example_text : <e1start> Tobacco <e1end>-related <e2start> cancers <e2end> in Madras, India.  
2022-06-01 20:53:24,453 - INFO - preprocess.py - get_out - 158 - example_id_label : 1
2022-06-01 20:53:24,453 - INFO - preprocess.py - get_out - 159 - example_id_tags : [0, 25, 34, 59]
2022-06-01 20:53:24,453 - INFO - preprocess.py - get_out - 160 - ==========================
2022-06-01 20:53:24,453 - INFO - preprocess.py - get_out - 156 - ==========================
2022-06-01 20:53:24,453 - INFO - preprocess.py - get_out - 157 - example_text : The importance of the <e1start> pecan <e1end> tree pollen in <e2start> allergic <e2end> manifestations.  
2022-06-01 20:53:24,453 - INFO - preprocess.py - get_out - 158 - example_id_label : 1
2022-06-01 20:53:24,453 - INFO - preprocess.py - get_out - 159 - example_id_tags : [22, 45, 61, 87]
2022-06-01 20:53:24,453 - INFO - preprocess.py - get_out - 160 - ==========================
2022-06-01 20:53:24,453 - INFO - preprocess.py - get_out - 156 - ==========================
2022-06-01 20:53:24,453 - INFO - preprocess.py - get_out - 157 - example_text : Components of <e1start> olive <e1end> oil and chemoprevention of <e2start> colorectal cancer <e2end>.  
2022-06-01 20:53:24,453 - INFO - preprocess.py - get_out - 158 - example_id_label : 0
2022-06-01 20:53:24,453 - INFO - preprocess.py - get_out - 159 - example_id_tags : [14, 37, 65, 100]
2022-06-01 20:53:24,453 - INFO - preprocess.py - get_out - 160 - ==========================
2022-06-01 20:53:24,453 - INFO - preprocess.py - get_out - 156 - ==========================
2022-06-01 20:53:24,453 - INFO - preprocess.py - get_out - 157 - example_text : It is unlikely that <e1start> garlic <e1end> is useful in preventing <e2start> cardiovascular disease <e2end>.  
2022-06-01 20:53:24,469 - INFO - preprocess.py - get_out - 158 - example_id_label : 0
2022-06-01 20:53:24,469 - INFO - preprocess.py - get_out - 159 - example_id_tags : [20, 44, 69, 109]
2022-06-01 20:53:24,469 - INFO - preprocess.py - get_out - 160 - ==========================
2022-06-01 20:53:24,500 - INFO - preprocess.py - convert_examples_to_features - 120 - Convert 11 examples to features
2022-06-01 20:53:24,500 - INFO - preprocess.py - convert_bert_example - 95 - *** test_example-0 ***
2022-06-01 20:53:24,500 - INFO - preprocess.py - convert_bert_example - 96 - text: [CLS] I t s [UNK] e f f e c t [UNK] o n [UNK] < e 1 s t a r t > [UNK] d i g i t a l i s [UNK] < e 1 e n d > - c a u s e d [UNK] < e 2 s t a r t > [UNK] a t r i a l [UNK] a r r h y t h m i a s [UNK] < e 2 e n d > [UNK] i s [UNK] u n k n o w n. [UNK] [SEP]
2022-06-01 20:53:24,500 - INFO - preprocess.py - convert_bert_example - 97 - token_ids: [101, 146, 189, 188, 100, 174, 175, 175, 174, 172, 189, 100, 184, 183, 100, 133, 174, 122, 188, 189, 170, 187, 189, 135, 100, 173, 178, 176, 178, 189, 170, 181, 178, 188, 100, 133, 174, 122, 174, 183, 173, 135, 118, 172, 170, 190, 188, 174, 173, 100, 133, 174, 123, 188, 189, 170, 187, 189, 135, 100, 170, 189, 187, 178, 170, 181, 100, 170, 187, 187, 177, 194, 189, 177, 182, 178, 170, 188, 100, 133, 174, 123, 174, 183, 173, 135, 100, 178, 188, 100, 190, 183, 180, 183, 184, 192, 183, 119, 100, 102, 0, 0, 0, 0, 0, 0, 0, 0, 0, 0, 0, 0, 0, 0, 0, 0, 0, 0, 0, 0, 0, 0, 0, 0, 0, 0, 0, 0]
2022-06-01 20:53:24,500 - INFO - preprocess.py - convert_bert_example - 98 - attention_masks: [1, 1, 1, 1, 1, 1, 1, 1, 1, 1, 1, 1, 1, 1, 1, 1, 1, 1, 1, 1, 1, 1, 1, 1, 1, 1, 1, 1, 1, 1, 1, 1, 1, 1, 1, 1, 1, 1, 1, 1, 1, 1, 1, 1, 1, 1, 1, 1, 1, 1, 1, 1, 1, 1, 1, 1, 1, 1, 1, 1, 1, 1, 1, 1, 1, 1, 1, 1, 1, 1, 1, 1, 1, 1, 1, 1, 1, 1, 1, 1, 1, 1, 1, 1, 1, 1, 1, 1, 1, 1, 1, 1, 1, 1, 1, 1, 1, 1, 1, 1, 0, 0, 0, 0, 0, 0, 0, 0, 0, 0, 0, 0, 0, 0, 0, 0, 0, 0, 0, 0, 0, 0, 0, 0, 0, 0, 0, 0]
2022-06-01 20:53:24,516 - INFO - preprocess.py - convert_bert_example - 99 - token_type_ids: [0, 0, 0, 0, 0, 0, 0, 0, 0, 0, 0, 0, 0, 0, 0, 0, 0, 0, 0, 0, 0, 0, 0, 0, 0, 0, 0, 0, 0, 0, 0, 0, 0, 0, 0, 0, 0, 0, 0, 0, 0, 0, 0, 0, 0, 0, 0, 0, 0, 0, 0, 0, 0, 0, 0, 0, 0, 0, 0, 0, 0, 0, 0, 0, 0, 0, 0, 0, 0, 0, 0, 0, 0, 0, 0, 0, 0, 0, 0, 0, 0, 0, 0, 0, 0, 0, 0, 0, 0, 0, 0, 0, 0, 0, 0, 0, 0, 0, 0, 0, 0, 0, 0, 0, 0, 0, 0, 0, 0, 0, 0, 0, 0, 0, 0, 0, 0, 0, 0, 0, 0, 0, 0, 0, 0, 0, 0, 0]
2022-06-01 20:53:24,516 - INFO - preprocess.py - convert_bert_example - 100 - labels: 1
2022-06-01 20:53:24,516 - INFO - preprocess.py - convert_bert_example - 101 - ids：[15, 42, 50, 86]
2022-06-01 20:53:24,516 - INFO - preprocess.py - convert_bert_example - 95 - *** test_example-1 ***
2022-06-01 20:53:24,516 - INFO - preprocess.py - convert_bert_example - 96 - text: [CLS] H o w e v e r, [UNK] t h e [UNK] g r o w t h [UNK] r a t e [UNK] o f [UNK] < e 2 s t a r t > [UNK] t u m o r s [UNK] < e 2 e n d > [UNK] w a s [UNK] n o t [UNK] m a r k e d l y [UNK] i n h i b i t e d [UNK] b y [UNK] < e 1 s t a r t > [UNK] g a r l i c [UNK] < e 1 e n d >. [UNK] [SEP]
2022-06-01 20:53:24,516 - INFO - preprocess.py - convert_bert_example - 97 - token_ids: [101, 145, 184, 192, 174, 191, 174, 187, 117, 100, 189, 177, 174, 100, 176, 187, 184, 192, 189, 177, 100, 187, 170, 189, 174, 100, 184, 175, 100, 133, 174, 123, 188, 189, 170, 187, 189, 135, 100, 189, 190, 182, 184, 187, 188, 100, 133, 174, 123, 174, 183, 173, 135, 100, 192, 170, 188, 100, 183, 184, 189, 100, 182, 170, 187, 180, 174, 173, 181, 194, 100, 178, 183, 177, 178, 171, 178, 189, 174, 173, 100, 171, 194, 100, 133, 174, 122, 188, 189, 170, 187, 189, 135, 100, 176, 170, 187, 181, 178, 172, 100, 133, 174, 122, 174, 183, 173, 135, 119, 100, 102, 0, 0, 0, 0, 0, 0, 0, 0, 0, 0, 0, 0, 0, 0, 0, 0, 0]
2022-06-01 20:53:24,516 - INFO - preprocess.py - convert_bert_example - 98 - attention_masks: [1, 1, 1, 1, 1, 1, 1, 1, 1, 1, 1, 1, 1, 1, 1, 1, 1, 1, 1, 1, 1, 1, 1, 1, 1, 1, 1, 1, 1, 1, 1, 1, 1, 1, 1, 1, 1, 1, 1, 1, 1, 1, 1, 1, 1, 1, 1, 1, 1, 1, 1, 1, 1, 1, 1, 1, 1, 1, 1, 1, 1, 1, 1, 1, 1, 1, 1, 1, 1, 1, 1, 1, 1, 1, 1, 1, 1, 1, 1, 1, 1, 1, 1, 1, 1, 1, 1, 1, 1, 1, 1, 1, 1, 1, 1, 1, 1, 1, 1, 1, 1, 1, 1, 1, 1, 1, 1, 1, 1, 1, 1, 0, 0, 0, 0, 0, 0, 0, 0, 0, 0, 0, 0, 0, 0, 0, 0, 0]
2022-06-01 20:53:24,516 - INFO - preprocess.py - convert_bert_example - 99 - token_type_ids: [0, 0, 0, 0, 0, 0, 0, 0, 0, 0, 0, 0, 0, 0, 0, 0, 0, 0, 0, 0, 0, 0, 0, 0, 0, 0, 0, 0, 0, 0, 0, 0, 0, 0, 0, 0, 0, 0, 0, 0, 0, 0, 0, 0, 0, 0, 0, 0, 0, 0, 0, 0, 0, 0, 0, 0, 0, 0, 0, 0, 0, 0, 0, 0, 0, 0, 0, 0, 0, 0, 0, 0, 0, 0, 0, 0, 0, 0, 0, 0, 0, 0, 0, 0, 0, 0, 0, 0, 0, 0, 0, 0, 0, 0, 0, 0, 0, 0, 0, 0, 0, 0, 0, 0, 0, 0, 0, 0, 0, 0, 0, 0, 0, 0, 0, 0, 0, 0, 0, 0, 0, 0, 0, 0, 0, 0, 0, 0]
2022-06-01 20:53:24,516 - INFO - preprocess.py - convert_bert_example - 100 - labels: 0
2022-06-01 20:53:24,516 - INFO - preprocess.py - convert_bert_example - 101 - ids：[84, 108, 29, 53]
2022-06-01 20:53:24,516 - INFO - preprocess.py - convert_bert_example - 95 - *** test_example-2 ***
2022-06-01 20:53:24,516 - INFO - preprocess.py - convert_bert_example - 96 - text: [CLS] < e 1 s t a r t > [UNK] T o b a c c o [UNK] < e 1 e n d > - r e l a t e d [UNK] < e 2 s t a r t > [UNK] c a n c e r s [UNK] < e 2 e n d > [UNK] i n [UNK] M a d r a s, [UNK] I n d i a. [UNK] [UNK] [SEP]
2022-06-01 20:53:24,516 - INFO - preprocess.py - convert_bert_example - 97 - token_ids: [101, 133, 174, 122, 188, 189, 170, 187, 189, 135, 100, 157, 184, 171, 170, 172, 172, 184, 100, 133, 174, 122, 174, 183, 173, 135, 118, 187, 174, 181, 170, 189, 174, 173, 100, 133, 174, 123, 188, 189, 170, 187, 189, 135, 100, 172, 170, 183, 172, 174, 187, 188, 100, 133, 174, 123, 174, 183, 173, 135, 100, 178, 183, 100, 150, 170, 173, 187, 170, 188, 117, 100, 146, 183, 173, 178, 170, 119, 100, 100, 102, 0, 0, 0, 0, 0, 0, 0, 0, 0, 0, 0, 0, 0, 0, 0, 0, 0, 0, 0, 0, 0, 0, 0, 0, 0, 0, 0, 0, 0, 0, 0, 0, 0, 0, 0, 0, 0, 0, 0, 0, 0, 0, 0, 0, 0, 0, 0]
2022-06-01 20:53:24,516 - INFO - preprocess.py - convert_bert_example - 98 - attention_masks: [1, 1, 1, 1, 1, 1, 1, 1, 1, 1, 1, 1, 1, 1, 1, 1, 1, 1, 1, 1, 1, 1, 1, 1, 1, 1, 1, 1, 1, 1, 1, 1, 1, 1, 1, 1, 1, 1, 1, 1, 1, 1, 1, 1, 1, 1, 1, 1, 1, 1, 1, 1, 1, 1, 1, 1, 1, 1, 1, 1, 1, 1, 1, 1, 1, 1, 1, 1, 1, 1, 1, 1, 1, 1, 1, 1, 1, 1, 1, 1, 1, 0, 0, 0, 0, 0, 0, 0, 0, 0, 0, 0, 0, 0, 0, 0, 0, 0, 0, 0, 0, 0, 0, 0, 0, 0, 0, 0, 0, 0, 0, 0, 0, 0, 0, 0, 0, 0, 0, 0, 0, 0, 0, 0, 0, 0, 0, 0]
2022-06-01 20:53:24,516 - INFO - preprocess.py - convert_bert_example - 99 - token_type_ids: [0, 0, 0, 0, 0, 0, 0, 0, 0, 0, 0, 0, 0, 0, 0, 0, 0, 0, 0, 0, 0, 0, 0, 0, 0, 0, 0, 0, 0, 0, 0, 0, 0, 0, 0, 0, 0, 0, 0, 0, 0, 0, 0, 0, 0, 0, 0, 0, 0, 0, 0, 0, 0, 0, 0, 0, 0, 0, 0, 0, 0, 0, 0, 0, 0, 0, 0, 0, 0, 0, 0, 0, 0, 0, 0, 0, 0, 0, 0, 0, 0, 0, 0, 0, 0, 0, 0, 0, 0, 0, 0, 0, 0, 0, 0, 0, 0, 0, 0, 0, 0, 0, 0, 0, 0, 0, 0, 0, 0, 0, 0, 0, 0, 0, 0, 0, 0, 0, 0, 0, 0, 0, 0, 0, 0, 0, 0, 0]
2022-06-01 20:53:24,516 - INFO - preprocess.py - convert_bert_example - 100 - labels: 1
2022-06-01 20:53:24,516 - INFO - preprocess.py - convert_bert_example - 101 - ids：[1, 26, 35, 60]
2022-06-01 20:53:24,516 - INFO - preprocess.py - convert_bert_example - 95 - *** test_example-3 ***
2022-06-01 20:53:24,516 - INFO - preprocess.py - convert_bert_example - 96 - text: [CLS] T h e [UNK] i m p o r t a n c e [UNK] o f [UNK] t h e [UNK] < e 1 s t a r t > [UNK] p e c a n [UNK] < e 1 e n d > [UNK] t r e e [UNK] p o l l e n [UNK] i n [UNK] < e 2 s t a r t > [UNK] a l l e r g i c [UNK] < e 2 e n d > [UNK] m a n i f e s t a t i o n s. [UNK] [UNK] [SEP]
2022-06-01 20:53:24,531 - INFO - preprocess.py - convert_bert_example - 97 - token_ids: [101, 157, 177, 174, 100, 178, 182, 185, 184, 187, 189, 170, 183, 172, 174, 100, 184, 175, 100, 189, 177, 174, 100, 133, 174, 122, 188, 189, 170, 187, 189, 135, 100, 185, 174, 172, 170, 183, 100, 133, 174, 122, 174, 183, 173, 135, 100, 189, 187, 174, 174, 100, 185, 184, 181, 181, 174, 183, 100, 178, 183, 100, 133, 174, 123, 188, 189, 170, 187, 189, 135, 100, 170, 181, 181, 174, 187, 176, 178, 172, 100, 133, 174, 123, 174, 183, 173, 135, 100, 182, 170, 183, 178, 175, 174, 188, 189, 170, 189, 178, 184, 183, 188, 119, 100, 100, 102, 0, 0, 0, 0, 0, 0, 0, 0, 0, 0, 0, 0, 0, 0, 0, 0, 0, 0, 0, 0, 0]
2022-06-01 20:53:24,531 - INFO - preprocess.py - convert_bert_example - 98 - attention_masks: [1, 1, 1, 1, 1, 1, 1, 1, 1, 1, 1, 1, 1, 1, 1, 1, 1, 1, 1, 1, 1, 1, 1, 1, 1, 1, 1, 1, 1, 1, 1, 1, 1, 1, 1, 1, 1, 1, 1, 1, 1, 1, 1, 1, 1, 1, 1, 1, 1, 1, 1, 1, 1, 1, 1, 1, 1, 1, 1, 1, 1, 1, 1, 1, 1, 1, 1, 1, 1, 1, 1, 1, 1, 1, 1, 1, 1, 1, 1, 1, 1, 1, 1, 1, 1, 1, 1, 1, 1, 1, 1, 1, 1, 1, 1, 1, 1, 1, 1, 1, 1, 1, 1, 1, 1, 1, 1, 0, 0, 0, 0, 0, 0, 0, 0, 0, 0, 0, 0, 0, 0, 0, 0, 0, 0, 0, 0, 0]
2022-06-01 20:53:24,531 - INFO - preprocess.py - convert_bert_example - 99 - token_type_ids: [0, 0, 0, 0, 0, 0, 0, 0, 0, 0, 0, 0, 0, 0, 0, 0, 0, 0, 0, 0, 0, 0, 0, 0, 0, 0, 0, 0, 0, 0, 0, 0, 0, 0, 0, 0, 0, 0, 0, 0, 0, 0, 0, 0, 0, 0, 0, 0, 0, 0, 0, 0, 0, 0, 0, 0, 0, 0, 0, 0, 0, 0, 0, 0, 0, 0, 0, 0, 0, 0, 0, 0, 0, 0, 0, 0, 0, 0, 0, 0, 0, 0, 0, 0, 0, 0, 0, 0, 0, 0, 0, 0, 0, 0, 0, 0, 0, 0, 0, 0, 0, 0, 0, 0, 0, 0, 0, 0, 0, 0, 0, 0, 0, 0, 0, 0, 0, 0, 0, 0, 0, 0, 0, 0, 0, 0, 0, 0]
2022-06-01 20:53:24,531 - INFO - preprocess.py - convert_bert_example - 100 - labels: 1
2022-06-01 20:53:24,531 - INFO - preprocess.py - convert_bert_example - 101 - ids：[23, 46, 62, 88]
2022-06-01 20:53:24,531 - INFO - preprocess.py - convert_bert_example - 95 - *** test_example-4 ***
2022-06-01 20:53:24,531 - INFO - preprocess.py - convert_bert_example - 96 - text: [CLS] C o m p o n e n t s [UNK] o f [UNK] < e 1 s t a r t > [UNK] o l i v e [UNK] < e 1 e n d > [UNK] o i l [UNK] a n d [UNK] c h e m o p r e v e n t i o n [UNK] o f [UNK] < e 2 s t a r t > [UNK] c o l o r e c t a l [UNK] c a n c e r [UNK] < e 2 e n d >. [UNK] [UNK] [SEP]
2022-06-01 20:53:24,531 - INFO - preprocess.py - convert_bert_example - 97 - token_ids: [101, 140, 184, 182, 185, 184, 183, 174, 183, 189, 188, 100, 184, 175, 100, 133, 174, 122, 188, 189, 170, 187, 189, 135, 100, 184, 181, 178, 191, 174, 100, 133, 174, 122, 174, 183, 173, 135, 100, 184, 178, 181, 100, 170, 183, 173, 100, 172, 177, 174, 182, 184, 185, 187, 174, 191, 174, 183, 189, 178, 184, 183, 100, 184, 175, 100, 133, 174, 123, 188, 189, 170, 187, 189, 135, 100, 172, 184, 181, 184, 187, 174, 172, 189, 170, 181, 100, 172, 170, 183, 172, 174, 187, 100, 133, 174, 123, 174, 183, 173, 135, 119, 100, 100, 102, 0, 0, 0, 0, 0, 0, 0, 0, 0, 0, 0, 0, 0, 0, 0, 0, 0, 0, 0, 0, 0, 0, 0]
2022-06-01 20:53:24,531 - INFO - preprocess.py - convert_bert_example - 98 - attention_masks: [1, 1, 1, 1, 1, 1, 1, 1, 1, 1, 1, 1, 1, 1, 1, 1, 1, 1, 1, 1, 1, 1, 1, 1, 1, 1, 1, 1, 1, 1, 1, 1, 1, 1, 1, 1, 1, 1, 1, 1, 1, 1, 1, 1, 1, 1, 1, 1, 1, 1, 1, 1, 1, 1, 1, 1, 1, 1, 1, 1, 1, 1, 1, 1, 1, 1, 1, 1, 1, 1, 1, 1, 1, 1, 1, 1, 1, 1, 1, 1, 1, 1, 1, 1, 1, 1, 1, 1, 1, 1, 1, 1, 1, 1, 1, 1, 1, 1, 1, 1, 1, 1, 1, 1, 1, 0, 0, 0, 0, 0, 0, 0, 0, 0, 0, 0, 0, 0, 0, 0, 0, 0, 0, 0, 0, 0, 0, 0]
2022-06-01 20:53:24,531 - INFO - preprocess.py - convert_bert_example - 99 - token_type_ids: [0, 0, 0, 0, 0, 0, 0, 0, 0, 0, 0, 0, 0, 0, 0, 0, 0, 0, 0, 0, 0, 0, 0, 0, 0, 0, 0, 0, 0, 0, 0, 0, 0, 0, 0, 0, 0, 0, 0, 0, 0, 0, 0, 0, 0, 0, 0, 0, 0, 0, 0, 0, 0, 0, 0, 0, 0, 0, 0, 0, 0, 0, 0, 0, 0, 0, 0, 0, 0, 0, 0, 0, 0, 0, 0, 0, 0, 0, 0, 0, 0, 0, 0, 0, 0, 0, 0, 0, 0, 0, 0, 0, 0, 0, 0, 0, 0, 0, 0, 0, 0, 0, 0, 0, 0, 0, 0, 0, 0, 0, 0, 0, 0, 0, 0, 0, 0, 0, 0, 0, 0, 0, 0, 0, 0, 0, 0, 0]
2022-06-01 20:53:24,531 - INFO - preprocess.py - convert_bert_example - 100 - labels: 0
2022-06-01 20:53:24,531 - INFO - preprocess.py - convert_bert_example - 101 - ids：[15, 38, 66, 101]
2022-06-01 20:53:24,531 - INFO - preprocess.py - convert_bert_example - 95 - *** test_example-5 ***
2022-06-01 20:53:24,531 - INFO - preprocess.py - convert_bert_example - 96 - text: [CLS] I t [UNK] i s [UNK] u n l i k e l y [UNK] t h a t [UNK] < e 1 s t a r t > [UNK] g a r l i c [UNK] < e 1 e n d > [UNK] i s [UNK] u s e f u l [UNK] i n [UNK] p r e v e n t i n g [UNK] < e 2 s t a r t > [UNK] c a r d i o v a s c u l a r [UNK] d i s e a s e [UNK] < e 2 e n d >. [UNK] [UNK] [SEP]
2022-06-01 20:53:24,531 - INFO - preprocess.py - convert_bert_example - 97 - token_ids: [101, 146, 189, 100, 178, 188, 100, 190, 183, 181, 178, 180, 174, 181, 194, 100, 189, 177, 170, 189, 100, 133, 174, 122, 188, 189, 170, 187, 189, 135, 100, 176, 170, 187, 181, 178, 172, 100, 133, 174, 122, 174, 183, 173, 135, 100, 178, 188, 100, 190, 188, 174, 175, 190, 181, 100, 178, 183, 100, 185, 187, 174, 191, 174, 183, 189, 178, 183, 176, 100, 133, 174, 123, 188, 189, 170, 187, 189, 135, 100, 172, 170, 187, 173, 178, 184, 191, 170, 188, 172, 190, 181, 170, 187, 100, 173, 178, 188, 174, 170, 188, 174, 100, 133, 174, 123, 174, 183, 173, 135, 119, 100, 100, 102, 0, 0, 0, 0, 0, 0, 0, 0, 0, 0, 0, 0, 0, 0]
2022-06-01 20:53:24,531 - INFO - preprocess.py - convert_bert_example - 98 - attention_masks: [1, 1, 1, 1, 1, 1, 1, 1, 1, 1, 1, 1, 1, 1, 1, 1, 1, 1, 1, 1, 1, 1, 1, 1, 1, 1, 1, 1, 1, 1, 1, 1, 1, 1, 1, 1, 1, 1, 1, 1, 1, 1, 1, 1, 1, 1, 1, 1, 1, 1, 1, 1, 1, 1, 1, 1, 1, 1, 1, 1, 1, 1, 1, 1, 1, 1, 1, 1, 1, 1, 1, 1, 1, 1, 1, 1, 1, 1, 1, 1, 1, 1, 1, 1, 1, 1, 1, 1, 1, 1, 1, 1, 1, 1, 1, 1, 1, 1, 1, 1, 1, 1, 1, 1, 1, 1, 1, 1, 1, 1, 1, 1, 1, 1, 0, 0, 0, 0, 0, 0, 0, 0, 0, 0, 0, 0, 0, 0]
2022-06-01 20:53:24,531 - INFO - preprocess.py - convert_bert_example - 99 - token_type_ids: [0, 0, 0, 0, 0, 0, 0, 0, 0, 0, 0, 0, 0, 0, 0, 0, 0, 0, 0, 0, 0, 0, 0, 0, 0, 0, 0, 0, 0, 0, 0, 0, 0, 0, 0, 0, 0, 0, 0, 0, 0, 0, 0, 0, 0, 0, 0, 0, 0, 0, 0, 0, 0, 0, 0, 0, 0, 0, 0, 0, 0, 0, 0, 0, 0, 0, 0, 0, 0, 0, 0, 0, 0, 0, 0, 0, 0, 0, 0, 0, 0, 0, 0, 0, 0, 0, 0, 0, 0, 0, 0, 0, 0, 0, 0, 0, 0, 0, 0, 0, 0, 0, 0, 0, 0, 0, 0, 0, 0, 0, 0, 0, 0, 0, 0, 0, 0, 0, 0, 0, 0, 0, 0, 0, 0, 0, 0, 0]
2022-06-01 20:53:24,531 - INFO - preprocess.py - convert_bert_example - 100 - labels: 0
2022-06-01 20:53:24,531 - INFO - preprocess.py - convert_bert_example - 101 - ids：[21, 45, 70, 110]
2022-06-01 20:53:24,547 - INFO - preprocess.py - convert_examples_to_features - 134 - Build 11 features
